mode: atomic
github.com/MamangRust/monolith-payment-gateway-test/test_setup.go:28.43,42.16 3 0
github.com/MamangRust/monolith-payment-gateway-test/test_setup.go:42.16,44.3 1 0
github.com/MamangRust/monolith-payment-gateway-test/test_setup.go:46.2,47.16 2 0
github.com/MamangRust/monolith-payment-gateway-test/test_setup.go:47.16,49.3 1 0
github.com/MamangRust/monolith-payment-gateway-test/test_setup.go:52.2,53.16 2 0
github.com/MamangRust/monolith-payment-gateway-test/test_setup.go:53.16,55.3 1 0
github.com/MamangRust/monolith-payment-gateway-test/test_setup.go:57.2,58.16 2 0
github.com/MamangRust/monolith-payment-gateway-test/test_setup.go:58.16,60.3 1 0
github.com/MamangRust/monolith-payment-gateway-test/test_setup.go:62.2,72.16 3 0
github.com/MamangRust/monolith-payment-gateway-test/test_setup.go:72.16,74.3 1 0
github.com/MamangRust/monolith-payment-gateway-test/test_setup.go:76.2,77.6 2 0
github.com/MamangRust/monolith-payment-gateway-test/test_setup.go:77.6,78.69 1 0
github.com/MamangRust/monolith-payment-gateway-test/test_setup.go:78.69,79.9 1 0
github.com/MamangRust/monolith-payment-gateway-test/test_setup.go:81.3,82.21 2 0
github.com/MamangRust/monolith-payment-gateway-test/test_setup.go:82.21,84.4 1 0
github.com/MamangRust/monolith-payment-gateway-test/test_setup.go:85.3,85.16 1 0
github.com/MamangRust/monolith-payment-gateway-test/test_setup.go:88.2,89.56 2 0
github.com/MamangRust/monolith-payment-gateway-test/test_setup.go:89.56,92.3 2 0
github.com/MamangRust/monolith-payment-gateway-test/test_setup.go:94.2,94.16 1 0
github.com/MamangRust/monolith-payment-gateway-test/test_setup.go:97.64,99.16 2 0
github.com/MamangRust/monolith-payment-gateway-test/test_setup.go:99.16,101.3 1 0
github.com/MamangRust/monolith-payment-gateway-test/test_setup.go:102.2,104.52 2 0
github.com/MamangRust/monolith-payment-gateway-test/test_setup.go:104.52,106.3 1 0
github.com/MamangRust/monolith-payment-gateway-test/test_setup.go:108.2,108.12 1 0
github.com/MamangRust/monolith-payment-gateway-test/test_setup.go:111.33,112.27 1 0
github.com/MamangRust/monolith-payment-gateway-test/test_setup.go:112.27,113.58 1 0
github.com/MamangRust/monolith-payment-gateway-test/test_setup.go:113.58,115.4 1 0
github.com/MamangRust/monolith-payment-gateway-test/test_setup.go:117.2,117.30 1 0
github.com/MamangRust/monolith-payment-gateway-test/test_setup.go:117.30,118.61 1 0
github.com/MamangRust/monolith-payment-gateway-test/test_setup.go:118.61,120.4 1 0
