mode: atomic
github.com/MamangRust/monolith-payment-gateway-pkg/adapter/card_grpc.go:18.124,23.2 1 0
github.com/MamangRust/monolith-payment-gateway-pkg/adapter/card_grpc.go:25.108,29.16 2 0
github.com/MamangRust/monolith-payment-gateway-pkg/adapter/card_grpc.go:29.16,31.3 1 0
github.com/MamangRust/monolith-payment-gateway-pkg/adapter/card_grpc.go:33.2,42.8 1 0
github.com/MamangRust/monolith-payment-gateway-pkg/adapter/card_grpc.go:45.121,49.16 2 0
github.com/MamangRust/monolith-payment-gateway-pkg/adapter/card_grpc.go:49.16,51.3 1 0
github.com/MamangRust/monolith-payment-gateway-pkg/adapter/card_grpc.go:53.2,62.8 1 0
github.com/MamangRust/monolith-payment-gateway-pkg/adapter/card_grpc.go:65.119,69.16 2 0
github.com/MamangRust/monolith-payment-gateway-pkg/adapter/card_grpc.go:69.16,71.3 1 0
github.com/MamangRust/monolith-payment-gateway-pkg/adapter/card_grpc.go:73.2,82.8 1 0
github.com/MamangRust/monolith-payment-gateway-pkg/adapter/card_grpc.go:85.123,95.16 2 0
github.com/MamangRust/monolith-payment-gateway-pkg/adapter/card_grpc.go:95.16,97.3 1 0
github.com/MamangRust/monolith-payment-gateway-pkg/adapter/card_grpc.go:99.2,107.8 1 0
github.com/MamangRust/monolith-payment-gateway-pkg/adapter/card_grpc.go:110.120,116.16 2 0
github.com/MamangRust/monolith-payment-gateway-pkg/adapter/card_grpc.go:116.16,118.3 1 0
github.com/MamangRust/monolith-payment-gateway-pkg/adapter/card_grpc.go:120.2,132.8 1 0
github.com/MamangRust/monolith-payment-gateway-pkg/adapter/card_grpc.go:135.154,137.2 1 0
github.com/MamangRust/monolith-payment-gateway-pkg/adapter/card_grpc.go:139.125,144.16 2 0
github.com/MamangRust/monolith-payment-gateway-pkg/adapter/card_grpc.go:144.16,146.3 1 0
github.com/MamangRust/monolith-payment-gateway-pkg/adapter/card_grpc.go:148.2,160.8 1 0
github.com/MamangRust/monolith-payment-gateway-pkg/adapter/card_grpc.go:163.37,164.14 1 0
github.com/MamangRust/monolith-payment-gateway-pkg/adapter/card_grpc.go:164.14,166.3 1 0
github.com/MamangRust/monolith-payment-gateway-pkg/adapter/card_grpc.go:167.2,168.16 2 0
github.com/MamangRust/monolith-payment-gateway-pkg/adapter/card_grpc.go:168.16,170.3 1 0
github.com/MamangRust/monolith-payment-gateway-pkg/adapter/card_grpc.go:171.2,171.10 1 0
github.com/MamangRust/monolith-payment-gateway-pkg/adapter/merchant_grpc.go:14.93,18.2 1 0
github.com/MamangRust/monolith-payment-gateway-pkg/adapter/merchant_grpc.go:20.115,24.16 2 0
github.com/MamangRust/monolith-payment-gateway-pkg/adapter/merchant_grpc.go:24.16,26.3 1 0
github.com/MamangRust/monolith-payment-gateway-pkg/adapter/merchant_grpc.go:28.2,34.8 1 0
github.com/MamangRust/monolith-payment-gateway-pkg/adapter/saldo_grpc.go:18.130,23.2 1 0
github.com/MamangRust/monolith-payment-gateway-pkg/adapter/saldo_grpc.go:25.105,29.16 2 0
github.com/MamangRust/monolith-payment-gateway-pkg/adapter/saldo_grpc.go:29.16,31.3 1 0
github.com/MamangRust/monolith-payment-gateway-pkg/adapter/saldo_grpc.go:33.2,33.48 1 0
github.com/MamangRust/monolith-payment-gateway-pkg/adapter/saldo_grpc.go:36.141,41.16 2 0
github.com/MamangRust/monolith-payment-gateway-pkg/adapter/saldo_grpc.go:41.16,43.3 1 0
github.com/MamangRust/monolith-payment-gateway-pkg/adapter/saldo_grpc.go:45.2,49.8 1 0
github.com/MamangRust/monolith-payment-gateway-pkg/adapter/saldo_grpc.go:52.144,54.33 2 0
github.com/MamangRust/monolith-payment-gateway-pkg/adapter/saldo_grpc.go:54.33,56.3 1 0
github.com/MamangRust/monolith-payment-gateway-pkg/adapter/saldo_grpc.go:58.2,59.35 2 0
github.com/MamangRust/monolith-payment-gateway-pkg/adapter/saldo_grpc.go:59.35,61.3 1 0
github.com/MamangRust/monolith-payment-gateway-pkg/adapter/saldo_grpc.go:63.2,69.16 2 0
github.com/MamangRust/monolith-payment-gateway-pkg/adapter/saldo_grpc.go:69.16,71.3 1 0
github.com/MamangRust/monolith-payment-gateway-pkg/adapter/saldo_grpc.go:73.2,81.8 1 0
github.com/MamangRust/monolith-payment-gateway-pkg/adapter/saldo_grpc.go:84.70,85.14 1 0
github.com/MamangRust/monolith-payment-gateway-pkg/adapter/saldo_grpc.go:85.14,87.3 1 0
github.com/MamangRust/monolith-payment-gateway-pkg/adapter/saldo_grpc.go:89.2,95.27 2 0
github.com/MamangRust/monolith-payment-gateway-pkg/adapter/saldo_grpc.go:95.27,98.3 2 0
github.com/MamangRust/monolith-payment-gateway-pkg/adapter/saldo_grpc.go:100.2,104.14 4 0
github.com/MamangRust/monolith-payment-gateway-pkg/adapter/saldo_grpc.go:107.41,108.14 1 0
github.com/MamangRust/monolith-payment-gateway-pkg/adapter/saldo_grpc.go:108.14,110.3 1 0
github.com/MamangRust/monolith-payment-gateway-pkg/adapter/saldo_grpc.go:111.2,112.16 2 0
github.com/MamangRust/monolith-payment-gateway-pkg/adapter/saldo_grpc.go:112.16,114.3 1 0
github.com/MamangRust/monolith-payment-gateway-pkg/adapter/saldo_grpc.go:115.2,115.11 1 0
github.com/MamangRust/monolith-payment-gateway-pkg/api-key/apikey.go:10.39,13.16 3 1
github.com/MamangRust/monolith-payment-gateway-pkg/api-key/apikey.go:13.16,15.3 1 0
github.com/MamangRust/monolith-payment-gateway-pkg/api-key/apikey.go:16.2,16.37 1 1
github.com/MamangRust/monolith-payment-gateway-pkg/auth/token.go:29.53,30.21 1 4
github.com/MamangRust/monolith-payment-gateway-pkg/auth/token.go:30.21,32.3 1 0
github.com/MamangRust/monolith-payment-gateway-pkg/auth/token.go:33.2,33.52 1 4
github.com/MamangRust/monolith-payment-gateway-pkg/auth/token.go:44.78,55.2 4 2
github.com/MamangRust/monolith-payment-gateway-pkg/auth/token.go:61.69,62.89 1 3
github.com/MamangRust/monolith-payment-gateway-pkg/auth/token.go:62.89,63.58 1 2
github.com/MamangRust/monolith-payment-gateway-pkg/auth/token.go:63.58,65.4 1 0
github.com/MamangRust/monolith-payment-gateway-pkg/auth/token.go:67.3,67.34 1 2
github.com/MamangRust/monolith-payment-gateway-pkg/auth/token.go:70.2,70.16 1 3
github.com/MamangRust/monolith-payment-gateway-pkg/auth/token.go:70.16,71.42 1 2
github.com/MamangRust/monolith-payment-gateway-pkg/auth/token.go:71.42,73.4 1 1
github.com/MamangRust/monolith-payment-gateway-pkg/auth/token.go:74.3,74.58 1 1
github.com/MamangRust/monolith-payment-gateway-pkg/auth/token.go:77.2,78.9 2 1
github.com/MamangRust/monolith-payment-gateway-pkg/auth/token.go:78.9,80.3 1 0
github.com/MamangRust/monolith-payment-gateway-pkg/auth/token.go:82.2,82.36 1 1
github.com/MamangRust/monolith-payment-gateway-pkg/database/gormerr/errors.go:11.39,13.2 1 0
github.com/MamangRust/monolith-payment-gateway-pkg/database/gormerr/errors.go:17.37,18.16 1 0
github.com/MamangRust/monolith-payment-gateway-pkg/database/gormerr/errors.go:18.16,20.3 1 0
github.com/MamangRust/monolith-payment-gateway-pkg/database/gormerr/errors.go:21.2,21.46 1 0
github.com/MamangRust/monolith-payment-gateway-pkg/auth/mocks/token.go:31.69,35.2 3 0
github.com/MamangRust/monolith-payment-gateway-pkg/auth/mocks/token.go:38.67,40.2 1 0
github.com/MamangRust/monolith-payment-gateway-pkg/auth/mocks/token.go:43.87,49.2 5 0
github.com/MamangRust/monolith-payment-gateway-pkg/auth/mocks/token.go:52.90,55.2 2 0
github.com/MamangRust/monolith-payment-gateway-pkg/auth/mocks/token.go:58.78,64.2 5 0
github.com/MamangRust/monolith-payment-gateway-pkg/auth/mocks/token.go:67.85,70.2 2 0
github.com/MamangRust/monolith-payment-gateway-pkg/database/gorm.go:17.69,19.46 2 0
github.com/MamangRust/monolith-payment-gateway-pkg/database/gorm.go:19.46,22.3 2 0
github.com/MamangRust/monolith-payment-gateway-pkg/database/gorm.go:24.2,34.23 3 0
github.com/MamangRust/monolith-payment-gateway-pkg/database/gorm.go:34.23,36.3 1 0
github.com/MamangRust/monolith-payment-gateway-pkg/database/gorm.go:38.2,39.23 2 0
github.com/MamangRust/monolith-payment-gateway-pkg/database/gorm.go:39.23,41.3 1 0
github.com/MamangRust/monolith-payment-gateway-pkg/database/gorm.go:43.2,44.26 2 0
github.com/MamangRust/monolith-payment-gateway-pkg/database/gorm.go:44.26,46.3 1 0
github.com/MamangRust/monolith-payment-gateway-pkg/database/gorm.go:48.2,49.26 2 0
github.com/MamangRust/monolith-payment-gateway-pkg/database/gorm.go:49.26,51.3 1 0
github.com/MamangRust/monolith-payment-gateway-pkg/database/gorm.go:53.2,56.16 2 0
github.com/MamangRust/monolith-payment-gateway-pkg/database/gorm.go:56.16,59.3 2 0
github.com/MamangRust/monolith-payment-gateway-pkg/database/gorm.go:61.2,62.16 2 0
github.com/MamangRust/monolith-payment-gateway-pkg/database/gorm.go:62.16,65.3 2 0
github.com/MamangRust/monolith-payment-gateway-pkg/database/gorm.go:67.2,72.37 5 0
github.com/MamangRust/monolith-payment-gateway-pkg/database/gorm.go:72.37,75.3 2 0
github.com/MamangRust/monolith-payment-gateway-pkg/database/gorm.go:77.2,84.20 2 0
github.com/MamangRust/monolith-payment-gateway-pkg/database/gormtx/tx.go:14.82,15.65 1 0
github.com/MamangRust/monolith-payment-gateway-pkg/database/gormtx/tx.go:15.65,16.32 1 0
github.com/MamangRust/monolith-payment-gateway-pkg/database/gormtx/tx.go:16.32,18.4 1 0
github.com/MamangRust/monolith-payment-gateway-pkg/database/gormtx/tx.go:19.3,19.13 1 0
github.com/MamangRust/monolith-payment-gateway-pkg/date/date.go:11.37,16.2 4 1
github.com/MamangRust/monolith-payment-gateway-pkg/database/models/models.go:24.32,24.50 1 0
github.com/MamangRust/monolith-payment-gateway-pkg/database/models/models.go:35.32,35.50 1 0
github.com/MamangRust/monolith-payment-gateway-pkg/database/models/models.go:47.36,47.59 1 0
github.com/MamangRust/monolith-payment-gateway-pkg/database/models/models.go:68.32,68.50 1 0
github.com/MamangRust/monolith-payment-gateway-pkg/database/models/models.go:84.36,84.58 1 0
github.com/MamangRust/monolith-payment-gateway-pkg/database/models/models.go:101.44,101.75 1 0
github.com/MamangRust/monolith-payment-gateway-pkg/database/models/models.go:115.33,115.52 1 0
github.com/MamangRust/monolith-payment-gateway-pkg/database/models/models.go:132.33,132.52 1 0
github.com/MamangRust/monolith-payment-gateway-pkg/database/models/models.go:151.39,151.64 1 0
github.com/MamangRust/monolith-payment-gateway-pkg/database/models/models.go:168.36,168.58 1 0
github.com/MamangRust/monolith-payment-gateway-pkg/database/models/models.go:184.36,184.58 1 0
github.com/MamangRust/monolith-payment-gateway-pkg/database/models/models.go:197.40,197.67 1 0
github.com/MamangRust/monolith-payment-gateway-pkg/database/models/models.go:207.38,207.63 1 0
github.com/MamangRust/monolith-payment-gateway-pkg/database/models/models.go:222.40,222.67 1 0
github.com/MamangRust/monolith-payment-gateway-pkg/database/models/models.go:241.47,241.82 1 0
github.com/MamangRust/monolith-payment-gateway-pkg/database/models/models.go:257.39,257.65 1 0
github.com/MamangRust/monolith-payment-gateway-pkg/database/models/models.go:272.38,272.63 1 0
github.com/MamangRust/monolith-payment-gateway-pkg/database/models/models.go:292.39,292.65 1 0
github.com/MamangRust/monolith-payment-gateway-pkg/database/models/models.go:312.41,312.68 1 0
github.com/MamangRust/monolith-payment-gateway-pkg/database/models/models.go:325.40,325.68 1 0
github.com/MamangRust/monolith-payment-gateway-pkg/database/seeder/card.go:25.97,31.2 1 0
github.com/MamangRust/monolith-payment-gateway-pkg/database/seeder/card.go:40.35,49.34 7 0
github.com/MamangRust/monolith-payment-gateway-pkg/database/seeder/card.go:49.34,51.17 2 0
github.com/MamangRust/monolith-payment-gateway-pkg/database/seeder/card.go:51.17,54.4 2 0
github.com/MamangRust/monolith-payment-gateway-pkg/database/seeder/card.go:55.3,55.30 1 0
github.com/MamangRust/monolith-payment-gateway-pkg/database/seeder/card.go:58.2,58.34 1 0
github.com/MamangRust/monolith-payment-gateway-pkg/database/seeder/card.go:58.34,68.68 2 0
github.com/MamangRust/monolith-payment-gateway-pkg/database/seeder/card.go:68.68,71.4 2 0
github.com/MamangRust/monolith-payment-gateway-pkg/database/seeder/card.go:73.3,73.23 1 0
github.com/MamangRust/monolith-payment-gateway-pkg/database/seeder/card.go:73.23,77.50 2 0
github.com/MamangRust/monolith-payment-gateway-pkg/database/seeder/card.go:77.50,80.5 2 0
github.com/MamangRust/monolith-payment-gateway-pkg/database/seeder/card.go:84.2,85.12 2 0
github.com/MamangRust/monolith-payment-gateway-pkg/database/seeder/merchant.go:32.105,38.2 1 0
github.com/MamangRust/monolith-payment-gateway-pkg/database/seeder/merchant.go:47.39,55.38 6 0
github.com/MamangRust/monolith-payment-gateway-pkg/database/seeder/merchant.go:55.38,68.72 6 0
github.com/MamangRust/monolith-payment-gateway-pkg/database/seeder/merchant.go:68.72,71.4 2 0
github.com/MamangRust/monolith-payment-gateway-pkg/database/seeder/merchant.go:73.3,74.26 2 0
github.com/MamangRust/monolith-payment-gateway-pkg/database/seeder/merchant.go:74.26,76.4 1 0
github.com/MamangRust/monolith-payment-gateway-pkg/database/seeder/merchant.go:76.9,78.4 1 0
github.com/MamangRust/monolith-payment-gateway-pkg/database/seeder/merchant.go:80.3,82.47 1 0
github.com/MamangRust/monolith-payment-gateway-pkg/database/seeder/merchant.go:82.47,85.4 2 0
github.com/MamangRust/monolith-payment-gateway-pkg/database/seeder/merchant.go:87.3,87.27 1 0
github.com/MamangRust/monolith-payment-gateway-pkg/database/seeder/merchant.go:87.27,91.50 2 0
github.com/MamangRust/monolith-payment-gateway-pkg/database/seeder/merchant.go:91.50,94.5 2 0
github.com/MamangRust/monolith-payment-gateway-pkg/database/seeder/merchant.go:98.2,103.12 2 0
github.com/MamangRust/monolith-payment-gateway-pkg/database/seeder/role.go:30.97,36.2 1 0
github.com/MamangRust/monolith-payment-gateway-pkg/database/seeder/role.go:58.35,74.39 3 0
github.com/MamangRust/monolith-payment-gateway-pkg/database/seeder/role.go:74.39,76.17 2 0
github.com/MamangRust/monolith-payment-gateway-pkg/database/seeder/role.go:76.17,79.4 2 0
github.com/MamangRust/monolith-payment-gateway-pkg/database/seeder/role.go:82.2,83.12 2 0
github.com/MamangRust/monolith-payment-gateway-pkg/database/seeder/saldo.go:33.99,39.2 1 0
github.com/MamangRust/monolith-payment-gateway-pkg/database/seeder/saldo.go:51.36,57.36 5 0
github.com/MamangRust/monolith-payment-gateway-pkg/database/seeder/saldo.go:57.36,60.17 3 0
github.com/MamangRust/monolith-payment-gateway-pkg/database/seeder/saldo.go:60.17,61.46 1 0
github.com/MamangRust/monolith-payment-gateway-pkg/database/seeder/saldo.go:61.46,63.13 2 0
github.com/MamangRust/monolith-payment-gateway-pkg/database/seeder/saldo.go:65.4,66.67 2 0
github.com/MamangRust/monolith-payment-gateway-pkg/database/seeder/saldo.go:68.3,68.30 1 0
github.com/MamangRust/monolith-payment-gateway-pkg/database/seeder/saldo.go:71.2,71.30 1 0
github.com/MamangRust/monolith-payment-gateway-pkg/database/seeder/saldo.go:71.30,74.3 2 0
github.com/MamangRust/monolith-payment-gateway-pkg/database/seeder/saldo.go:76.2,76.29 1 0
github.com/MamangRust/monolith-payment-gateway-pkg/database/seeder/saldo.go:76.29,82.69 2 0
github.com/MamangRust/monolith-payment-gateway-pkg/database/seeder/saldo.go:82.69,85.4 2 0
github.com/MamangRust/monolith-payment-gateway-pkg/database/seeder/saldo.go:87.3,87.24 1 0
github.com/MamangRust/monolith-payment-gateway-pkg/database/seeder/saldo.go:87.24,91.50 2 0
github.com/MamangRust/monolith-payment-gateway-pkg/database/seeder/saldo.go:91.50,94.5 2 0
github.com/MamangRust/monolith-payment-gateway-pkg/database/seeder/saldo.go:98.2,103.12 2 0
github.com/MamangRust/monolith-payment-gateway-pkg/database/seeder/seed.go:49.35,61.2 1 0
github.com/MamangRust/monolith-payment-gateway-pkg/database/seeder/seed.go:82.30,83.62 1 0
github.com/MamangRust/monolith-payment-gateway-pkg/database/seeder/seed.go:83.62,85.3 1 0
github.com/MamangRust/monolith-payment-gateway-pkg/database/seeder/seed.go:87.2,87.62 1 0
github.com/MamangRust/monolith-payment-gateway-pkg/database/seeder/seed.go:87.62,89.3 1 0
github.com/MamangRust/monolith-payment-gateway-pkg/database/seeder/seed.go:91.2,91.62 1 0
github.com/MamangRust/monolith-payment-gateway-pkg/database/seeder/seed.go:91.62,93.3 1 0
github.com/MamangRust/monolith-payment-gateway-pkg/database/seeder/seed.go:95.2,95.63 1 0
github.com/MamangRust/monolith-payment-gateway-pkg/database/seeder/seed.go:95.63,97.3 1 0
github.com/MamangRust/monolith-payment-gateway-pkg/database/seeder/seed.go:99.2,99.64 1 0
github.com/MamangRust/monolith-payment-gateway-pkg/database/seeder/seed.go:99.64,101.3 1 0
github.com/MamangRust/monolith-payment-gateway-pkg/database/seeder/seed.go:103.2,103.72 1 0
github.com/MamangRust/monolith-payment-gateway-pkg/database/seeder/seed.go:103.72,105.3 1 0
github.com/MamangRust/monolith-payment-gateway-pkg/database/seeder/seed.go:107.2,107.70 1 0
github.com/MamangRust/monolith-payment-gateway-pkg/database/seeder/seed.go:107.70,109.3 1 0
github.com/MamangRust/monolith-payment-gateway-pkg/database/seeder/seed.go:111.2,111.70 1 0
github.com/MamangRust/monolith-payment-gateway-pkg/database/seeder/seed.go:111.70,113.3 1 0
github.com/MamangRust/monolith-payment-gateway-pkg/database/seeder/seed.go:115.2,115.76 1 0
github.com/MamangRust/monolith-payment-gateway-pkg/database/seeder/seed.go:115.76,117.3 1 0
github.com/MamangRust/monolith-payment-gateway-pkg/database/seeder/seed.go:119.2,119.12 1 0
github.com/MamangRust/monolith-payment-gateway-pkg/database/seeder/seed.go:136.80,137.35 1 0
github.com/MamangRust/monolith-payment-gateway-pkg/database/seeder/seed.go:137.35,139.3 1 0
github.com/MamangRust/monolith-payment-gateway-pkg/database/seeder/seed.go:141.2,142.12 2 0
github.com/MamangRust/monolith-payment-gateway-pkg/database/seeder/topup.go:33.99,39.2 1 0
github.com/MamangRust/monolith-payment-gateway-pkg/database/seeder/topup.go:52.36,59.36 5 0
github.com/MamangRust/monolith-payment-gateway-pkg/database/seeder/topup.go:59.36,62.17 3 0
github.com/MamangRust/monolith-payment-gateway-pkg/database/seeder/topup.go:62.17,63.46 1 0
github.com/MamangRust/monolith-payment-gateway-pkg/database/seeder/topup.go:63.46,65.13 2 0
github.com/MamangRust/monolith-payment-gateway-pkg/database/seeder/topup.go:67.4,68.67 2 0
github.com/MamangRust/monolith-payment-gateway-pkg/database/seeder/topup.go:70.3,70.30 1 0
github.com/MamangRust/monolith-payment-gateway-pkg/database/seeder/topup.go:73.2,73.30 1 0
github.com/MamangRust/monolith-payment-gateway-pkg/database/seeder/topup.go:73.30,76.3 2 0
github.com/MamangRust/monolith-payment-gateway-pkg/database/seeder/topup.go:78.2,83.26 5 0
github.com/MamangRust/monolith-payment-gateway-pkg/database/seeder/topup.go:83.26,85.3 1 0
github.com/MamangRust/monolith-payment-gateway-pkg/database/seeder/topup.go:87.2,87.35 1 0
github.com/MamangRust/monolith-payment-gateway-pkg/database/seeder/topup.go:87.35,101.69 6 0
github.com/MamangRust/monolith-payment-gateway-pkg/database/seeder/topup.go:101.69,104.4 2 0
github.com/MamangRust/monolith-payment-gateway-pkg/database/seeder/topup.go:106.3,109.47 2 0
github.com/MamangRust/monolith-payment-gateway-pkg/database/seeder/topup.go:109.47,112.4 2 0
github.com/MamangRust/monolith-payment-gateway-pkg/database/seeder/topup.go:114.3,114.24 1 0
github.com/MamangRust/monolith-payment-gateway-pkg/database/seeder/topup.go:114.24,118.50 2 0
github.com/MamangRust/monolith-payment-gateway-pkg/database/seeder/topup.go:118.50,121.5 2 0
github.com/MamangRust/monolith-payment-gateway-pkg/database/seeder/topup.go:125.2,126.12 2 0
github.com/MamangRust/monolith-payment-gateway-pkg/database/seeder/transaction.go:33.111,39.2 1 0
github.com/MamangRust/monolith-payment-gateway-pkg/database/seeder/transaction.go:52.42,61.30 7 0
github.com/MamangRust/monolith-payment-gateway-pkg/database/seeder/transaction.go:61.30,64.17 3 0
github.com/MamangRust/monolith-payment-gateway-pkg/database/seeder/transaction.go:64.17,65.46 1 0
github.com/MamangRust/monolith-payment-gateway-pkg/database/seeder/transaction.go:65.46,67.13 2 0
github.com/MamangRust/monolith-payment-gateway-pkg/database/seeder/transaction.go:69.4,70.67 2 0
github.com/MamangRust/monolith-payment-gateway-pkg/database/seeder/transaction.go:72.3,72.30 1 0
github.com/MamangRust/monolith-payment-gateway-pkg/database/seeder/transaction.go:75.2,75.24 1 0
github.com/MamangRust/monolith-payment-gateway-pkg/database/seeder/transaction.go:75.24,78.3 2 0
github.com/MamangRust/monolith-payment-gateway-pkg/database/seeder/transaction.go:80.2,81.84 2 0
github.com/MamangRust/monolith-payment-gateway-pkg/database/seeder/transaction.go:81.84,84.3 2 0
github.com/MamangRust/monolith-payment-gateway-pkg/database/seeder/transaction.go:86.2,86.28 1 0
github.com/MamangRust/monolith-payment-gateway-pkg/database/seeder/transaction.go:86.28,89.3 2 0
github.com/MamangRust/monolith-payment-gateway-pkg/database/seeder/transaction.go:91.2,93.26 3 0
github.com/MamangRust/monolith-payment-gateway-pkg/database/seeder/transaction.go:93.26,95.3 1 0
github.com/MamangRust/monolith-payment-gateway-pkg/database/seeder/transaction.go:97.2,97.29 1 0
github.com/MamangRust/monolith-payment-gateway-pkg/database/seeder/transaction.go:97.29,114.75 8 0
github.com/MamangRust/monolith-payment-gateway-pkg/database/seeder/transaction.go:114.75,117.4 2 0
github.com/MamangRust/monolith-payment-gateway-pkg/database/seeder/transaction.go:119.3,121.47 1 0
github.com/MamangRust/monolith-payment-gateway-pkg/database/seeder/transaction.go:121.47,124.4 2 0
github.com/MamangRust/monolith-payment-gateway-pkg/database/seeder/transaction.go:126.3,126.18 1 0
github.com/MamangRust/monolith-payment-gateway-pkg/database/seeder/transaction.go:126.18,130.50 2 0
github.com/MamangRust/monolith-payment-gateway-pkg/database/seeder/transaction.go:130.50,133.5 2 0
github.com/MamangRust/monolith-payment-gateway-pkg/database/seeder/transaction.go:137.2,138.12 2 0
github.com/MamangRust/monolith-payment-gateway-pkg/database/seeder/transfer.go:33.105,39.2 1 0
github.com/MamangRust/monolith-payment-gateway-pkg/database/seeder/transfer.go:53.39,59.30 5 0
github.com/MamangRust/monolith-payment-gateway-pkg/database/seeder/transfer.go:59.30,62.17 3 0
github.com/MamangRust/monolith-payment-gateway-pkg/database/seeder/transfer.go:62.17,63.47 1 0
github.com/MamangRust/monolith-payment-gateway-pkg/database/seeder/transfer.go:63.47,65.5 1 0
github.com/MamangRust/monolith-payment-gateway-pkg/database/seeder/transfer.go:66.4,66.12 1 0
github.com/MamangRust/monolith-payment-gateway-pkg/database/seeder/transfer.go:68.3,68.30 1 0
github.com/MamangRust/monolith-payment-gateway-pkg/database/seeder/transfer.go:71.2,71.20 1 0
github.com/MamangRust/monolith-payment-gateway-pkg/database/seeder/transfer.go:71.20,74.3 2 0
github.com/MamangRust/monolith-payment-gateway-pkg/database/seeder/transfer.go:76.2,80.26 4 0
github.com/MamangRust/monolith-payment-gateway-pkg/database/seeder/transfer.go:80.26,82.3 1 0
github.com/MamangRust/monolith-payment-gateway-pkg/database/seeder/transfer.go:84.2,84.29 1 0
github.com/MamangRust/monolith-payment-gateway-pkg/database/seeder/transfer.go:84.29,87.28 3 0
github.com/MamangRust/monolith-payment-gateway-pkg/database/seeder/transfer.go:87.28,89.4 1 0
github.com/MamangRust/monolith-payment-gateway-pkg/database/seeder/transfer.go:91.3,107.72 8 0
github.com/MamangRust/monolith-payment-gateway-pkg/database/seeder/transfer.go:107.72,110.4 2 0
github.com/MamangRust/monolith-payment-gateway-pkg/database/seeder/transfer.go:112.3,112.18 1 0
github.com/MamangRust/monolith-payment-gateway-pkg/database/seeder/transfer.go:112.18,116.50 2 0
github.com/MamangRust/monolith-payment-gateway-pkg/database/seeder/transfer.go:116.50,119.5 2 0
github.com/MamangRust/monolith-payment-gateway-pkg/database/seeder/transfer.go:123.2,128.12 2 0
github.com/MamangRust/monolith-payment-gateway-pkg/database/seeder/user.go:36.121,43.2 1 0
github.com/MamangRust/monolith-payment-gateway-pkg/database/seeder/user.go:57.35,75.35 5 0
github.com/MamangRust/monolith-payment-gateway-pkg/database/seeder/user.go:75.35,79.17 3 0
github.com/MamangRust/monolith-payment-gateway-pkg/database/seeder/user.go:79.17,82.4 2 0
github.com/MamangRust/monolith-payment-gateway-pkg/database/seeder/user.go:84.3,95.68 3 0
github.com/MamangRust/monolith-payment-gateway-pkg/database/seeder/user.go:95.68,98.4 2 0
github.com/MamangRust/monolith-payment-gateway-pkg/database/seeder/user.go:100.3,102.103 3 0
github.com/MamangRust/monolith-payment-gateway-pkg/database/seeder/user.go:102.103,105.4 2 0
github.com/MamangRust/monolith-payment-gateway-pkg/database/seeder/user.go:107.3,110.24 1 0
github.com/MamangRust/monolith-payment-gateway-pkg/database/seeder/user.go:110.24,113.4 2 0
github.com/MamangRust/monolith-payment-gateway-pkg/database/seeder/user.go:115.3,115.22 1 0
github.com/MamangRust/monolith-payment-gateway-pkg/database/seeder/user.go:115.22,119.50 2 0
github.com/MamangRust/monolith-payment-gateway-pkg/database/seeder/user.go:119.50,122.5 2 0
github.com/MamangRust/monolith-payment-gateway-pkg/database/seeder/user.go:126.2,128.12 2 0
github.com/MamangRust/monolith-payment-gateway-pkg/database/seeder/withdraw.go:33.105,39.2 1 0
github.com/MamangRust/monolith-payment-gateway-pkg/database/seeder/withdraw.go:53.39,59.30 5 0
github.com/MamangRust/monolith-payment-gateway-pkg/database/seeder/withdraw.go:59.30,62.17 3 0
github.com/MamangRust/monolith-payment-gateway-pkg/database/seeder/withdraw.go:62.17,63.47 1 0
github.com/MamangRust/monolith-payment-gateway-pkg/database/seeder/withdraw.go:63.47,65.5 1 0
github.com/MamangRust/monolith-payment-gateway-pkg/database/seeder/withdraw.go:66.4,66.12 1 0
github.com/MamangRust/monolith-payment-gateway-pkg/database/seeder/withdraw.go:68.3,68.30 1 0
github.com/MamangRust/monolith-payment-gateway-pkg/database/seeder/withdraw.go:71.2,71.24 1 0
github.com/MamangRust/monolith-payment-gateway-pkg/database/seeder/withdraw.go:71.24,74.3 2 0
github.com/MamangRust/monolith-payment-gateway-pkg/database/seeder/withdraw.go:76.2,80.26 4 0
github.com/MamangRust/monolith-payment-gateway-pkg/database/seeder/withdraw.go:80.26,82.3 1 0
github.com/MamangRust/monolith-payment-gateway-pkg/database/seeder/withdraw.go:84.2,84.29 1 0
github.com/MamangRust/monolith-payment-gateway-pkg/database/seeder/withdraw.go:84.29,97.72 6 0
github.com/MamangRust/monolith-payment-gateway-pkg/database/seeder/withdraw.go:97.72,100.4 2 0
github.com/MamangRust/monolith-payment-gateway-pkg/database/seeder/withdraw.go:102.3,104.47 1 0
github.com/MamangRust/monolith-payment-gateway-pkg/database/seeder/withdraw.go:104.47,107.4 2 0
github.com/MamangRust/monolith-payment-gateway-pkg/database/seeder/withdraw.go:109.3,109.18 1 0
github.com/MamangRust/monolith-payment-gateway-pkg/database/seeder/withdraw.go:109.18,113.50 2 0
github.com/MamangRust/monolith-payment-gateway-pkg/database/seeder/withdraw.go:113.50,116.5 2 0
github.com/MamangRust/monolith-payment-gateway-pkg/database/seeder/withdraw.go:120.2,125.12 2 0
github.com/MamangRust/monolith-payment-gateway-pkg/dotenv/dotenv.go:24.20,26.15 2 0
github.com/MamangRust/monolith-payment-gateway-pkg/dotenv/dotenv.go:26.15,28.3 1 0
github.com/MamangRust/monolith-payment-gateway-pkg/dotenv/dotenv.go:30.2,33.13 3 0
github.com/MamangRust/monolith-payment-gateway-pkg/dotenv/dotenv.go:34.16,35.33 1 0
github.com/MamangRust/monolith-payment-gateway-pkg/dotenv/dotenv.go:36.20,37.37 1 0
github.com/MamangRust/monolith-payment-gateway-pkg/dotenv/dotenv.go:38.28,39.24 1 0
github.com/MamangRust/monolith-payment-gateway-pkg/dotenv/dotenv.go:40.10,41.22 1 0
github.com/MamangRust/monolith-payment-gateway-pkg/dotenv/dotenv.go:44.2,46.19 2 0
github.com/MamangRust/monolith-payment-gateway-pkg/dotenv/dotenv.go:46.19,50.17 3 0
github.com/MamangRust/monolith-payment-gateway-pkg/dotenv/dotenv.go:50.17,52.4 1 0
github.com/MamangRust/monolith-payment-gateway-pkg/dotenv/dotenv.go:55.2,55.12 1 0
github.com/MamangRust/monolith-payment-gateway-pkg/emailretry/retry.go:66.57,75.2 1 3
github.com/MamangRust/monolith-payment-gateway-pkg/emailretry/retry.go:78.60,81.2 2 1
github.com/MamangRust/monolith-payment-gateway-pkg/emailretry/retry.go:84.64,85.16 1 4
github.com/MamangRust/monolith-payment-gateway-pkg/emailretry/retry.go:85.16,87.3 1 1
github.com/MamangRust/monolith-payment-gateway-pkg/emailretry/retry.go:88.2,89.32 2 3
github.com/MamangRust/monolith-payment-gateway-pkg/emailretry/retry.go:89.32,90.15 1 7
github.com/MamangRust/monolith-payment-gateway-pkg/emailretry/retry.go:90.15,92.4 1 7
github.com/MamangRust/monolith-payment-gateway-pkg/emailretry/retry.go:95.2,96.25 2 3
github.com/MamangRust/monolith-payment-gateway-pkg/emailretry/retry.go:96.25,98.3 1 2
github.com/MamangRust/monolith-payment-gateway-pkg/emailretry/retry.go:99.2,100.16 2 1
github.com/MamangRust/monolith-payment-gateway-pkg/emailretry/retry.go:100.16,102.3 1 0
github.com/MamangRust/monolith-payment-gateway-pkg/emailretry/retry.go:103.2,106.16 3 1
github.com/MamangRust/monolith-payment-gateway-pkg/emailretry/retry.go:106.16,108.3 1 0
github.com/MamangRust/monolith-payment-gateway-pkg/emailretry/retry.go:109.2,112.16 3 1
github.com/MamangRust/monolith-payment-gateway-pkg/emailretry/retry.go:112.16,114.3 1 0
github.com/MamangRust/monolith-payment-gateway-pkg/emailretry/retry.go:115.2,118.16 3 1
github.com/MamangRust/monolith-payment-gateway-pkg/emailretry/retry.go:118.16,120.3 1 0
github.com/MamangRust/monolith-payment-gateway-pkg/emailretry/retry.go:121.2,124.68 3 1
github.com/MamangRust/monolith-payment-gateway-pkg/emailretry/retry.go:124.68,126.3 1 0
github.com/MamangRust/monolith-payment-gateway-pkg/emailretry/retry.go:127.2,127.18 1 1
github.com/MamangRust/monolith-payment-gateway-pkg/emailretry/retry.go:132.61,133.15 1 5
github.com/MamangRust/monolith-payment-gateway-pkg/emailretry/retry.go:133.15,135.3 1 1
github.com/MamangRust/monolith-payment-gateway-pkg/emailretry/retry.go:136.2,136.17 1 5
github.com/MamangRust/monolith-payment-gateway-pkg/emailretry/retry.go:136.17,138.3 1 0
github.com/MamangRust/monolith-payment-gateway-pkg/emailretry/retry.go:139.2,140.20 2 5
github.com/MamangRust/monolith-payment-gateway-pkg/emailretry/retry.go:140.20,142.3 1 1
github.com/MamangRust/monolith-payment-gateway-pkg/emailretry/retry.go:143.2,143.10 1 4
github.com/MamangRust/monolith-payment-gateway-pkg/emailretry/retry.go:147.61,149.2 1 1
github.com/MamangRust/monolith-payment-gateway-pkg/email/email.go:20.55,115.16 3 0
github.com/MamangRust/monolith-payment-gateway-pkg/email/email.go:115.16,117.3 1 0
github.com/MamangRust/monolith-payment-gateway-pkg/email/email.go:119.2,120.49 2 0
github.com/MamangRust/monolith-payment-gateway-pkg/email/email.go:120.49,122.3 1 0
github.com/MamangRust/monolith-payment-gateway-pkg/email/email.go:124.2,124.21 1 0
github.com/MamangRust/monolith-payment-gateway-pkg/event/event.go:31.69,41.2 1 10
github.com/MamangRust/monolith-payment-gateway-pkg/event/event.go:44.75,46.2 1 3
github.com/MamangRust/monolith-payment-gateway-pkg/event/event.go:51.39,58.2 1 8
github.com/MamangRust/monolith-payment-gateway-pkg/hash/mocks/hash.go:31.69,35.2 3 0
github.com/MamangRust/monolith-payment-gateway-pkg/hash/mocks/hash.go:38.67,40.2 1 0
github.com/MamangRust/monolith-payment-gateway-pkg/hash/mocks/hash.go:43.81,48.2 4 0
github.com/MamangRust/monolith-payment-gateway-pkg/hash/mocks/hash.go:51.98,54.2 2 0
github.com/MamangRust/monolith-payment-gateway-pkg/hash/mocks/hash.go:57.74,63.2 5 0
github.com/MamangRust/monolith-payment-gateway-pkg/hash/mocks/hash.go:66.81,69.2 2 0
github.com/MamangRust/monolith-payment-gateway-pkg/logger/logger.go:33.93,36.17 2 0
github.com/MamangRust/monolith-payment-gateway-pkg/logger/logger.go:36.17,72.3 6 0
github.com/MamangRust/monolith-payment-gateway-pkg/logger/logger.go:74.2,74.27 1 0
github.com/MamangRust/monolith-payment-gateway-pkg/logger/logger.go:77.60,79.2 1 0
github.com/MamangRust/monolith-payment-gateway-pkg/logger/logger.go:81.61,83.2 1 0
github.com/MamangRust/monolith-payment-gateway-pkg/logger/logger.go:85.61,87.2 1 0
github.com/MamangRust/monolith-payment-gateway-pkg/logger/logger.go:89.61,91.2 1 0
github.com/MamangRust/monolith-payment-gateway-pkg/logger/logger.go:93.60,95.2 1 0
github.com/MamangRust/monolith-payment-gateway-pkg/logger/logger.go:97.83,99.2 1 0
github.com/MamangRust/monolith-payment-gateway-pkg/logger/logger.go:101.60,103.2 1 0
github.com/MamangRust/monolith-payment-gateway-pkg/logger/logger.go:105.31,107.2 1 0
github.com/MamangRust/monolith-payment-gateway-pkg/logger/logger.go:109.36,111.2 1 0
github.com/MamangRust/monolith-payment-gateway-pkg/logger/logger.go:113.22,116.2 2 0
github.com/MamangRust/monolith-payment-gateway-pkg/method_topup/method.go:9.56,35.36 3 9
github.com/MamangRust/monolith-payment-gateway-pkg/method_topup/method.go:35.36,36.33 1 136
github.com/MamangRust/monolith-payment-gateway-pkg/method_topup/method.go:36.33,38.4 1 5
github.com/MamangRust/monolith-payment-gateway-pkg/method_topup/method.go:41.2,41.14 1 4
github.com/MamangRust/monolith-payment-gateway-pkg/logger/mocks/logger.go:32.75,36.2 3 0
github.com/MamangRust/monolith-payment-gateway-pkg/logger/mocks/logger.go:39.73,41.2 1 0
github.com/MamangRust/monolith-payment-gateway-pkg/logger/mocks/logger.go:44.74,47.27 3 0
github.com/MamangRust/monolith-payment-gateway-pkg/logger/mocks/logger.go:47.27,49.3 1 0
github.com/MamangRust/monolith-payment-gateway-pkg/logger/mocks/logger.go:50.2,50.37 1 0
github.com/MamangRust/monolith-payment-gateway-pkg/logger/mocks/logger.go:54.91,58.2 3 0
github.com/MamangRust/monolith-payment-gateway-pkg/logger/mocks/logger.go:61.74,64.27 3 0
github.com/MamangRust/monolith-payment-gateway-pkg/logger/mocks/logger.go:64.27,66.3 1 0
github.com/MamangRust/monolith-payment-gateway-pkg/logger/mocks/logger.go:67.2,67.37 1 0
github.com/MamangRust/monolith-payment-gateway-pkg/logger/mocks/logger.go:71.91,75.2 3 0
github.com/MamangRust/monolith-payment-gateway-pkg/logger/mocks/logger.go:78.74,81.27 3 0
github.com/MamangRust/monolith-payment-gateway-pkg/logger/mocks/logger.go:81.27,83.3 1 0
github.com/MamangRust/monolith-payment-gateway-pkg/logger/mocks/logger.go:84.2,84.37 1 0
github.com/MamangRust/monolith-payment-gateway-pkg/logger/mocks/logger.go:88.91,92.2 3 0
github.com/MamangRust/monolith-payment-gateway-pkg/logger/mocks/logger.go:95.73,98.27 3 0
github.com/MamangRust/monolith-payment-gateway-pkg/logger/mocks/logger.go:98.27,100.3 1 0
github.com/MamangRust/monolith-payment-gateway-pkg/logger/mocks/logger.go:101.2,101.36 1 0
github.com/MamangRust/monolith-payment-gateway-pkg/logger/mocks/logger.go:105.90,109.2 3 0
github.com/MamangRust/monolith-payment-gateway-pkg/middleware/context.go:23.33,26.2 2 0
github.com/MamangRust/monolith-payment-gateway-pkg/middleware/context.go:28.68,30.2 1 0
github.com/MamangRust/monolith-payment-gateway-pkg/middleware/context.go:32.44,33.51 1 0
github.com/MamangRust/monolith-payment-gateway-pkg/middleware/context.go:33.51,35.3 1 0
github.com/MamangRust/monolith-payment-gateway-pkg/middleware/context.go:36.2,36.11 1 0
github.com/MamangRust/monolith-payment-gateway-pkg/middleware/context.go:39.70,41.2 1 0
github.com/MamangRust/monolith-payment-gateway-pkg/middleware/context.go:43.47,44.54 1 0
github.com/MamangRust/monolith-payment-gateway-pkg/middleware/context.go:44.54,46.3 1 0
github.com/MamangRust/monolith-payment-gateway-pkg/middleware/context.go:47.2,47.20 1 0
github.com/MamangRust/monolith-payment-gateway-pkg/middleware/context.go:50.69,52.2 1 0
github.com/MamangRust/monolith-payment-gateway-pkg/middleware/context.go:54.41,55.48 1 0
github.com/MamangRust/monolith-payment-gateway-pkg/middleware/context.go:55.48,57.3 1 0
github.com/MamangRust/monolith-payment-gateway-pkg/middleware/context.go:58.2,58.11 1 0
github.com/MamangRust/monolith-payment-gateway-pkg/middleware/context.go:61.75,63.2 1 0
github.com/MamangRust/monolith-payment-gateway-pkg/middleware/context.go:65.44,66.51 1 0
github.com/MamangRust/monolith-payment-gateway-pkg/middleware/context.go:66.51,68.3 1 0
github.com/MamangRust/monolith-payment-gateway-pkg/middleware/context.go:69.2,69.11 1 0
github.com/MamangRust/monolith-payment-gateway-pkg/middleware/context.go:72.106,73.128 1 0
github.com/MamangRust/monolith-payment-gateway-pkg/middleware/context.go:73.128,93.3 9 0
github.com/MamangRust/monolith-payment-gateway-pkg/middleware/pyroscope.go:10.62,16.25 1 0
github.com/MamangRust/monolith-payment-gateway-pkg/middleware/pyroscope.go:16.25,22.32 3 0
github.com/MamangRust/monolith-payment-gateway-pkg/middleware/pyroscope.go:22.32,24.4 1 0
github.com/MamangRust/monolith-payment-gateway-pkg/middleware/pyroscope.go:26.3,26.19 1 0
github.com/MamangRust/monolith-payment-gateway-pkg/middleware/recover.go:14.84,20.34 1 0
github.com/MamangRust/monolith-payment-gateway-pkg/middleware/recover.go:20.34,21.16 1 0
github.com/MamangRust/monolith-payment-gateway-pkg/middleware/recover.go:21.16,22.32 1 0
github.com/MamangRust/monolith-payment-gateway-pkg/middleware/recover.go:22.32,30.5 2 0
github.com/MamangRust/monolith-payment-gateway-pkg/middleware/recover.go:33.3,33.27 1 0
github.com/MamangRust/monolith-payment-gateway-pkg/middleware/resilience.go:18.144,24.2 1 0
github.com/MamangRust/monolith-payment-gateway-pkg/middleware/resilience.go:26.81,27.128 1 0
github.com/MamangRust/monolith-payment-gateway-pkg/middleware/resilience.go:27.128,30.33 2 0
github.com/MamangRust/monolith-payment-gateway-pkg/middleware/resilience.go:30.33,32.4 1 0
github.com/MamangRust/monolith-payment-gateway-pkg/middleware/resilience.go:34.3,34.38 1 0
github.com/MamangRust/monolith-payment-gateway-pkg/middleware/resilience.go:34.38,36.4 1 0
github.com/MamangRust/monolith-payment-gateway-pkg/middleware/resilience.go:38.3,40.27 2 0
github.com/MamangRust/monolith-payment-gateway-pkg/otel/otel.go:42.45,43.40 1 0
github.com/MamangRust/monolith-payment-gateway-pkg/otel/otel.go:43.40,45.3 1 0
github.com/MamangRust/monolith-payment-gateway-pkg/otel/otel.go:47.2,49.3 1 0
github.com/MamangRust/monolith-payment-gateway-pkg/otel/otel.go:52.53,53.23 1 0
github.com/MamangRust/monolith-payment-gateway-pkg/otel/otel.go:53.23,62.3 4 0
github.com/MamangRust/monolith-payment-gateway-pkg/otel/otel.go:64.2,64.42 1 0
github.com/MamangRust/monolith-payment-gateway-pkg/otel/otel.go:64.42,66.3 1 0
github.com/MamangRust/monolith-payment-gateway-pkg/otel/otel.go:68.2,68.41 1 0
github.com/MamangRust/monolith-payment-gateway-pkg/otel/otel.go:68.41,70.3 1 0
github.com/MamangRust/monolith-payment-gateway-pkg/otel/otel.go:72.2,72.42 1 0
github.com/MamangRust/monolith-payment-gateway-pkg/otel/otel.go:72.42,74.3 1 0
github.com/MamangRust/monolith-payment-gateway-pkg/otel/otel.go:76.2,76.35 1 0
github.com/MamangRust/monolith-payment-gateway-pkg/otel/otel.go:76.35,77.48 1 0
github.com/MamangRust/monolith-payment-gateway-pkg/otel/otel.go:77.48,79.4 1 0
github.com/MamangRust/monolith-payment-gateway-pkg/otel/otel.go:79.9,81.4 1 0
github.com/MamangRust/monolith-payment-gateway-pkg/otel/otel.go:84.2,84.12 1 0
github.com/MamangRust/monolith-payment-gateway-pkg/otel/otel.go:87.59,89.16 2 0
github.com/MamangRust/monolith-payment-gateway-pkg/otel/otel.go:89.16,91.3 1 0
github.com/MamangRust/monolith-payment-gateway-pkg/otel/otel.go:93.2,94.16 2 0
github.com/MamangRust/monolith-payment-gateway-pkg/otel/otel.go:94.16,96.3 1 0
github.com/MamangRust/monolith-payment-gateway-pkg/otel/otel.go:98.2,111.12 5 0
github.com/MamangRust/monolith-payment-gateway-pkg/otel/otel.go:114.58,116.16 2 0
github.com/MamangRust/monolith-payment-gateway-pkg/otel/otel.go:116.16,118.3 1 0
github.com/MamangRust/monolith-payment-gateway-pkg/otel/otel.go:120.2,121.16 2 0
github.com/MamangRust/monolith-payment-gateway-pkg/otel/otel.go:121.16,123.3 1 0
github.com/MamangRust/monolith-payment-gateway-pkg/otel/otel.go:125.2,133.12 4 0
github.com/MamangRust/monolith-payment-gateway-pkg/otel/otel.go:136.59,138.16 2 0
github.com/MamangRust/monolith-payment-gateway-pkg/otel/otel.go:138.16,140.3 1 0
github.com/MamangRust/monolith-payment-gateway-pkg/otel/otel.go:142.2,143.16 2 0
github.com/MamangRust/monolith-payment-gateway-pkg/otel/otel.go:143.16,145.3 1 0
github.com/MamangRust/monolith-payment-gateway-pkg/otel/otel.go:147.2,154.12 3 0
github.com/MamangRust/monolith-payment-gateway-pkg/otel/otel.go:157.48,161.16 2 0
github.com/MamangRust/monolith-payment-gateway-pkg/otel/otel.go:161.16,163.3 1 0
github.com/MamangRust/monolith-payment-gateway-pkg/otel/otel.go:165.2,168.12 3 0
github.com/MamangRust/monolith-payment-gateway-pkg/otel/otel.go:171.56,173.2 1 0
github.com/MamangRust/monolith-payment-gateway-pkg/otel/otel.go:175.57,178.29 2 0
github.com/MamangRust/monolith-payment-gateway-pkg/otel/otel.go:178.29,179.56 1 0
github.com/MamangRust/monolith-payment-gateway-pkg/otel/otel.go:179.56,181.4 1 0
github.com/MamangRust/monolith-payment-gateway-pkg/otel/otel.go:184.2,184.28 1 0
github.com/MamangRust/monolith-payment-gateway-pkg/otel/otel.go:184.28,185.55 1 0
github.com/MamangRust/monolith-payment-gateway-pkg/otel/otel.go:185.55,187.4 1 0
github.com/MamangRust/monolith-payment-gateway-pkg/otel/otel.go:190.2,190.29 1 0
github.com/MamangRust/monolith-payment-gateway-pkg/otel/otel.go:190.29,191.56 1 0
github.com/MamangRust/monolith-payment-gateway-pkg/otel/otel.go:191.56,193.4 1 0
github.com/MamangRust/monolith-payment-gateway-pkg/otel/otel.go:196.2,196.19 1 0
github.com/MamangRust/monolith-payment-gateway-pkg/otel/otel.go:196.19,198.3 1 0
github.com/MamangRust/monolith-payment-gateway-pkg/otel/otel.go:200.2,200.12 1 0
github.com/MamangRust/monolith-payment-gateway-pkg/otel/otel.go:203.93,208.23 2 0
github.com/MamangRust/monolith-payment-gateway-pkg/otel/otel.go:208.23,210.3 1 0
github.com/MamangRust/monolith-payment-gateway-pkg/otel/otel.go:212.2,212.40 1 0
github.com/MamangRust/monolith-payment-gateway-pkg/otel/otel.go:215.91,220.23 2 0
github.com/MamangRust/monolith-payment-gateway-pkg/otel/otel.go:220.23,222.3 1 0
github.com/MamangRust/monolith-payment-gateway-pkg/otel/otel.go:224.2,224.41 1 0
github.com/MamangRust/monolith-payment-gateway-pkg/otel/otel.go:227.85,232.23 2 0
github.com/MamangRust/monolith-payment-gateway-pkg/otel/otel.go:232.23,234.3 1 0
github.com/MamangRust/monolith-payment-gateway-pkg/otel/otel.go:236.2,236.38 1 0
github.com/MamangRust/monolith-payment-gateway-pkg/otel/otel.go:239.88,248.2 1 0
github.com/MamangRust/monolith-payment-gateway-pkg/kafka/kafka.go:56.41,57.24 1 3
github.com/MamangRust/monolith-payment-gateway-pkg/kafka/kafka.go:57.24,61.13 3 2
github.com/MamangRust/monolith-payment-gateway-pkg/kafka/kafka.go:61.13,63.4 1 2
github.com/MamangRust/monolith-payment-gateway-pkg/kafka/kafka.go:65.3,67.10 3 2
github.com/MamangRust/monolith-payment-gateway-pkg/kafka/kafka.go:68.33,68.33 0 2
github.com/MamangRust/monolith-payment-gateway-pkg/kafka/kafka.go:69.18,71.10 2 0
github.com/MamangRust/monolith-payment-gateway-pkg/kafka/kafka.go:74.3,74.10 1 2
github.com/MamangRust/monolith-payment-gateway-pkg/kafka/kafka.go:75.17,75.17 0 2
github.com/MamangRust/monolith-payment-gateway-pkg/kafka/kafka.go:76.18,78.10 2 0
github.com/MamangRust/monolith-payment-gateway-pkg/kafka/kafka.go:80.3,80.10 1 2
github.com/MamangRust/monolith-payment-gateway-pkg/kafka/kafka.go:81.23,81.23 0 2
github.com/MamangRust/monolith-payment-gateway-pkg/kafka/kafka.go:82.18,83.40 1 0
github.com/MamangRust/monolith-payment-gateway-pkg/kafka/kafka.go:86.2,86.19 1 3
github.com/MamangRust/monolith-payment-gateway-pkg/kafka/kafka.go:94.71,101.16 6 0
github.com/MamangRust/monolith-payment-gateway-pkg/kafka/kafka.go:101.16,103.3 1 0
github.com/MamangRust/monolith-payment-gateway-pkg/kafka/kafka.go:105.2,112.3 2 0
github.com/MamangRust/monolith-payment-gateway-pkg/kafka/kafka.go:119.106,126.2 1 4
github.com/MamangRust/monolith-payment-gateway-pkg/kafka/kafka.go:129.39,131.2 1 0
github.com/MamangRust/monolith-payment-gateway-pkg/kafka/kafka.go:137.75,145.16 3 6
github.com/MamangRust/monolith-payment-gateway-pkg/kafka/kafka.go:145.16,147.3 1 5
github.com/MamangRust/monolith-payment-gateway-pkg/kafka/kafka.go:149.2,150.12 2 1
github.com/MamangRust/monolith-payment-gateway-pkg/kafka/kafka.go:157.138,164.16 2 0
github.com/MamangRust/monolith-payment-gateway-pkg/kafka/kafka.go:164.16,167.23 3 0
github.com/MamangRust/monolith-payment-gateway-pkg/kafka/kafka.go:167.23,168.32 1 0
github.com/MamangRust/monolith-payment-gateway-pkg/kafka/kafka.go:168.32,170.5 1 0
github.com/MamangRust/monolith-payment-gateway-pkg/kafka/kafka.go:174.2,175.16 2 0
github.com/MamangRust/monolith-payment-gateway-pkg/kafka/kafka.go:175.16,177.3 1 0
github.com/MamangRust/monolith-payment-gateway-pkg/kafka/kafka.go:179.2,180.12 2 0
github.com/MamangRust/monolith-payment-gateway-pkg/kafka/kafka.go:189.98,191.32 2 2
github.com/MamangRust/monolith-payment-gateway-pkg/kafka/kafka.go:191.32,192.58 1 6
github.com/MamangRust/monolith-payment-gateway-pkg/kafka/kafka.go:192.58,194.22 2 5
github.com/MamangRust/monolith-payment-gateway-pkg/kafka/kafka.go:194.22,196.5 1 4
github.com/MamangRust/monolith-payment-gateway-pkg/kafka/kafka.go:197.4,197.12 1 5
github.com/MamangRust/monolith-payment-gateway-pkg/kafka/kafka.go:199.3,199.13 1 1
github.com/MamangRust/monolith-payment-gateway-pkg/kafka/kafka.go:201.2,201.16 1 1
github.com/MamangRust/monolith-payment-gateway-pkg/kafka/kafka.go:209.170,216.28 6 0
github.com/MamangRust/monolith-payment-gateway-pkg/kafka/kafka.go:216.28,218.3 1 0
github.com/MamangRust/monolith-payment-gateway-pkg/kafka/kafka.go:219.2,220.16 2 0
github.com/MamangRust/monolith-payment-gateway-pkg/kafka/kafka.go:220.16,222.3 1 0
github.com/MamangRust/monolith-payment-gateway-pkg/kafka/kafka.go:224.2,235.12 6 0
github.com/MamangRust/monolith-payment-gateway-pkg/kafka/kafka.go:235.12,238.3 2 0
github.com/MamangRust/monolith-payment-gateway-pkg/kafka/kafka.go:240.2,240.12 1 0
github.com/MamangRust/monolith-payment-gateway-pkg/kafka/kafka.go:240.12,246.7 6 0
github.com/MamangRust/monolith-payment-gateway-pkg/kafka/kafka.go:246.7,247.32 1 0
github.com/MamangRust/monolith-payment-gateway-pkg/kafka/kafka.go:247.32,249.5 1 0
github.com/MamangRust/monolith-payment-gateway-pkg/kafka/kafka.go:251.4,252.32 2 0
github.com/MamangRust/monolith-payment-gateway-pkg/kafka/kafka.go:252.32,254.5 1 0
github.com/MamangRust/monolith-payment-gateway-pkg/kafka/kafka.go:255.4,255.25 1 0
github.com/MamangRust/monolith-payment-gateway-pkg/kafka/kafka.go:255.25,258.30 3 0
github.com/MamangRust/monolith-payment-gateway-pkg/kafka/kafka.go:258.30,261.6 2 0
github.com/MamangRust/monolith-payment-gateway-pkg/kafka/kafka.go:263.5,264.12 2 0
github.com/MamangRust/monolith-payment-gateway-pkg/kafka/kafka.go:265.31,266.23 1 0
github.com/MamangRust/monolith-payment-gateway-pkg/kafka/kafka.go:266.23,267.14 1 0
github.com/MamangRust/monolith-payment-gateway-pkg/kafka/kafka.go:268.22,268.22 0 0
github.com/MamangRust/monolith-payment-gateway-pkg/kafka/kafka.go:269.15,269.15 0 0
github.com/MamangRust/monolith-payment-gateway-pkg/kafka/kafka.go:272.6,272.12 1 0
github.com/MamangRust/monolith-payment-gateway-pkg/kafka/kafka.go:273.20,273.20 0 0
github.com/MamangRust/monolith-payment-gateway-pkg/kafka/kafka.go:275.5,275.13 1 0
github.com/MamangRust/monolith-payment-gateway-pkg/kafka/kafka.go:277.4,277.15 1 0
github.com/MamangRust/monolith-payment-gateway-pkg/kafka/kafka.go:281.2,281.12 1 0
github.com/MamangRust/monolith-payment-gateway-pkg/kafka/kafka.go:281.12,283.7 2 0
github.com/MamangRust/monolith-payment-gateway-pkg/kafka/kafka.go:283.7,284.11 1 0
github.com/MamangRust/monolith-payment-gateway-pkg/kafka/kafka.go:285.45,286.12 1 0
github.com/MamangRust/monolith-payment-gateway-pkg/kafka/kafka.go:286.12,288.6 1 0
github.com/MamangRust/monolith-payment-gateway-pkg/kafka/kafka.go:289.5,289.48 1 0
github.com/MamangRust/monolith-payment-gateway-pkg/kafka/kafka.go:290.30,291.11 1 0
github.com/MamangRust/monolith-payment-gateway-pkg/kafka/kafka.go:296.2,296.21 1 0
github.com/MamangRust/monolith-payment-gateway-pkg/kafka/kafka.go:302.108,305.2 2 0
github.com/MamangRust/monolith-payment-gateway-pkg/kafka/kafka.go:310.158,319.28 5 1
github.com/MamangRust/monolith-payment-gateway-pkg/kafka/kafka.go:319.28,321.3 1 0
github.com/MamangRust/monolith-payment-gateway-pkg/kafka/kafka.go:322.2,323.16 2 1
github.com/MamangRust/monolith-payment-gateway-pkg/kafka/kafka.go:323.16,325.3 1 0
github.com/MamangRust/monolith-payment-gateway-pkg/kafka/kafka.go:327.2,338.12 6 1
github.com/MamangRust/monolith-payment-gateway-pkg/kafka/kafka.go:338.12,343.3 2 1
github.com/MamangRust/monolith-payment-gateway-pkg/kafka/kafka.go:345.2,345.12 1 1
github.com/MamangRust/monolith-payment-gateway-pkg/kafka/kafka.go:345.12,351.7 6 1
github.com/MamangRust/monolith-payment-gateway-pkg/kafka/kafka.go:351.7,352.32 1 1
github.com/MamangRust/monolith-payment-gateway-pkg/kafka/kafka.go:352.32,354.5 1 1
github.com/MamangRust/monolith-payment-gateway-pkg/kafka/kafka.go:356.4,357.32 2 0
github.com/MamangRust/monolith-payment-gateway-pkg/kafka/kafka.go:357.32,359.5 1 0
github.com/MamangRust/monolith-payment-gateway-pkg/kafka/kafka.go:360.4,360.25 1 0
github.com/MamangRust/monolith-payment-gateway-pkg/kafka/kafka.go:360.25,363.30 3 0
github.com/MamangRust/monolith-payment-gateway-pkg/kafka/kafka.go:363.30,366.6 2 0
github.com/MamangRust/monolith-payment-gateway-pkg/kafka/kafka.go:368.5,369.12 2 0
github.com/MamangRust/monolith-payment-gateway-pkg/kafka/kafka.go:370.31,371.23 1 0
github.com/MamangRust/monolith-payment-gateway-pkg/kafka/kafka.go:371.23,372.14 1 0
github.com/MamangRust/monolith-payment-gateway-pkg/kafka/kafka.go:373.22,373.22 0 0
github.com/MamangRust/monolith-payment-gateway-pkg/kafka/kafka.go:374.15,374.15 0 0
github.com/MamangRust/monolith-payment-gateway-pkg/kafka/kafka.go:377.6,377.12 1 0
github.com/MamangRust/monolith-payment-gateway-pkg/kafka/kafka.go:378.20,378.20 0 0
github.com/MamangRust/monolith-payment-gateway-pkg/kafka/kafka.go:380.5,380.13 1 0
github.com/MamangRust/monolith-payment-gateway-pkg/kafka/kafka.go:382.4,382.15 1 0
github.com/MamangRust/monolith-payment-gateway-pkg/kafka/kafka.go:386.2,386.12 1 1
github.com/MamangRust/monolith-payment-gateway-pkg/kafka/kafka.go:386.12,388.7 2 1
github.com/MamangRust/monolith-payment-gateway-pkg/kafka/kafka.go:388.7,389.11 1 1
github.com/MamangRust/monolith-payment-gateway-pkg/kafka/kafka.go:390.45,391.12 1 0
github.com/MamangRust/monolith-payment-gateway-pkg/kafka/kafka.go:391.12,393.6 1 0
github.com/MamangRust/monolith-payment-gateway-pkg/kafka/kafka.go:394.5,394.48 1 0
github.com/MamangRust/monolith-payment-gateway-pkg/kafka/kafka.go:395.30,396.11 1 1
github.com/MamangRust/monolith-payment-gateway-pkg/kafka/kafka.go:401.2,401.21 1 1
github.com/MamangRust/monolith-payment-gateway-pkg/kafka/kafka.go:407.31,408.24 1 2
github.com/MamangRust/monolith-payment-gateway-pkg/kafka/kafka.go:408.24,413.38 4 1
github.com/MamangRust/monolith-payment-gateway-pkg/kafka/kafka.go:413.38,414.64 1 0
github.com/MamangRust/monolith-payment-gateway-pkg/kafka/kafka.go:414.64,416.5 1 0
github.com/MamangRust/monolith-payment-gateway-pkg/kafka/kafka.go:418.3,418.24 1 1
github.com/MamangRust/monolith-payment-gateway-pkg/kafka/kafka.go:418.24,419.66 1 1
github.com/MamangRust/monolith-payment-gateway-pkg/kafka/kafka.go:419.66,421.5 1 0
github.com/MamangRust/monolith-payment-gateway-pkg/kafka/kafka.go:424.2,424.19 1 2
github.com/MamangRust/monolith-payment-gateway-pkg/resilience/circuit_breaker.go:24.109,31.2 1 0
github.com/MamangRust/monolith-payment-gateway-pkg/resilience/circuit_breaker.go:33.41,35.2 1 0
github.com/MamangRust/monolith-payment-gateway-pkg/resilience/circuit_breaker.go:37.52,39.2 1 0
github.com/MamangRust/monolith-payment-gateway-pkg/resilience/circuit_breaker.go:41.52,43.2 1 0
github.com/MamangRust/monolith-payment-gateway-pkg/resilience/circuit_breaker.go:45.53,46.18 1 0
github.com/MamangRust/monolith-payment-gateway-pkg/resilience/circuit_breaker.go:46.18,48.3 1 0
github.com/MamangRust/monolith-payment-gateway-pkg/resilience/circuit_breaker.go:50.2,54.39 4 0
github.com/MamangRust/monolith-payment-gateway-pkg/resilience/circuit_breaker.go:54.39,58.39 3 0
github.com/MamangRust/monolith-payment-gateway-pkg/resilience/circuit_breaker.go:58.39,60.4 1 0
github.com/MamangRust/monolith-payment-gateway-pkg/resilience/circuit_breaker.go:62.3,62.40 1 0
github.com/MamangRust/monolith-payment-gateway-pkg/resilience/circuit_breaker.go:62.40,65.4 2 0
github.com/MamangRust/monolith-payment-gateway-pkg/resilience/circuit_breaker.go:67.3,67.15 1 0
github.com/MamangRust/monolith-payment-gateway-pkg/resilience/circuit_breaker.go:70.2,70.14 1 0
github.com/MamangRust/monolith-payment-gateway-pkg/resilience/circuit_breaker.go:73.43,76.54 2 0
github.com/MamangRust/monolith-payment-gateway-pkg/resilience/circuit_breaker.go:76.54,78.3 1 0
github.com/MamangRust/monolith-payment-gateway-pkg/resilience/circuit_breaker.go:80.2,80.41 1 0
github.com/MamangRust/monolith-payment-gateway-pkg/resilience/circuit_breaker.go:83.43,86.43 2 0
github.com/MamangRust/monolith-payment-gateway-pkg/resilience/circuit_breaker.go:86.43,88.3 1 0
github.com/MamangRust/monolith-payment-gateway-pkg/resilience/circuit_breaker.go:91.41,99.2 6 0
github.com/MamangRust/monolith-payment-gateway-pkg/resilience/circuit_breaker.go:101.42,106.2 4 0
github.com/MamangRust/monolith-payment-gateway-pkg/resilience/circuit_breaker.go:108.35,110.2 1 0
github.com/MamangRust/monolith-payment-gateway-pkg/resilience/load_monitor.go:24.36,30.2 1 0
github.com/MamangRust/monolith-payment-gateway-pkg/resilience/load_monitor.go:32.66,38.2 1 0
github.com/MamangRust/monolith-payment-gateway-pkg/resilience/load_monitor.go:40.40,42.2 1 0
github.com/MamangRust/monolith-payment-gateway-pkg/resilience/load_monitor.go:44.47,54.17 8 0
github.com/MamangRust/monolith-payment-gateway-pkg/resilience/load_monitor.go:54.17,56.3 1 0
github.com/MamangRust/monolith-payment-gateway-pkg/resilience/load_monitor.go:58.2,65.26 3 0
github.com/MamangRust/monolith-payment-gateway-pkg/resilience/load_monitor.go:65.26,67.3 1 0
github.com/MamangRust/monolith-payment-gateway-pkg/resilience/load_monitor.go:68.2,70.12 2 0
github.com/MamangRust/monolith-payment-gateway-pkg/resilience/load_monitor.go:73.49,75.2 1 0
github.com/MamangRust/monolith-payment-gateway-pkg/resilience/load_monitor.go:77.70,81.26 3 0
github.com/MamangRust/monolith-payment-gateway-pkg/resilience/load_monitor.go:81.26,83.3 1 0
github.com/MamangRust/monolith-payment-gateway-pkg/resilience/load_monitor.go:85.2,89.44 4 0
github.com/MamangRust/monolith-payment-gateway-pkg/resilience/load_monitor.go:89.44,90.45 1 0
github.com/MamangRust/monolith-payment-gateway-pkg/resilience/load_monitor.go:90.45,91.9 1 0
github.com/MamangRust/monolith-payment-gateway-pkg/resilience/load_monitor.go:93.3,94.10 2 0
github.com/MamangRust/monolith-payment-gateway-pkg/resilience/load_monitor.go:97.2,97.16 1 0
github.com/MamangRust/monolith-payment-gateway-pkg/resilience/load_monitor.go:97.16,99.3 1 0
github.com/MamangRust/monolith-payment-gateway-pkg/resilience/load_monitor.go:101.2,101.40 1 0
github.com/MamangRust/monolith-payment-gateway-pkg/resilience/load_monitor.go:104.66,108.26 3 0
github.com/MamangRust/monolith-payment-gateway-pkg/resilience/load_monitor.go:108.26,110.3 1 0
github.com/MamangRust/monolith-payment-gateway-pkg/resilience/load_monitor.go:112.2,115.44 3 0
github.com/MamangRust/monolith-payment-gateway-pkg/resilience/load_monitor.go:115.44,116.45 1 0
github.com/MamangRust/monolith-payment-gateway-pkg/resilience/load_monitor.go:116.45,117.9 1 0
github.com/MamangRust/monolith-payment-gateway-pkg/resilience/load_monitor.go:119.3,119.31 1 0
github.com/MamangRust/monolith-payment-gateway-pkg/resilience/load_monitor.go:119.31,121.4 1 0
github.com/MamangRust/monolith-payment-gateway-pkg/resilience/load_monitor.go:124.2,124.13 1 0
github.com/MamangRust/monolith-payment-gateway-pkg/resilience/load_monitor.go:127.52,134.2 5 0
github.com/MamangRust/monolith-payment-gateway-pkg/resilience/load_monitor.go:136.32,145.2 7 0
github.com/MamangRust/monolith-payment-gateway-pkg/resilience/request_limiter.go:18.92,19.24 1 0
github.com/MamangRust/monolith-payment-gateway-pkg/resilience/request_limiter.go:19.24,22.3 2 0
github.com/MamangRust/monolith-payment-gateway-pkg/resilience/request_limiter.go:24.2,28.3 1 0
github.com/MamangRust/monolith-payment-gateway-pkg/resilience/request_limiter.go:31.45,32.32 1 0
github.com/MamangRust/monolith-payment-gateway-pkg/resilience/request_limiter.go:32.32,35.3 2 0
github.com/MamangRust/monolith-payment-gateway-pkg/resilience/request_limiter.go:36.2,36.14 1 0
github.com/MamangRust/monolith-payment-gateway-pkg/resilience/request_limiter.go:39.37,44.21 3 0
github.com/MamangRust/monolith-payment-gateway-pkg/resilience/request_limiter.go:44.21,51.3 2 0
github.com/MamangRust/monolith-payment-gateway-pkg/resilience/request_limiter.go:54.52,56.2 1 0
github.com/MamangRust/monolith-payment-gateway-pkg/resilience/request_limiter.go:58.49,60.2 1 0
github.com/MamangRust/monolith-payment-gateway-pkg/resilience/request_limiter.go:62.44,64.2 1 0
github.com/MamangRust/monolith-payment-gateway-pkg/server/server.go:49.56,50.17 1 0
github.com/MamangRust/monolith-payment-gateway-pkg/server/server.go:50.17,52.3 1 0
github.com/MamangRust/monolith-payment-gateway-pkg/server/server.go:55.44,56.39 1 0
github.com/MamangRust/monolith-payment-gateway-pkg/server/server.go:56.39,58.3 1 0
github.com/MamangRust/monolith-payment-gateway-pkg/server/server.go:60.2,60.43 1 0
github.com/MamangRust/monolith-payment-gateway-pkg/server/server.go:60.43,62.3 1 0
github.com/MamangRust/monolith-payment-gateway-pkg/server/server.go:64.2,65.61 2 0
github.com/MamangRust/monolith-payment-gateway-pkg/server/server.go:65.61,67.3 1 0
github.com/MamangRust/monolith-payment-gateway-pkg/server/server.go:69.2,70.16 2 0
github.com/MamangRust/monolith-payment-gateway-pkg/server/server.go:70.16,72.3 1 0
github.com/MamangRust/monolith-payment-gateway-pkg/server/server.go:74.2,75.16 2 0
github.com/MamangRust/monolith-payment-gateway-pkg/server/server.go:75.16,77.3 1 0
github.com/MamangRust/monolith-payment-gateway-pkg/server/server.go:79.2,80.16 2 0
github.com/MamangRust/monolith-payment-gateway-pkg/server/server.go:80.16,82.3 1 0
github.com/MamangRust/monolith-payment-gateway-pkg/server/server.go:84.2,87.16 3 0
github.com/MamangRust/monolith-payment-gateway-pkg/server/server.go:87.16,90.3 2 0
github.com/MamangRust/monolith-payment-gateway-pkg/server/server.go:92.2,103.8 2 0
github.com/MamangRust/monolith-payment-gateway-pkg/server/server.go:106.34,110.16 3 0
github.com/MamangRust/monolith-payment-gateway-pkg/server/server.go:110.16,112.3 1 0
github.com/MamangRust/monolith-payment-gateway-pkg/server/server.go:114.2,139.31 6 0
github.com/MamangRust/monolith-payment-gateway-pkg/server/server.go:139.31,141.3 1 0
github.com/MamangRust/monolith-payment-gateway-pkg/server/server.go:143.2,147.46 4 0
github.com/MamangRust/monolith-payment-gateway-pkg/server/server.go:147.46,150.3 2 0
github.com/MamangRust/monolith-payment-gateway-pkg/server/server.go:152.2,159.12 6 0
github.com/MamangRust/monolith-payment-gateway-pkg/server/server.go:159.12,164.47 2 0
github.com/MamangRust/monolith-payment-gateway-pkg/server/server.go:164.47,166.4 1 0
github.com/MamangRust/monolith-payment-gateway-pkg/server/server.go:169.2,169.9 1 0
github.com/MamangRust/monolith-payment-gateway-pkg/server/server.go:170.24,171.80 1 0
github.com/MamangRust/monolith-payment-gateway-pkg/server/server.go:172.24,174.13 2 0
github.com/MamangRust/monolith-payment-gateway-pkg/server/server.go:177.2,177.82 1 0
github.com/MamangRust/monolith-payment-gateway-pkg/server/server.go:184.9,195.12 7 0
github.com/MamangRust/monolith-payment-gateway-pkg/server/server.go:195.12,199.3 3 0
github.com/MamangRust/monolith-payment-gateway-pkg/server/server.go:201.2,201.9 1 0
github.com/MamangRust/monolith-payment-gateway-pkg/server/server.go:202.19,203.57 1 0
github.com/MamangRust/monolith-payment-gateway-pkg/server/server.go:204.28,205.67 1 0
github.com/MamangRust/monolith-payment-gateway-pkg/server/server.go:208.2,209.12 2 0
github.com/MamangRust/monolith-payment-gateway-pkg/server/server.go:209.12,212.3 2 0
github.com/MamangRust/monolith-payment-gateway-pkg/server/server.go:214.2,214.9 1 0
github.com/MamangRust/monolith-payment-gateway-pkg/server/server.go:215.17,216.50 1 0
github.com/MamangRust/monolith-payment-gateway-pkg/server/server.go:217.28,219.20 2 0
github.com/MamangRust/monolith-payment-gateway-pkg/server/server.go:222.2,223.12 2 0
github.com/MamangRust/monolith-payment-gateway-pkg/server/server.go:226.32,229.48 2 0
github.com/MamangRust/monolith-payment-gateway-pkg/server/server.go:229.48,230.45 1 0
github.com/MamangRust/monolith-payment-gateway-pkg/server/server.go:230.45,232.4 1 0
github.com/MamangRust/monolith-payment-gateway-pkg/server/server.go:235.2,235.21 1 0
github.com/MamangRust/monolith-payment-gateway-pkg/server/server.go:235.21,236.46 1 0
github.com/MamangRust/monolith-payment-gateway-pkg/server/server.go:236.46,237.40 1 0
github.com/MamangRust/monolith-payment-gateway-pkg/server/server.go:237.40,239.5 1 0
github.com/MamangRust/monolith-payment-gateway-pkg/server/server.go:239.10,241.5 1 0
github.com/MamangRust/monolith-payment-gateway-pkg/server/server.go:245.2,245.20 1 0
github.com/MamangRust/monolith-payment-gateway-pkg/server/server.go:245.20,246.41 1 0
github.com/MamangRust/monolith-payment-gateway-pkg/server/server.go:246.41,248.4 1 0
github.com/MamangRust/monolith-payment-gateway-pkg/server/server.go:248.9,250.4 1 0
github.com/MamangRust/monolith-payment-gateway-pkg/server/server.go:253.2,253.24 1 0
github.com/MamangRust/monolith-payment-gateway-pkg/server/server.go:253.24,254.68 1 0
github.com/MamangRust/monolith-payment-gateway-pkg/server/server.go:254.68,256.4 1 0
github.com/MamangRust/monolith-payment-gateway-pkg/server/server.go:256.9,258.4 1 0
github.com/MamangRust/monolith-payment-gateway-pkg/server/server.go:261.2,261.36 1 0
github.com/MamangRust/monolith-payment-gateway-pkg/server/server.go:264.39,265.46 1 0
github.com/MamangRust/monolith-payment-gateway-pkg/server/server.go:265.46,267.3 1 0
github.com/MamangRust/monolith-payment-gateway-pkg/server/server.go:269.2,285.12 2 0
github.com/MamangRust/monolith-payment-gateway-pkg/server/server.go:288.53,299.2 1 0
github.com/MamangRust/monolith-payment-gateway-pkg/server/server.go:304.41,305.34 1 0
github.com/MamangRust/monolith-payment-gateway-pkg/server/server.go:305.34,307.3 1 0
github.com/MamangRust/monolith-payment-gateway-pkg/server/server.go:308.2,308.17 1 0
github.com/MamangRust/monolith-payment-gateway-pkg/server/server.go:311.117,316.63 2 0
github.com/MamangRust/monolith-payment-gateway-pkg/server/server.go:316.63,318.18 2 0
github.com/MamangRust/monolith-payment-gateway-pkg/server/server.go:318.18,320.4 1 0
github.com/MamangRust/monolith-payment-gateway-pkg/server/server.go:321.3,321.18 1 0
github.com/MamangRust/monolith-payment-gateway-pkg/server/server.go:321.18,323.4 1 0
github.com/MamangRust/monolith-payment-gateway-pkg/server/server.go:324.3,324.15 1 0
github.com/MamangRust/monolith-payment-gateway-pkg/server/server.go:327.2,329.16 3 0
github.com/MamangRust/monolith-payment-gateway-pkg/server/server.go:329.16,331.3 1 0
github.com/MamangRust/monolith-payment-gateway-pkg/server/server.go:333.2,335.13 3 0
github.com/MamangRust/monolith-payment-gateway-pkg/server/server.go:335.13,337.3 1 0
github.com/MamangRust/monolith-payment-gateway-pkg/server/server.go:339.2,352.51 4 0
github.com/MamangRust/monolith-payment-gateway-pkg/server/server.go:352.51,355.3 2 0
github.com/MamangRust/monolith-payment-gateway-pkg/server/server.go:357.2,358.20 2 0
github.com/MamangRust/monolith-payment-gateway-pkg/server/server.go:361.60,363.12 2 0
github.com/MamangRust/monolith-payment-gateway-pkg/server/server.go:363.12,367.7 4 0
github.com/MamangRust/monolith-payment-gateway-pkg/server/server.go:367.7,368.11 1 0
github.com/MamangRust/monolith-payment-gateway-pkg/server/server.go:369.24,370.11 1 0
github.com/MamangRust/monolith-payment-gateway-pkg/server/server.go:371.20,372.21 1 0
github.com/MamangRust/monolith-payment-gateway-pkg/server/server.go:376.2,376.13 1 0
github.com/MamangRust/monolith-payment-gateway-pkg/server/server.go:379.37,382.16 3 0
github.com/MamangRust/monolith-payment-gateway-pkg/server/server.go:382.16,385.3 2 0
github.com/MamangRust/monolith-payment-gateway-pkg/server/server.go:386.2,387.39 2 0
github.com/MamangRust/monolith-payment-gateway-pkg/server/server.go:387.39,389.3 1 0
github.com/MamangRust/monolith-payment-gateway-pkg/server/server.go:390.2,390.67 1 0
github.com/MamangRust/monolith-payment-gateway-pkg/server/server.go:390.67,397.3 1 0
github.com/MamangRust/monolith-payment-gateway-pkg/server/server.go:400.57,402.12 2 0
github.com/MamangRust/monolith-payment-gateway-pkg/server/server.go:402.12,406.7 4 0
github.com/MamangRust/monolith-payment-gateway-pkg/server/server.go:406.7,407.11 1 0
github.com/MamangRust/monolith-payment-gateway-pkg/server/server.go:408.24,409.11 1 0
github.com/MamangRust/monolith-payment-gateway-pkg/server/server.go:410.20,411.37 1 0
github.com/MamangRust/monolith-payment-gateway-pkg/server/server.go:415.2,415.13 1 0
github.com/MamangRust/monolith-payment-gateway-pkg/redis/redis.go:28.47,43.2 3 0
github.com/MamangRust/monolith-payment-gateway-pkg/randomvcc/random.go:14.41,20.16 5 1
github.com/MamangRust/monolith-payment-gateway-pkg/randomvcc/random.go:20.16,22.3 1 0
github.com/MamangRust/monolith-payment-gateway-pkg/randomvcc/random.go:24.2,27.22 3 1
github.com/MamangRust/monolith-payment-gateway-pkg/random_string/random_string.go:14.55,16.24 2 6
github.com/MamangRust/monolith-payment-gateway-pkg/random_string/random_string.go:16.24,18.17 2 181
github.com/MamangRust/monolith-payment-gateway-pkg/random_string/random_string.go:18.17,20.4 1 0
github.com/MamangRust/monolith-payment-gateway-pkg/random_string/random_string.go:21.3,21.38 1 181
github.com/MamangRust/monolith-payment-gateway-pkg/random_string/random_string.go:23.2,23.28 1 6
github.com/MamangRust/monolith-payment-gateway-pkg/rupiah/rupiah.go:12.40,15.16 2 7
github.com/MamangRust/monolith-payment-gateway-pkg/rupiah/rupiah.go:15.16,17.3 1 2
github.com/MamangRust/monolith-payment-gateway-pkg/rupiah/rupiah.go:19.2,20.18 2 5
github.com/MamangRust/monolith-payment-gateway-pkg/outbox/inbox.go:30.144,31.55 1 3
github.com/MamangRust/monolith-payment-gateway-pkg/outbox/inbox.go:31.55,33.3 1 3
github.com/MamangRust/monolith-payment-gateway-pkg/outbox/inbox.go:34.2,72.16 3 0
github.com/MamangRust/monolith-payment-gateway-pkg/outbox/inbox.go:72.16,74.3 1 0
github.com/MamangRust/monolith-payment-gateway-pkg/outbox/inbox.go:75.2,75.65 1 0
github.com/MamangRust/monolith-payment-gateway-pkg/outbox/inbox.go:78.117,79.55 1 0
github.com/MamangRust/monolith-payment-gateway-pkg/outbox/inbox.go:79.55,81.3 1 0
github.com/MamangRust/monolith-payment-gateway-pkg/outbox/inbox.go:83.2,91.11 1 0
github.com/MamangRust/monolith-payment-gateway-pkg/outbox/inbox.go:94.132,95.55 1 0
github.com/MamangRust/monolith-payment-gateway-pkg/outbox/inbox.go:95.55,97.3 1 0
github.com/MamangRust/monolith-payment-gateway-pkg/outbox/inbox.go:98.2,99.26 2 0
github.com/MamangRust/monolith-payment-gateway-pkg/outbox/inbox.go:99.26,101.3 1 0
github.com/MamangRust/monolith-payment-gateway-pkg/outbox/inbox.go:103.2,110.11 1 0
github.com/MamangRust/monolith-payment-gateway-pkg/outbox/inbox.go:120.60,121.15 1 0
github.com/MamangRust/monolith-payment-gateway-pkg/outbox/inbox.go:121.15,123.3 1 0
github.com/MamangRust/monolith-payment-gateway-pkg/outbox/inbox.go:124.2,124.36 1 0
github.com/MamangRust/monolith-payment-gateway-pkg/outbox/inbox.go:127.150,132.67 2 0
github.com/MamangRust/monolith-payment-gateway-pkg/outbox/inbox.go:132.67,136.3 3 0
github.com/MamangRust/monolith-payment-gateway-pkg/outbox/inbox.go:137.2,137.16 1 0
github.com/MamangRust/monolith-payment-gateway-pkg/outbox/inbox.go:137.16,139.3 1 0
github.com/MamangRust/monolith-payment-gateway-pkg/outbox/inbox.go:140.2,140.42 1 0
github.com/MamangRust/monolith-payment-gateway-pkg/outbox/inbox.go:143.123,144.67 1 0
github.com/MamangRust/monolith-payment-gateway-pkg/outbox/inbox.go:144.67,146.3 1 0
github.com/MamangRust/monolith-payment-gateway-pkg/outbox/inbox.go:149.138,150.67 1 0
github.com/MamangRust/monolith-payment-gateway-pkg/outbox/inbox.go:150.67,152.3 1 0
github.com/MamangRust/monolith-payment-gateway-pkg/outbox/outbox.go:30.33,31.88 1 5
github.com/MamangRust/monolith-payment-gateway-pkg/outbox/outbox.go:31.88,33.3 1 4
github.com/MamangRust/monolith-payment-gateway-pkg/outbox/outbox.go:34.2,34.12 1 1
github.com/MamangRust/monolith-payment-gateway-pkg/outbox/outbox.go:40.67,41.41 1 5
github.com/MamangRust/monolith-payment-gateway-pkg/outbox/outbox.go:41.41,43.3 1 4
github.com/MamangRust/monolith-payment-gateway-pkg/outbox/outbox.go:44.2,44.15 1 1
github.com/MamangRust/monolith-payment-gateway-pkg/outbox/outbox.go:44.15,46.3 1 0
github.com/MamangRust/monolith-payment-gateway-pkg/outbox/outbox.go:47.2,52.10 1 1
github.com/MamangRust/monolith-payment-gateway-pkg/outbox/outbox.go:69.49,70.22 1 0
github.com/MamangRust/monolith-payment-gateway-pkg/outbox/outbox.go:70.22,72.3 1 0
github.com/MamangRust/monolith-payment-gateway-pkg/outbox/outbox.go:73.2,73.25 1 0
github.com/MamangRust/monolith-payment-gateway-pkg/outbox/outbox.go:73.25,75.3 1 0
github.com/MamangRust/monolith-payment-gateway-pkg/outbox/outbox.go:76.2,76.24 1 0
github.com/MamangRust/monolith-payment-gateway-pkg/outbox/outbox.go:76.24,78.3 1 0
github.com/MamangRust/monolith-payment-gateway-pkg/outbox/outbox.go:79.2,79.24 1 0
github.com/MamangRust/monolith-payment-gateway-pkg/outbox/outbox.go:79.24,81.3 1 0
github.com/MamangRust/monolith-payment-gateway-pkg/outbox/outbox.go:82.2,82.10 1 0
github.com/MamangRust/monolith-payment-gateway-pkg/outbox/outbox.go:91.85,92.15 1 0
github.com/MamangRust/monolith-payment-gateway-pkg/outbox/outbox.go:92.15,94.3 1 0
github.com/MamangRust/monolith-payment-gateway-pkg/outbox/outbox.go:95.2,95.22 1 0
github.com/MamangRust/monolith-payment-gateway-pkg/outbox/outbox.go:95.22,97.3 1 0
github.com/MamangRust/monolith-payment-gateway-pkg/outbox/outbox.go:98.2,98.81 1 0
github.com/MamangRust/monolith-payment-gateway-pkg/outbox/outbox.go:104.48,105.6 1 0
github.com/MamangRust/monolith-payment-gateway-pkg/outbox/outbox.go:105.6,107.45 2 0
github.com/MamangRust/monolith-payment-gateway-pkg/outbox/outbox.go:107.45,109.4 1 0
github.com/MamangRust/monolith-payment-gateway-pkg/outbox/outbox.go:110.3,110.17 1 0
github.com/MamangRust/monolith-payment-gateway-pkg/outbox/outbox.go:110.17,113.41 1 0
github.com/MamangRust/monolith-payment-gateway-pkg/outbox/outbox.go:113.41,115.5 1 0
github.com/MamangRust/monolith-payment-gateway-pkg/outbox/outbox.go:116.4,116.12 1 0
github.com/MamangRust/monolith-payment-gateway-pkg/outbox/outbox.go:118.3,118.58 1 0
github.com/MamangRust/monolith-payment-gateway-pkg/outbox/outbox.go:118.58,120.4 1 0
github.com/MamangRust/monolith-payment-gateway-pkg/outbox/outbox.go:124.61,127.9 3 0
github.com/MamangRust/monolith-payment-gateway-pkg/outbox/outbox.go:128.20,129.15 1 0
github.com/MamangRust/monolith-payment-gateway-pkg/outbox/outbox.go:130.17,131.14 1 0
github.com/MamangRust/monolith-payment-gateway-pkg/outbox/outbox.go:144.60,146.16 2 0
github.com/MamangRust/monolith-payment-gateway-pkg/outbox/outbox.go:146.16,148.3 1 0
github.com/MamangRust/monolith-payment-gateway-pkg/outbox/outbox.go:149.2,149.31 1 0
github.com/MamangRust/monolith-payment-gateway-pkg/outbox/outbox.go:149.31,150.47 1 0
github.com/MamangRust/monolith-payment-gateway-pkg/outbox/outbox.go:150.47,151.68 1 0
github.com/MamangRust/monolith-payment-gateway-pkg/outbox/outbox.go:151.68,153.5 1 0
github.com/MamangRust/monolith-payment-gateway-pkg/outbox/outbox.go:154.4,154.12 1 0
github.com/MamangRust/monolith-payment-gateway-pkg/outbox/outbox.go:156.3,156.53 1 0
github.com/MamangRust/monolith-payment-gateway-pkg/outbox/outbox.go:156.53,158.4 1 0
github.com/MamangRust/monolith-payment-gateway-pkg/outbox/outbox.go:160.2,160.25 1 0
github.com/MamangRust/monolith-payment-gateway-pkg/outbox/outbox.go:166.68,169.31 3 0
github.com/MamangRust/monolith-payment-gateway-pkg/outbox/outbox.go:169.31,189.3 1 0
github.com/MamangRust/monolith-payment-gateway-pkg/outbox/outbox.go:189.8,210.3 1 0
github.com/MamangRust/monolith-payment-gateway-pkg/outbox/outbox.go:211.2,211.16 1 0
github.com/MamangRust/monolith-payment-gateway-pkg/outbox/outbox.go:211.16,213.3 1 0
github.com/MamangRust/monolith-payment-gateway-pkg/outbox/outbox.go:214.2,215.27 2 0
github.com/MamangRust/monolith-payment-gateway-pkg/outbox/outbox.go:215.27,220.3 1 0
github.com/MamangRust/monolith-payment-gateway-pkg/outbox/outbox.go:221.2,221.20 1 0
github.com/MamangRust/monolith-payment-gateway-pkg/outbox/outbox.go:224.72,225.34 1 0
github.com/MamangRust/monolith-payment-gateway-pkg/outbox/outbox.go:225.34,227.3 1 0
github.com/MamangRust/monolith-payment-gateway-pkg/outbox/outbox.go:228.2,228.83 1 0
github.com/MamangRust/monolith-payment-gateway-pkg/outbox/outbox.go:231.78,240.2 1 0
github.com/MamangRust/monolith-payment-gateway-pkg/outbox/outbox.go:242.93,244.43 2 0
github.com/MamangRust/monolith-payment-gateway-pkg/outbox/outbox.go:244.43,246.3 1 0
github.com/MamangRust/monolith-payment-gateway-pkg/outbox/outbox.go:247.2,248.17 2 0
github.com/MamangRust/monolith-payment-gateway-pkg/outbox/outbox.go:248.17,250.3 1 0
github.com/MamangRust/monolith-payment-gateway-pkg/outbox/outbox.go:251.2,259.11 2 0
github.com/MamangRust/monolith-payment-gateway-pkg/outbox/outbox.go:262.24,263.11 1 0
github.com/MamangRust/monolith-payment-gateway-pkg/outbox/outbox.go:263.11,265.3 1 0
github.com/MamangRust/monolith-payment-gateway-pkg/outbox/outbox.go:266.2,266.10 1 0
github.com/MamangRust/monolith-payment-gateway-pkg/trace_unic/trace_kode_unik.go:16.44,20.2 3 1
github.com/MamangRust/monolith-payment-gateway-pkg/hash/hash.go:25.40,27.2 1 3
github.com/MamangRust/monolith-payment-gateway-pkg/hash/hash.go:39.64,42.16 3 3
github.com/MamangRust/monolith-payment-gateway-pkg/hash/hash.go:42.16,44.3 1 0
github.com/MamangRust/monolith-payment-gateway-pkg/hash/hash.go:45.2,45.30 1 3
github.com/MamangRust/monolith-payment-gateway-pkg/hash/hash.go:57.78,59.2 1 2
