mode: atomic
github.com/MamangRust/monolith-payment-gateway-pkg/adapter/card_grpc.go:18.124,23.2 1 0
github.com/MamangRust/monolith-payment-gateway-pkg/adapter/card_grpc.go:25.108,29.16 2 0
github.com/MamangRust/monolith-payment-gateway-pkg/adapter/card_grpc.go:29.16,31.3 1 0
github.com/MamangRust/monolith-payment-gateway-pkg/adapter/card_grpc.go:33.2,42.8 1 0
github.com/MamangRust/monolith-payment-gateway-pkg/adapter/card_grpc.go:45.121,49.16 2 0
github.com/MamangRust/monolith-payment-gateway-pkg/adapter/card_grpc.go:49.16,51.3 1 0
github.com/MamangRust/monolith-payment-gateway-pkg/adapter/card_grpc.go:53.2,62.8 1 0
github.com/MamangRust/monolith-payment-gateway-pkg/adapter/card_grpc.go:65.119,69.16 2 0
github.com/MamangRust/monolith-payment-gateway-pkg/adapter/card_grpc.go:69.16,71.3 1 0
github.com/MamangRust/monolith-payment-gateway-pkg/adapter/card_grpc.go:73.2,82.8 1 0
github.com/MamangRust/monolith-payment-gateway-pkg/adapter/card_grpc.go:85.123,95.16 2 0
github.com/MamangRust/monolith-payment-gateway-pkg/adapter/card_grpc.go:95.16,97.3 1 0
github.com/MamangRust/monolith-payment-gateway-pkg/adapter/card_grpc.go:99.2,107.8 1 0
github.com/MamangRust/monolith-payment-gateway-pkg/adapter/card_grpc.go:110.120,116.16 2 0
github.com/MamangRust/monolith-payment-gateway-pkg/adapter/card_grpc.go:116.16,118.3 1 0
github.com/MamangRust/monolith-payment-gateway-pkg/adapter/card_grpc.go:120.2,132.8 1 0
github.com/MamangRust/monolith-payment-gateway-pkg/adapter/card_grpc.go:135.154,137.2 1 0
github.com/MamangRust/monolith-payment-gateway-pkg/adapter/card_grpc.go:139.125,144.16 2 0
github.com/MamangRust/monolith-payment-gateway-pkg/adapter/card_grpc.go:144.16,146.3 1 0
github.com/MamangRust/monolith-payment-gateway-pkg/adapter/card_grpc.go:148.2,160.8 1 0
github.com/MamangRust/monolith-payment-gateway-pkg/adapter/card_grpc.go:163.37,164.14 1 0
github.com/MamangRust/monolith-payment-gateway-pkg/adapter/card_grpc.go:164.14,166.3 1 0
github.com/MamangRust/monolith-payment-gateway-pkg/adapter/card_grpc.go:167.2,168.16 2 0
github.com/MamangRust/monolith-payment-gateway-pkg/adapter/card_grpc.go:168.16,170.3 1 0
github.com/MamangRust/monolith-payment-gateway-pkg/adapter/card_grpc.go:171.2,171.10 1 0
github.com/MamangRust/monolith-payment-gateway-pkg/adapter/merchant_grpc.go:14.93,18.2 1 0
github.com/MamangRust/monolith-payment-gateway-pkg/adapter/merchant_grpc.go:20.115,24.16 2 0
github.com/MamangRust/monolith-payment-gateway-pkg/adapter/merchant_grpc.go:24.16,26.3 1 0
github.com/MamangRust/monolith-payment-gateway-pkg/adapter/merchant_grpc.go:28.2,34.8 1 0
github.com/MamangRust/monolith-payment-gateway-pkg/adapter/saldo_grpc.go:18.130,23.2 1 0
github.com/MamangRust/monolith-payment-gateway-pkg/adapter/saldo_grpc.go:25.105,29.16 2 0
github.com/MamangRust/monolith-payment-gateway-pkg/adapter/saldo_grpc.go:29.16,31.3 1 0
github.com/MamangRust/monolith-payment-gateway-pkg/adapter/saldo_grpc.go:33.2,33.48 1 0
github.com/MamangRust/monolith-payment-gateway-pkg/adapter/saldo_grpc.go:36.141,41.16 2 0
github.com/MamangRust/monolith-payment-gateway-pkg/adapter/saldo_grpc.go:41.16,43.3 1 0
github.com/MamangRust/monolith-payment-gateway-pkg/adapter/saldo_grpc.go:45.2,49.8 1 0
github.com/MamangRust/monolith-payment-gateway-pkg/adapter/saldo_grpc.go:52.144,54.33 2 0
github.com/MamangRust/monolith-payment-gateway-pkg/adapter/saldo_grpc.go:54.33,56.3 1 0
github.com/MamangRust/monolith-payment-gateway-pkg/adapter/saldo_grpc.go:58.2,59.35 2 0
github.com/MamangRust/monolith-payment-gateway-pkg/adapter/saldo_grpc.go:59.35,61.3 1 0
github.com/MamangRust/monolith-payment-gateway-pkg/adapter/saldo_grpc.go:63.2,69.16 2 0
github.com/MamangRust/monolith-payment-gateway-pkg/adapter/saldo_grpc.go:69.16,71.3 1 0
github.com/MamangRust/monolith-payment-gateway-pkg/adapter/saldo_grpc.go:73.2,81.8 1 0
github.com/MamangRust/monolith-payment-gateway-pkg/adapter/saldo_grpc.go:84.70,85.14 1 0
github.com/MamangRust/monolith-payment-gateway-pkg/adapter/saldo_grpc.go:85.14,87.3 1 0
github.com/MamangRust/monolith-payment-gateway-pkg/adapter/saldo_grpc.go:89.2,95.27 2 0
github.com/MamangRust/monolith-payment-gateway-pkg/adapter/saldo_grpc.go:95.27,98.3 2 0
github.com/MamangRust/monolith-payment-gateway-pkg/adapter/saldo_grpc.go:100.2,104.14 4 0
github.com/MamangRust/monolith-payment-gateway-pkg/adapter/saldo_grpc.go:107.41,108.14 1 0
github.com/MamangRust/monolith-payment-gateway-pkg/adapter/saldo_grpc.go:108.14,110.3 1 0
github.com/MamangRust/monolith-payment-gateway-pkg/adapter/saldo_grpc.go:111.2,112.16 2 0
github.com/MamangRust/monolith-payment-gateway-pkg/adapter/saldo_grpc.go:112.16,114.3 1 0
github.com/MamangRust/monolith-payment-gateway-pkg/adapter/saldo_grpc.go:115.2,115.11 1 0
github.com/MamangRust/monolith-payment-gateway-pkg/api-key/apikey.go:10.39,13.16 3 1
github.com/MamangRust/monolith-payment-gateway-pkg/api-key/apikey.go:13.16,15.3 1 0
github.com/MamangRust/monolith-payment-gateway-pkg/api-key/apikey.go:16.2,16.37 1 1
github.com/MamangRust/monolith-payment-gateway-pkg/auth/token.go:29.53,30.21 1 4
github.com/MamangRust/monolith-payment-gateway-pkg/auth/token.go:30.21,32.3 1 0
github.com/MamangRust/monolith-payment-gateway-pkg/auth/token.go:33.2,33.52 1 4
github.com/MamangRust/monolith-payment-gateway-pkg/auth/token.go:44.78,55.2 4 2
github.com/MamangRust/monolith-payment-gateway-pkg/auth/token.go:61.69,62.89 1 3
github.com/MamangRust/monolith-payment-gateway-pkg/auth/token.go:62.89,63.58 1 2
github.com/MamangRust/monolith-payment-gateway-pkg/auth/token.go:63.58,65.4 1 0
github.com/MamangRust/monolith-payment-gateway-pkg/auth/token.go:67.3,67.34 1 2
github.com/MamangRust/monolith-payment-gateway-pkg/auth/token.go:70.2,70.16 1 3
github.com/MamangRust/monolith-payment-gateway-pkg/auth/token.go:70.16,71.42 1 2
github.com/MamangRust/monolith-payment-gateway-pkg/auth/token.go:71.42,73.4 1 1
github.com/MamangRust/monolith-payment-gateway-pkg/auth/token.go:74.3,74.58 1 1
github.com/MamangRust/monolith-payment-gateway-pkg/auth/token.go:77.2,78.9 2 1
github.com/MamangRust/monolith-payment-gateway-pkg/auth/token.go:78.9,80.3 1 0
github.com/MamangRust/monolith-payment-gateway-pkg/auth/token.go:82.2,82.36 1 1
github.com/MamangRust/monolith-payment-gateway-pkg/auth/mocks/token.go:31.69,35.2 3 0
github.com/MamangRust/monolith-payment-gateway-pkg/auth/mocks/token.go:38.67,40.2 1 0
github.com/MamangRust/monolith-payment-gateway-pkg/auth/mocks/token.go:43.87,49.2 5 0
github.com/MamangRust/monolith-payment-gateway-pkg/auth/mocks/token.go:52.90,55.2 2 0
github.com/MamangRust/monolith-payment-gateway-pkg/auth/mocks/token.go:58.78,64.2 5 0
github.com/MamangRust/monolith-payment-gateway-pkg/auth/mocks/token.go:67.85,70.2 2 0
github.com/MamangRust/monolith-payment-gateway-pkg/database/connect.go:14.70,17.49 2 0
github.com/MamangRust/monolith-payment-gateway-pkg/database/connect.go:17.49,20.3 2 0
github.com/MamangRust/monolith-payment-gateway-pkg/database/connect.go:22.2,31.16 3 0
github.com/MamangRust/monolith-payment-gateway-pkg/database/connect.go:31.16,34.3 2 0
github.com/MamangRust/monolith-payment-gateway-pkg/database/connect.go:36.2,37.23 2 0
github.com/MamangRust/monolith-payment-gateway-pkg/database/connect.go:37.23,39.3 1 0
github.com/MamangRust/monolith-payment-gateway-pkg/database/connect.go:40.2,43.23 3 0
github.com/MamangRust/monolith-payment-gateway-pkg/database/connect.go:43.23,45.3 1 0
github.com/MamangRust/monolith-payment-gateway-pkg/database/connect.go:46.2,49.26 3 0
github.com/MamangRust/monolith-payment-gateway-pkg/database/connect.go:49.26,51.3 1 0
github.com/MamangRust/monolith-payment-gateway-pkg/database/connect.go:52.2,55.26 3 0
github.com/MamangRust/monolith-payment-gateway-pkg/database/connect.go:55.26,57.3 1 0
github.com/MamangRust/monolith-payment-gateway-pkg/database/connect.go:58.2,61.28 3 0
github.com/MamangRust/monolith-payment-gateway-pkg/database/connect.go:61.28,63.3 1 0
github.com/MamangRust/monolith-payment-gateway-pkg/database/connect.go:64.2,68.16 4 0
github.com/MamangRust/monolith-payment-gateway-pkg/database/connect.go:68.16,71.3 2 0
github.com/MamangRust/monolith-payment-gateway-pkg/database/connect.go:73.2,73.39 1 0
github.com/MamangRust/monolith-payment-gateway-pkg/database/connect.go:73.39,77.3 3 0
github.com/MamangRust/monolith-payment-gateway-pkg/database/connect.go:79.2,88.18 2 0
github.com/MamangRust/monolith-payment-gateway-pkg/database/gorm.go:19.69,21.67 2 0
github.com/MamangRust/monolith-payment-gateway-pkg/database/gorm.go:21.67,24.3 2 0
github.com/MamangRust/monolith-payment-gateway-pkg/database/gorm.go:26.2,36.23 3 0
github.com/MamangRust/monolith-payment-gateway-pkg/database/gorm.go:36.23,38.3 1 0
github.com/MamangRust/monolith-payment-gateway-pkg/database/gorm.go:40.2,41.23 2 0
github.com/MamangRust/monolith-payment-gateway-pkg/database/gorm.go:41.23,43.3 1 0
github.com/MamangRust/monolith-payment-gateway-pkg/database/gorm.go:45.2,46.26 2 0
github.com/MamangRust/monolith-payment-gateway-pkg/database/gorm.go:46.26,48.3 1 0
github.com/MamangRust/monolith-payment-gateway-pkg/database/gorm.go:50.2,51.26 2 0
github.com/MamangRust/monolith-payment-gateway-pkg/database/gorm.go:51.26,53.3 1 0
github.com/MamangRust/monolith-payment-gateway-pkg/database/gorm.go:55.2,58.16 2 0
github.com/MamangRust/monolith-payment-gateway-pkg/database/gorm.go:58.16,61.3 2 0
github.com/MamangRust/monolith-payment-gateway-pkg/database/gorm.go:63.2,64.16 2 0
github.com/MamangRust/monolith-payment-gateway-pkg/database/gorm.go:64.16,67.3 2 0
github.com/MamangRust/monolith-payment-gateway-pkg/database/gorm.go:69.2,74.37 5 0
github.com/MamangRust/monolith-payment-gateway-pkg/database/gorm.go:74.37,77.3 2 0
github.com/MamangRust/monolith-payment-gateway-pkg/database/gorm.go:79.2,86.20 2 0
github.com/MamangRust/monolith-payment-gateway-pkg/database/gormerr/errors.go:11.39,13.2 1 0
github.com/MamangRust/monolith-payment-gateway-pkg/database/gormerr/errors.go:17.37,18.16 1 0
github.com/MamangRust/monolith-payment-gateway-pkg/database/gormerr/errors.go:18.16,20.3 1 0
github.com/MamangRust/monolith-payment-gateway-pkg/database/gormerr/errors.go:21.2,21.46 1 0
github.com/MamangRust/monolith-payment-gateway-pkg/database/models/models.go:24.32,24.50 1 0
github.com/MamangRust/monolith-payment-gateway-pkg/database/models/models.go:35.32,35.50 1 0
github.com/MamangRust/monolith-payment-gateway-pkg/database/models/models.go:47.36,47.59 1 0
github.com/MamangRust/monolith-payment-gateway-pkg/database/models/models.go:68.32,68.50 1 0
github.com/MamangRust/monolith-payment-gateway-pkg/database/models/models.go:84.36,84.58 1 0
github.com/MamangRust/monolith-payment-gateway-pkg/database/models/models.go:101.44,101.75 1 0
github.com/MamangRust/monolith-payment-gateway-pkg/database/models/models.go:115.33,115.52 1 0
github.com/MamangRust/monolith-payment-gateway-pkg/database/models/models.go:132.33,132.52 1 0
github.com/MamangRust/monolith-payment-gateway-pkg/database/models/models.go:151.39,151.64 1 0
github.com/MamangRust/monolith-payment-gateway-pkg/database/models/models.go:168.36,168.58 1 0
github.com/MamangRust/monolith-payment-gateway-pkg/database/models/models.go:184.36,184.58 1 0
github.com/MamangRust/monolith-payment-gateway-pkg/database/models/models.go:197.40,197.67 1 0
github.com/MamangRust/monolith-payment-gateway-pkg/database/models/models.go:207.38,207.63 1 0
github.com/MamangRust/monolith-payment-gateway-pkg/database/models/models.go:222.40,222.67 1 0
github.com/MamangRust/monolith-payment-gateway-pkg/database/models/models.go:241.47,241.82 1 0
github.com/MamangRust/monolith-payment-gateway-pkg/database/models/models.go:257.39,257.65 1 0
github.com/MamangRust/monolith-payment-gateway-pkg/database/models/models.go:272.38,272.63 1 0
github.com/MamangRust/monolith-payment-gateway-pkg/database/models/models.go:292.39,292.65 1 0
github.com/MamangRust/monolith-payment-gateway-pkg/database/models/models.go:312.41,312.68 1 0
github.com/MamangRust/monolith-payment-gateway-pkg/database/models/models.go:325.40,325.68 1 0
github.com/MamangRust/monolith-payment-gateway-pkg/database/gormtx/tx.go:14.82,15.65 1 0
github.com/MamangRust/monolith-payment-gateway-pkg/database/gormtx/tx.go:15.65,16.32 1 0
github.com/MamangRust/monolith-payment-gateway-pkg/database/gormtx/tx.go:16.32,18.4 1 0
github.com/MamangRust/monolith-payment-gateway-pkg/database/gormtx/tx.go:19.3,19.13 1 0
github.com/MamangRust/monolith-payment-gateway-pkg/database/schema/card.sql.go:71.112,90.2 4 0
github.com/MamangRust/monolith-payment-gateway-pkg/database/schema/card.sql.go:100.107,119.2 4 0
github.com/MamangRust/monolith-payment-gateway-pkg/database/schema/card.sql.go:128.92,133.2 4 0
github.com/MamangRust/monolith-payment-gateway-pkg/database/schema/card.sql.go:147.122,152.2 4 0
github.com/MamangRust/monolith-payment-gateway-pkg/database/schema/card.sql.go:212.97,234.2 4 0
github.com/MamangRust/monolith-payment-gateway-pkg/database/schema/card.sql.go:244.107,263.2 4 0
github.com/MamangRust/monolith-payment-gateway-pkg/database/schema/card.sql.go:275.70,278.2 2 0
github.com/MamangRust/monolith-payment-gateway-pkg/database/schema/card.sql.go:293.82,296.2 2 0
github.com/MamangRust/monolith-payment-gateway-pkg/database/schema/card.sql.go:363.138,365.16 2 0
github.com/MamangRust/monolith-payment-gateway-pkg/database/schema/card.sql.go:365.16,367.3 1 0
github.com/MamangRust/monolith-payment-gateway-pkg/database/schema/card.sql.go:368.2,370.18 3 0
github.com/MamangRust/monolith-payment-gateway-pkg/database/schema/card.sql.go:370.18,384.17 2 0
github.com/MamangRust/monolith-payment-gateway-pkg/database/schema/card.sql.go:384.17,386.4 1 0
github.com/MamangRust/monolith-payment-gateway-pkg/database/schema/card.sql.go:387.3,387.28 1 0
github.com/MamangRust/monolith-payment-gateway-pkg/database/schema/card.sql.go:389.2,389.35 1 0
github.com/MamangRust/monolith-payment-gateway-pkg/database/schema/card.sql.go:389.35,391.3 1 0
github.com/MamangRust/monolith-payment-gateway-pkg/database/schema/card.sql.go:392.2,392.19 1 0
github.com/MamangRust/monolith-payment-gateway-pkg/database/schema/card.sql.go:403.128,422.2 4 0
github.com/MamangRust/monolith-payment-gateway-pkg/database/schema/card.sql.go:431.110,450.2 4 0
github.com/MamangRust/monolith-payment-gateway-pkg/database/schema/card.sql.go:485.162,487.16 2 0
github.com/MamangRust/monolith-payment-gateway-pkg/database/schema/card.sql.go:487.16,489.3 1 0
github.com/MamangRust/monolith-payment-gateway-pkg/database/schema/card.sql.go:490.2,492.18 3 0
github.com/MamangRust/monolith-payment-gateway-pkg/database/schema/card.sql.go:492.18,509.17 2 0
github.com/MamangRust/monolith-payment-gateway-pkg/database/schema/card.sql.go:509.17,511.4 1 0
github.com/MamangRust/monolith-payment-gateway-pkg/database/schema/card.sql.go:512.3,512.28 1 0
github.com/MamangRust/monolith-payment-gateway-pkg/database/schema/card.sql.go:514.2,514.35 1 0
github.com/MamangRust/monolith-payment-gateway-pkg/database/schema/card.sql.go:514.35,516.3 1 0
github.com/MamangRust/monolith-payment-gateway-pkg/database/schema/card.sql.go:517.2,517.19 1 0
github.com/MamangRust/monolith-payment-gateway-pkg/database/schema/card.sql.go:536.100,551.2 4 0
github.com/MamangRust/monolith-payment-gateway-pkg/database/schema/card.sql.go:570.109,585.2 4 0
github.com/MamangRust/monolith-payment-gateway-pkg/database/schema/card.sql.go:614.113,616.16 2 0
github.com/MamangRust/monolith-payment-gateway-pkg/database/schema/card.sql.go:616.16,618.3 1 0
github.com/MamangRust/monolith-payment-gateway-pkg/database/schema/card.sql.go:619.2,621.18 3 0
github.com/MamangRust/monolith-payment-gateway-pkg/database/schema/card.sql.go:621.18,633.17 2 0
github.com/MamangRust/monolith-payment-gateway-pkg/database/schema/card.sql.go:633.17,635.4 1 0
github.com/MamangRust/monolith-payment-gateway-pkg/database/schema/card.sql.go:636.3,636.28 1 0
github.com/MamangRust/monolith-payment-gateway-pkg/database/schema/card.sql.go:638.2,638.35 1 0
github.com/MamangRust/monolith-payment-gateway-pkg/database/schema/card.sql.go:638.35,640.3 1 0
github.com/MamangRust/monolith-payment-gateway-pkg/database/schema/card.sql.go:641.2,641.19 1 0
github.com/MamangRust/monolith-payment-gateway-pkg/database/schema/card.sql.go:695.112,714.2 4 0
github.com/MamangRust/monolith-payment-gateway-pkg/database/schema/card.sql.go:764.132,783.2 4 0
github.com/MamangRust/monolith-payment-gateway-pkg/database/schema/card.sql.go:835.91,854.2 4 0
github.com/MamangRust/monolith-payment-gateway-pkg/database/schema/card.sql.go:908.99,927.2 4 0
github.com/MamangRust/monolith-payment-gateway-pkg/database/schema/card.sql.go:939.110,955.2 4 0
github.com/MamangRust/monolith-payment-gateway-pkg/database/schema/card.sql.go:987.150,989.16 2 0
github.com/MamangRust/monolith-payment-gateway-pkg/database/schema/card.sql.go:989.16,991.3 1 0
github.com/MamangRust/monolith-payment-gateway-pkg/database/schema/card.sql.go:992.2,994.18 3 0
github.com/MamangRust/monolith-payment-gateway-pkg/database/schema/card.sql.go:994.18,1008.17 2 0
github.com/MamangRust/monolith-payment-gateway-pkg/database/schema/card.sql.go:1008.17,1010.4 1 0
github.com/MamangRust/monolith-payment-gateway-pkg/database/schema/card.sql.go:1011.3,1011.28 1 0
github.com/MamangRust/monolith-payment-gateway-pkg/database/schema/card.sql.go:1013.2,1013.35 1 0
github.com/MamangRust/monolith-payment-gateway-pkg/database/schema/card.sql.go:1013.35,1015.3 1 0
github.com/MamangRust/monolith-payment-gateway-pkg/database/schema/card.sql.go:1016.2,1016.19 1 0
github.com/MamangRust/monolith-payment-gateway-pkg/database/schema/card.sql.go:1028.95,1033.2 4 0
github.com/MamangRust/monolith-payment-gateway-pkg/database/schema/card.sql.go:1043.103,1045.16 2 0
github.com/MamangRust/monolith-payment-gateway-pkg/database/schema/card.sql.go:1045.16,1047.3 1 0
github.com/MamangRust/monolith-payment-gateway-pkg/database/schema/card.sql.go:1048.2,1050.18 3 0
github.com/MamangRust/monolith-payment-gateway-pkg/database/schema/card.sql.go:1050.18,1062.17 2 0
github.com/MamangRust/monolith-payment-gateway-pkg/database/schema/card.sql.go:1062.17,1064.4 1 0
github.com/MamangRust/monolith-payment-gateway-pkg/database/schema/card.sql.go:1065.3,1065.28 1 0
github.com/MamangRust/monolith-payment-gateway-pkg/database/schema/card.sql.go:1067.2,1067.35 1 0
github.com/MamangRust/monolith-payment-gateway-pkg/database/schema/card.sql.go:1067.35,1069.3 1 0
github.com/MamangRust/monolith-payment-gateway-pkg/database/schema/card.sql.go:1070.2,1070.19 1 0
github.com/MamangRust/monolith-payment-gateway-pkg/database/schema/card.sql.go:1136.93,1138.16 2 0
github.com/MamangRust/monolith-payment-gateway-pkg/database/schema/card.sql.go:1138.16,1140.3 1 0
github.com/MamangRust/monolith-payment-gateway-pkg/database/schema/card.sql.go:1141.2,1143.18 3 0
github.com/MamangRust/monolith-payment-gateway-pkg/database/schema/card.sql.go:1143.18,1156.17 2 0
github.com/MamangRust/monolith-payment-gateway-pkg/database/schema/card.sql.go:1156.17,1158.4 1 0
github.com/MamangRust/monolith-payment-gateway-pkg/database/schema/card.sql.go:1159.3,1159.28 1 0
github.com/MamangRust/monolith-payment-gateway-pkg/database/schema/card.sql.go:1161.2,1161.35 1 0
github.com/MamangRust/monolith-payment-gateway-pkg/database/schema/card.sql.go:1161.35,1163.3 1 0
github.com/MamangRust/monolith-payment-gateway-pkg/database/schema/card.sql.go:1164.2,1164.19 1 0
github.com/MamangRust/monolith-payment-gateway-pkg/database/schema/card.sql.go:1182.75,1187.2 4 0
github.com/MamangRust/monolith-payment-gateway-pkg/database/schema/card.sql.go:1208.106,1213.2 4 0
github.com/MamangRust/monolith-payment-gateway-pkg/database/schema/card.sql.go:1230.81,1235.2 4 0
github.com/MamangRust/monolith-payment-gateway-pkg/database/schema/card.sql.go:1256.112,1261.2 4 0
github.com/MamangRust/monolith-payment-gateway-pkg/database/schema/card.sql.go:1278.88,1283.2 4 0
github.com/MamangRust/monolith-payment-gateway-pkg/database/schema/card.sql.go:1304.117,1309.2 4 0
github.com/MamangRust/monolith-payment-gateway-pkg/database/schema/card.sql.go:1326.86,1331.2 4 0
github.com/MamangRust/monolith-payment-gateway-pkg/database/schema/card.sql.go:1352.117,1357.2 4 0
github.com/MamangRust/monolith-payment-gateway-pkg/database/schema/card.sql.go:1374.78,1379.2 4 0
github.com/MamangRust/monolith-payment-gateway-pkg/database/schema/card.sql.go:1400.109,1405.2 4 0
github.com/MamangRust/monolith-payment-gateway-pkg/database/schema/card.sql.go:1460.113,1462.16 2 0
github.com/MamangRust/monolith-payment-gateway-pkg/database/schema/card.sql.go:1462.16,1464.3 1 0
github.com/MamangRust/monolith-payment-gateway-pkg/database/schema/card.sql.go:1465.2,1467.18 3 0
github.com/MamangRust/monolith-payment-gateway-pkg/database/schema/card.sql.go:1467.18,1469.62 2 0
github.com/MamangRust/monolith-payment-gateway-pkg/database/schema/card.sql.go:1469.62,1471.4 1 0
github.com/MamangRust/monolith-payment-gateway-pkg/database/schema/card.sql.go:1472.3,1472.28 1 0
github.com/MamangRust/monolith-payment-gateway-pkg/database/schema/card.sql.go:1474.2,1474.35 1 0
github.com/MamangRust/monolith-payment-gateway-pkg/database/schema/card.sql.go:1474.35,1476.3 1 0
github.com/MamangRust/monolith-payment-gateway-pkg/database/schema/card.sql.go:1477.2,1477.19 1 0
github.com/MamangRust/monolith-payment-gateway-pkg/database/schema/card.sql.go:1540.159,1542.16 2 0
github.com/MamangRust/monolith-payment-gateway-pkg/database/schema/card.sql.go:1542.16,1544.3 1 0
github.com/MamangRust/monolith-payment-gateway-pkg/database/schema/card.sql.go:1545.2,1547.18 3 0
github.com/MamangRust/monolith-payment-gateway-pkg/database/schema/card.sql.go:1547.18,1549.62 2 0
github.com/MamangRust/monolith-payment-gateway-pkg/database/schema/card.sql.go:1549.62,1551.4 1 0
github.com/MamangRust/monolith-payment-gateway-pkg/database/schema/card.sql.go:1552.3,1552.28 1 0
github.com/MamangRust/monolith-payment-gateway-pkg/database/schema/card.sql.go:1554.2,1554.35 1 0
github.com/MamangRust/monolith-payment-gateway-pkg/database/schema/card.sql.go:1554.35,1556.3 1 0
github.com/MamangRust/monolith-payment-gateway-pkg/database/schema/card.sql.go:1557.2,1557.19 1 0
github.com/MamangRust/monolith-payment-gateway-pkg/database/schema/card.sql.go:1614.119,1616.16 2 0
github.com/MamangRust/monolith-payment-gateway-pkg/database/schema/card.sql.go:1616.16,1618.3 1 0
github.com/MamangRust/monolith-payment-gateway-pkg/database/schema/card.sql.go:1619.2,1621.18 3 0
github.com/MamangRust/monolith-payment-gateway-pkg/database/schema/card.sql.go:1621.18,1623.66 2 0
github.com/MamangRust/monolith-payment-gateway-pkg/database/schema/card.sql.go:1623.66,1625.4 1 0
github.com/MamangRust/monolith-payment-gateway-pkg/database/schema/card.sql.go:1626.3,1626.28 1 0
github.com/MamangRust/monolith-payment-gateway-pkg/database/schema/card.sql.go:1628.2,1628.35 1 0
github.com/MamangRust/monolith-payment-gateway-pkg/database/schema/card.sql.go:1628.35,1630.3 1 0
github.com/MamangRust/monolith-payment-gateway-pkg/database/schema/card.sql.go:1631.2,1631.19 1 0
github.com/MamangRust/monolith-payment-gateway-pkg/database/schema/card.sql.go:1695.168,1697.16 2 0
github.com/MamangRust/monolith-payment-gateway-pkg/database/schema/card.sql.go:1697.16,1699.3 1 0
github.com/MamangRust/monolith-payment-gateway-pkg/database/schema/card.sql.go:1700.2,1702.18 3 0
github.com/MamangRust/monolith-payment-gateway-pkg/database/schema/card.sql.go:1702.18,1704.66 2 0
github.com/MamangRust/monolith-payment-gateway-pkg/database/schema/card.sql.go:1704.66,1706.4 1 0
github.com/MamangRust/monolith-payment-gateway-pkg/database/schema/card.sql.go:1707.3,1707.28 1 0
github.com/MamangRust/monolith-payment-gateway-pkg/database/schema/card.sql.go:1709.2,1709.35 1 0
github.com/MamangRust/monolith-payment-gateway-pkg/database/schema/card.sql.go:1709.35,1711.3 1 0
github.com/MamangRust/monolith-payment-gateway-pkg/database/schema/card.sql.go:1712.2,1712.19 1 0
github.com/MamangRust/monolith-payment-gateway-pkg/database/schema/card.sql.go:1771.131,1773.16 2 0
github.com/MamangRust/monolith-payment-gateway-pkg/database/schema/card.sql.go:1773.16,1775.3 1 0
github.com/MamangRust/monolith-payment-gateway-pkg/database/schema/card.sql.go:1776.2,1778.18 3 0
github.com/MamangRust/monolith-payment-gateway-pkg/database/schema/card.sql.go:1778.18,1780.72 2 0
github.com/MamangRust/monolith-payment-gateway-pkg/database/schema/card.sql.go:1780.72,1782.4 1 0
github.com/MamangRust/monolith-payment-gateway-pkg/database/schema/card.sql.go:1783.3,1783.28 1 0
github.com/MamangRust/monolith-payment-gateway-pkg/database/schema/card.sql.go:1785.2,1785.35 1 0
github.com/MamangRust/monolith-payment-gateway-pkg/database/schema/card.sql.go:1785.35,1787.3 1 0
github.com/MamangRust/monolith-payment-gateway-pkg/database/schema/card.sql.go:1788.2,1788.19 1 0
github.com/MamangRust/monolith-payment-gateway-pkg/database/schema/card.sql.go:1854.186,1856.16 2 0
github.com/MamangRust/monolith-payment-gateway-pkg/database/schema/card.sql.go:1856.16,1858.3 1 0
github.com/MamangRust/monolith-payment-gateway-pkg/database/schema/card.sql.go:1859.2,1861.18 3 0
github.com/MamangRust/monolith-payment-gateway-pkg/database/schema/card.sql.go:1861.18,1863.72 2 0
github.com/MamangRust/monolith-payment-gateway-pkg/database/schema/card.sql.go:1863.72,1865.4 1 0
github.com/MamangRust/monolith-payment-gateway-pkg/database/schema/card.sql.go:1866.3,1866.28 1 0
github.com/MamangRust/monolith-payment-gateway-pkg/database/schema/card.sql.go:1868.2,1868.35 1 0
github.com/MamangRust/monolith-payment-gateway-pkg/database/schema/card.sql.go:1868.35,1870.3 1 0
github.com/MamangRust/monolith-payment-gateway-pkg/database/schema/card.sql.go:1871.2,1871.19 1 0
github.com/MamangRust/monolith-payment-gateway-pkg/database/schema/card.sql.go:1933.171,1935.16 2 0
github.com/MamangRust/monolith-payment-gateway-pkg/database/schema/card.sql.go:1935.16,1937.3 1 0
github.com/MamangRust/monolith-payment-gateway-pkg/database/schema/card.sql.go:1938.2,1940.18 3 0
github.com/MamangRust/monolith-payment-gateway-pkg/database/schema/card.sql.go:1940.18,1942.69 2 0
github.com/MamangRust/monolith-payment-gateway-pkg/database/schema/card.sql.go:1942.69,1944.4 1 0
github.com/MamangRust/monolith-payment-gateway-pkg/database/schema/card.sql.go:1945.3,1945.28 1 0
github.com/MamangRust/monolith-payment-gateway-pkg/database/schema/card.sql.go:1947.2,1947.35 1 0
github.com/MamangRust/monolith-payment-gateway-pkg/database/schema/card.sql.go:1947.35,1949.3 1 0
github.com/MamangRust/monolith-payment-gateway-pkg/database/schema/card.sql.go:1950.2,1950.19 1 0
github.com/MamangRust/monolith-payment-gateway-pkg/database/schema/card.sql.go:2012.165,2014.16 2 0
github.com/MamangRust/monolith-payment-gateway-pkg/database/schema/card.sql.go:2014.16,2016.3 1 0
github.com/MamangRust/monolith-payment-gateway-pkg/database/schema/card.sql.go:2017.2,2019.18 3 0
github.com/MamangRust/monolith-payment-gateway-pkg/database/schema/card.sql.go:2019.18,2021.65 2 0
github.com/MamangRust/monolith-payment-gateway-pkg/database/schema/card.sql.go:2021.65,2023.4 1 0
github.com/MamangRust/monolith-payment-gateway-pkg/database/schema/card.sql.go:2024.3,2024.28 1 0
github.com/MamangRust/monolith-payment-gateway-pkg/database/schema/card.sql.go:2026.2,2026.35 1 0
github.com/MamangRust/monolith-payment-gateway-pkg/database/schema/card.sql.go:2026.35,2028.3 1 0
github.com/MamangRust/monolith-payment-gateway-pkg/database/schema/card.sql.go:2029.2,2029.19 1 0
github.com/MamangRust/monolith-payment-gateway-pkg/database/schema/card.sql.go:2083.141,2085.16 2 0
github.com/MamangRust/monolith-payment-gateway-pkg/database/schema/card.sql.go:2085.16,2087.3 1 0
github.com/MamangRust/monolith-payment-gateway-pkg/database/schema/card.sql.go:2088.2,2090.18 3 0
github.com/MamangRust/monolith-payment-gateway-pkg/database/schema/card.sql.go:2090.18,2092.69 2 0
github.com/MamangRust/monolith-payment-gateway-pkg/database/schema/card.sql.go:2092.69,2094.4 1 0
github.com/MamangRust/monolith-payment-gateway-pkg/database/schema/card.sql.go:2095.3,2095.28 1 0
github.com/MamangRust/monolith-payment-gateway-pkg/database/schema/card.sql.go:2097.2,2097.35 1 0
github.com/MamangRust/monolith-payment-gateway-pkg/database/schema/card.sql.go:2097.35,2099.3 1 0
github.com/MamangRust/monolith-payment-gateway-pkg/database/schema/card.sql.go:2100.2,2100.19 1 0
github.com/MamangRust/monolith-payment-gateway-pkg/database/schema/card.sql.go:2154.137,2156.16 2 0
github.com/MamangRust/monolith-payment-gateway-pkg/database/schema/card.sql.go:2156.16,2158.3 1 0
github.com/MamangRust/monolith-payment-gateway-pkg/database/schema/card.sql.go:2159.2,2161.18 3 0
github.com/MamangRust/monolith-payment-gateway-pkg/database/schema/card.sql.go:2161.18,2163.65 2 0
github.com/MamangRust/monolith-payment-gateway-pkg/database/schema/card.sql.go:2163.65,2165.4 1 0
github.com/MamangRust/monolith-payment-gateway-pkg/database/schema/card.sql.go:2166.3,2166.28 1 0
github.com/MamangRust/monolith-payment-gateway-pkg/database/schema/card.sql.go:2168.2,2168.35 1 0
github.com/MamangRust/monolith-payment-gateway-pkg/database/schema/card.sql.go:2168.35,2170.3 1 0
github.com/MamangRust/monolith-payment-gateway-pkg/database/schema/card.sql.go:2171.2,2171.19 1 0
github.com/MamangRust/monolith-payment-gateway-pkg/database/schema/card.sql.go:2228.125,2230.16 2 0
github.com/MamangRust/monolith-payment-gateway-pkg/database/schema/card.sql.go:2230.16,2232.3 1 0
github.com/MamangRust/monolith-payment-gateway-pkg/database/schema/card.sql.go:2233.2,2235.18 3 0
github.com/MamangRust/monolith-payment-gateway-pkg/database/schema/card.sql.go:2235.18,2237.69 2 0
github.com/MamangRust/monolith-payment-gateway-pkg/database/schema/card.sql.go:2237.69,2239.4 1 0
github.com/MamangRust/monolith-payment-gateway-pkg/database/schema/card.sql.go:2240.3,2240.28 1 0
github.com/MamangRust/monolith-payment-gateway-pkg/database/schema/card.sql.go:2242.2,2242.35 1 0
github.com/MamangRust/monolith-payment-gateway-pkg/database/schema/card.sql.go:2242.35,2244.3 1 0
github.com/MamangRust/monolith-payment-gateway-pkg/database/schema/card.sql.go:2245.2,2245.19 1 0
github.com/MamangRust/monolith-payment-gateway-pkg/database/schema/card.sql.go:2309.177,2311.16 2 0
github.com/MamangRust/monolith-payment-gateway-pkg/database/schema/card.sql.go:2311.16,2313.3 1 0
github.com/MamangRust/monolith-payment-gateway-pkg/database/schema/card.sql.go:2314.2,2316.18 3 0
github.com/MamangRust/monolith-payment-gateway-pkg/database/schema/card.sql.go:2316.18,2318.69 2 0
github.com/MamangRust/monolith-payment-gateway-pkg/database/schema/card.sql.go:2318.69,2320.4 1 0
github.com/MamangRust/monolith-payment-gateway-pkg/database/schema/card.sql.go:2321.3,2321.28 1 0
github.com/MamangRust/monolith-payment-gateway-pkg/database/schema/card.sql.go:2323.2,2323.35 1 0
github.com/MamangRust/monolith-payment-gateway-pkg/database/schema/card.sql.go:2323.35,2325.3 1 0
github.com/MamangRust/monolith-payment-gateway-pkg/database/schema/card.sql.go:2326.2,2326.19 1 0
github.com/MamangRust/monolith-payment-gateway-pkg/database/schema/card.sql.go:2345.120,2347.16 2 0
github.com/MamangRust/monolith-payment-gateway-pkg/database/schema/card.sql.go:2347.16,2349.3 1 0
github.com/MamangRust/monolith-payment-gateway-pkg/database/schema/card.sql.go:2350.2,2352.18 3 0
github.com/MamangRust/monolith-payment-gateway-pkg/database/schema/card.sql.go:2352.18,2354.65 2 0
github.com/MamangRust/monolith-payment-gateway-pkg/database/schema/card.sql.go:2354.65,2356.4 1 0
github.com/MamangRust/monolith-payment-gateway-pkg/database/schema/card.sql.go:2357.3,2357.28 1 0
github.com/MamangRust/monolith-payment-gateway-pkg/database/schema/card.sql.go:2359.2,2359.35 1 0
github.com/MamangRust/monolith-payment-gateway-pkg/database/schema/card.sql.go:2359.35,2361.3 1 0
github.com/MamangRust/monolith-payment-gateway-pkg/database/schema/card.sql.go:2362.2,2362.19 1 0
github.com/MamangRust/monolith-payment-gateway-pkg/database/schema/card.sql.go:2385.71,2390.2 4 0
github.com/MamangRust/monolith-payment-gateway-pkg/database/schema/card.sql.go:2417.102,2422.2 4 0
github.com/MamangRust/monolith-payment-gateway-pkg/database/schema/card.sql.go:2444.75,2449.2 4 0
github.com/MamangRust/monolith-payment-gateway-pkg/database/schema/card.sql.go:2475.106,2480.2 4 0
github.com/MamangRust/monolith-payment-gateway-pkg/database/schema/card.sql.go:2502.81,2507.2 4 0
github.com/MamangRust/monolith-payment-gateway-pkg/database/schema/card.sql.go:2533.112,2538.2 4 0
github.com/MamangRust/monolith-payment-gateway-pkg/database/schema/card.sql.go:2557.78,2562.2 4 0
github.com/MamangRust/monolith-payment-gateway-pkg/database/schema/card.sql.go:2585.107,2590.2 4 0
github.com/MamangRust/monolith-payment-gateway-pkg/database/schema/card.sql.go:2613.107,2618.2 4 0
github.com/MamangRust/monolith-payment-gateway-pkg/database/schema/card.sql.go:2640.78,2645.2 4 0
github.com/MamangRust/monolith-payment-gateway-pkg/database/schema/card.sql.go:2671.109,2676.2 4 0
github.com/MamangRust/monolith-payment-gateway-pkg/database/schema/card.sql.go:2696.88,2717.2 4 0
github.com/MamangRust/monolith-payment-gateway-pkg/database/schema/card.sql.go:2784.141,2786.16 2 0
github.com/MamangRust/monolith-payment-gateway-pkg/database/schema/card.sql.go:2786.16,2788.3 1 0
github.com/MamangRust/monolith-payment-gateway-pkg/database/schema/card.sql.go:2789.2,2791.18 3 0
github.com/MamangRust/monolith-payment-gateway-pkg/database/schema/card.sql.go:2791.18,2805.17 2 0
github.com/MamangRust/monolith-payment-gateway-pkg/database/schema/card.sql.go:2805.17,2807.4 1 0
github.com/MamangRust/monolith-payment-gateway-pkg/database/schema/card.sql.go:2808.3,2808.28 1 0
github.com/MamangRust/monolith-payment-gateway-pkg/database/schema/card.sql.go:2810.2,2810.35 1 0
github.com/MamangRust/monolith-payment-gateway-pkg/database/schema/card.sql.go:2810.35,2812.3 1 0
github.com/MamangRust/monolith-payment-gateway-pkg/database/schema/card.sql.go:2813.2,2813.19 1 0
github.com/MamangRust/monolith-payment-gateway-pkg/database/schema/card.sql.go:2839.122,2855.2 4 0
github.com/MamangRust/monolith-payment-gateway-pkg/database/schema/card.sql.go:2908.113,2910.16 2 0
github.com/MamangRust/monolith-payment-gateway-pkg/database/schema/card.sql.go:2910.16,2912.3 1 0
github.com/MamangRust/monolith-payment-gateway-pkg/database/schema/card.sql.go:2913.2,2915.18 3 0
github.com/MamangRust/monolith-payment-gateway-pkg/database/schema/card.sql.go:2915.18,2917.61 2 0
github.com/MamangRust/monolith-payment-gateway-pkg/database/schema/card.sql.go:2917.61,2919.4 1 0
github.com/MamangRust/monolith-payment-gateway-pkg/database/schema/card.sql.go:2920.3,2920.28 1 0
github.com/MamangRust/monolith-payment-gateway-pkg/database/schema/card.sql.go:2922.2,2922.35 1 0
github.com/MamangRust/monolith-payment-gateway-pkg/database/schema/card.sql.go:2922.35,2924.3 1 0
github.com/MamangRust/monolith-payment-gateway-pkg/database/schema/card.sql.go:2925.2,2925.19 1 0
github.com/MamangRust/monolith-payment-gateway-pkg/database/schema/card.sql.go:2986.156,2988.16 2 0
github.com/MamangRust/monolith-payment-gateway-pkg/database/schema/card.sql.go:2988.16,2990.3 1 0
github.com/MamangRust/monolith-payment-gateway-pkg/database/schema/card.sql.go:2991.2,2993.18 3 0
github.com/MamangRust/monolith-payment-gateway-pkg/database/schema/card.sql.go:2993.18,2995.61 2 0
github.com/MamangRust/monolith-payment-gateway-pkg/database/schema/card.sql.go:2995.61,2997.4 1 0
github.com/MamangRust/monolith-payment-gateway-pkg/database/schema/card.sql.go:2998.3,2998.28 1 0
github.com/MamangRust/monolith-payment-gateway-pkg/database/schema/card.sql.go:3000.2,3000.35 1 0
github.com/MamangRust/monolith-payment-gateway-pkg/database/schema/card.sql.go:3000.35,3002.3 1 0
github.com/MamangRust/monolith-payment-gateway-pkg/database/schema/card.sql.go:3003.2,3003.19 1 0
github.com/MamangRust/monolith-payment-gateway-pkg/database/schema/card.sql.go:3059.119,3061.16 2 0
github.com/MamangRust/monolith-payment-gateway-pkg/database/schema/card.sql.go:3061.16,3063.3 1 0
github.com/MamangRust/monolith-payment-gateway-pkg/database/schema/card.sql.go:3064.2,3066.18 3 0
github.com/MamangRust/monolith-payment-gateway-pkg/database/schema/card.sql.go:3066.18,3068.65 2 0
github.com/MamangRust/monolith-payment-gateway-pkg/database/schema/card.sql.go:3068.65,3070.4 1 0
github.com/MamangRust/monolith-payment-gateway-pkg/database/schema/card.sql.go:3071.3,3071.28 1 0
github.com/MamangRust/monolith-payment-gateway-pkg/database/schema/card.sql.go:3073.2,3073.35 1 0
github.com/MamangRust/monolith-payment-gateway-pkg/database/schema/card.sql.go:3073.35,3075.3 1 0
github.com/MamangRust/monolith-payment-gateway-pkg/database/schema/card.sql.go:3076.2,3076.19 1 0
github.com/MamangRust/monolith-payment-gateway-pkg/database/schema/card.sql.go:3139.165,3141.16 2 0
github.com/MamangRust/monolith-payment-gateway-pkg/database/schema/card.sql.go:3141.16,3143.3 1 0
github.com/MamangRust/monolith-payment-gateway-pkg/database/schema/card.sql.go:3144.2,3146.18 3 0
github.com/MamangRust/monolith-payment-gateway-pkg/database/schema/card.sql.go:3146.18,3148.65 2 0
github.com/MamangRust/monolith-payment-gateway-pkg/database/schema/card.sql.go:3148.65,3150.4 1 0
github.com/MamangRust/monolith-payment-gateway-pkg/database/schema/card.sql.go:3151.3,3151.28 1 0
github.com/MamangRust/monolith-payment-gateway-pkg/database/schema/card.sql.go:3153.2,3153.35 1 0
github.com/MamangRust/monolith-payment-gateway-pkg/database/schema/card.sql.go:3153.35,3155.3 1 0
github.com/MamangRust/monolith-payment-gateway-pkg/database/schema/card.sql.go:3156.2,3156.19 1 0
github.com/MamangRust/monolith-payment-gateway-pkg/database/schema/card.sql.go:3212.131,3214.16 2 0
github.com/MamangRust/monolith-payment-gateway-pkg/database/schema/card.sql.go:3214.16,3216.3 1 0
github.com/MamangRust/monolith-payment-gateway-pkg/database/schema/card.sql.go:3217.2,3219.18 3 0
github.com/MamangRust/monolith-payment-gateway-pkg/database/schema/card.sql.go:3219.18,3221.71 2 0
github.com/MamangRust/monolith-payment-gateway-pkg/database/schema/card.sql.go:3221.71,3223.4 1 0
github.com/MamangRust/monolith-payment-gateway-pkg/database/schema/card.sql.go:3224.3,3224.28 1 0
github.com/MamangRust/monolith-payment-gateway-pkg/database/schema/card.sql.go:3226.2,3226.35 1 0
github.com/MamangRust/monolith-payment-gateway-pkg/database/schema/card.sql.go:3226.35,3228.3 1 0
github.com/MamangRust/monolith-payment-gateway-pkg/database/schema/card.sql.go:3229.2,3229.19 1 0
github.com/MamangRust/monolith-payment-gateway-pkg/database/schema/card.sql.go:3292.183,3294.16 2 0
github.com/MamangRust/monolith-payment-gateway-pkg/database/schema/card.sql.go:3294.16,3296.3 1 0
github.com/MamangRust/monolith-payment-gateway-pkg/database/schema/card.sql.go:3297.2,3299.18 3 0
github.com/MamangRust/monolith-payment-gateway-pkg/database/schema/card.sql.go:3299.18,3301.71 2 0
github.com/MamangRust/monolith-payment-gateway-pkg/database/schema/card.sql.go:3301.71,3303.4 1 0
github.com/MamangRust/monolith-payment-gateway-pkg/database/schema/card.sql.go:3304.3,3304.28 1 0
github.com/MamangRust/monolith-payment-gateway-pkg/database/schema/card.sql.go:3306.2,3306.35 1 0
github.com/MamangRust/monolith-payment-gateway-pkg/database/schema/card.sql.go:3306.35,3308.3 1 0
github.com/MamangRust/monolith-payment-gateway-pkg/database/schema/card.sql.go:3309.2,3309.19 1 0
github.com/MamangRust/monolith-payment-gateway-pkg/database/schema/card.sql.go:3370.168,3372.16 2 0
github.com/MamangRust/monolith-payment-gateway-pkg/database/schema/card.sql.go:3372.16,3374.3 1 0
github.com/MamangRust/monolith-payment-gateway-pkg/database/schema/card.sql.go:3375.2,3377.18 3 0
github.com/MamangRust/monolith-payment-gateway-pkg/database/schema/card.sql.go:3377.18,3379.68 2 0
github.com/MamangRust/monolith-payment-gateway-pkg/database/schema/card.sql.go:3379.68,3381.4 1 0
github.com/MamangRust/monolith-payment-gateway-pkg/database/schema/card.sql.go:3382.3,3382.28 1 0
github.com/MamangRust/monolith-payment-gateway-pkg/database/schema/card.sql.go:3384.2,3384.35 1 0
github.com/MamangRust/monolith-payment-gateway-pkg/database/schema/card.sql.go:3384.35,3386.3 1 0
github.com/MamangRust/monolith-payment-gateway-pkg/database/schema/card.sql.go:3387.2,3387.19 1 0
github.com/MamangRust/monolith-payment-gateway-pkg/database/schema/card.sql.go:3448.162,3450.16 2 0
github.com/MamangRust/monolith-payment-gateway-pkg/database/schema/card.sql.go:3450.16,3452.3 1 0
github.com/MamangRust/monolith-payment-gateway-pkg/database/schema/card.sql.go:3453.2,3455.18 3 0
github.com/MamangRust/monolith-payment-gateway-pkg/database/schema/card.sql.go:3455.18,3457.64 2 0
github.com/MamangRust/monolith-payment-gateway-pkg/database/schema/card.sql.go:3457.64,3459.4 1 0
github.com/MamangRust/monolith-payment-gateway-pkg/database/schema/card.sql.go:3460.3,3460.28 1 0
github.com/MamangRust/monolith-payment-gateway-pkg/database/schema/card.sql.go:3462.2,3462.35 1 0
github.com/MamangRust/monolith-payment-gateway-pkg/database/schema/card.sql.go:3462.35,3464.3 1 0
github.com/MamangRust/monolith-payment-gateway-pkg/database/schema/card.sql.go:3465.2,3465.19 1 0
github.com/MamangRust/monolith-payment-gateway-pkg/database/schema/card.sql.go:3519.141,3521.16 2 0
github.com/MamangRust/monolith-payment-gateway-pkg/database/schema/card.sql.go:3521.16,3523.3 1 0
github.com/MamangRust/monolith-payment-gateway-pkg/database/schema/card.sql.go:3524.2,3526.18 3 0
github.com/MamangRust/monolith-payment-gateway-pkg/database/schema/card.sql.go:3526.18,3528.68 2 0
github.com/MamangRust/monolith-payment-gateway-pkg/database/schema/card.sql.go:3528.68,3530.4 1 0
github.com/MamangRust/monolith-payment-gateway-pkg/database/schema/card.sql.go:3531.3,3531.28 1 0
github.com/MamangRust/monolith-payment-gateway-pkg/database/schema/card.sql.go:3533.2,3533.35 1 0
github.com/MamangRust/monolith-payment-gateway-pkg/database/schema/card.sql.go:3533.35,3535.3 1 0
github.com/MamangRust/monolith-payment-gateway-pkg/database/schema/card.sql.go:3536.2,3536.19 1 0
github.com/MamangRust/monolith-payment-gateway-pkg/database/schema/card.sql.go:3590.137,3592.16 2 0
github.com/MamangRust/monolith-payment-gateway-pkg/database/schema/card.sql.go:3592.16,3594.3 1 0
github.com/MamangRust/monolith-payment-gateway-pkg/database/schema/card.sql.go:3595.2,3597.18 3 0
github.com/MamangRust/monolith-payment-gateway-pkg/database/schema/card.sql.go:3597.18,3599.64 2 0
github.com/MamangRust/monolith-payment-gateway-pkg/database/schema/card.sql.go:3599.64,3601.4 1 0
github.com/MamangRust/monolith-payment-gateway-pkg/database/schema/card.sql.go:3602.3,3602.28 1 0
github.com/MamangRust/monolith-payment-gateway-pkg/database/schema/card.sql.go:3604.2,3604.35 1 0
github.com/MamangRust/monolith-payment-gateway-pkg/database/schema/card.sql.go:3604.35,3606.3 1 0
github.com/MamangRust/monolith-payment-gateway-pkg/database/schema/card.sql.go:3607.2,3607.19 1 0
github.com/MamangRust/monolith-payment-gateway-pkg/database/schema/card.sql.go:3663.125,3665.16 2 0
github.com/MamangRust/monolith-payment-gateway-pkg/database/schema/card.sql.go:3665.16,3667.3 1 0
github.com/MamangRust/monolith-payment-gateway-pkg/database/schema/card.sql.go:3668.2,3670.18 3 0
github.com/MamangRust/monolith-payment-gateway-pkg/database/schema/card.sql.go:3670.18,3672.68 2 0
github.com/MamangRust/monolith-payment-gateway-pkg/database/schema/card.sql.go:3672.68,3674.4 1 0
github.com/MamangRust/monolith-payment-gateway-pkg/database/schema/card.sql.go:3675.3,3675.28 1 0
github.com/MamangRust/monolith-payment-gateway-pkg/database/schema/card.sql.go:3677.2,3677.35 1 0
github.com/MamangRust/monolith-payment-gateway-pkg/database/schema/card.sql.go:3677.35,3679.3 1 0
github.com/MamangRust/monolith-payment-gateway-pkg/database/schema/card.sql.go:3680.2,3680.19 1 0
github.com/MamangRust/monolith-payment-gateway-pkg/database/schema/card.sql.go:3743.174,3745.16 2 0
github.com/MamangRust/monolith-payment-gateway-pkg/database/schema/card.sql.go:3745.16,3747.3 1 0
github.com/MamangRust/monolith-payment-gateway-pkg/database/schema/card.sql.go:3748.2,3750.18 3 0
github.com/MamangRust/monolith-payment-gateway-pkg/database/schema/card.sql.go:3750.18,3752.68 2 0
github.com/MamangRust/monolith-payment-gateway-pkg/database/schema/card.sql.go:3752.68,3754.4 1 0
github.com/MamangRust/monolith-payment-gateway-pkg/database/schema/card.sql.go:3755.3,3755.28 1 0
github.com/MamangRust/monolith-payment-gateway-pkg/database/schema/card.sql.go:3757.2,3757.35 1 0
github.com/MamangRust/monolith-payment-gateway-pkg/database/schema/card.sql.go:3757.35,3759.3 1 0
github.com/MamangRust/monolith-payment-gateway-pkg/database/schema/card.sql.go:3760.2,3760.19 1 0
github.com/MamangRust/monolith-payment-gateway-pkg/database/schema/card.sql.go:3816.130,3844.2 4 0
github.com/MamangRust/monolith-payment-gateway-pkg/database/schema/card.sql.go:3891.112,3912.2 4 0
github.com/MamangRust/monolith-payment-gateway-pkg/database/schema/card.sql.go:3964.118,3987.2 4 0
github.com/MamangRust/monolith-payment-gateway-pkg/database/schema/card.sql.go:4016.106,4038.2 4 0
github.com/MamangRust/monolith-payment-gateway-pkg/database/schema/card.sql.go:4051.93,4056.2 4 0
github.com/MamangRust/monolith-payment-gateway-pkg/database/schema/card.sql.go:4129.119,4131.16 2 0
github.com/MamangRust/monolith-payment-gateway-pkg/database/schema/card.sql.go:4131.16,4133.3 1 0
github.com/MamangRust/monolith-payment-gateway-pkg/database/schema/card.sql.go:4134.2,4136.18 3 0
github.com/MamangRust/monolith-payment-gateway-pkg/database/schema/card.sql.go:4136.18,4148.17 2 0
github.com/MamangRust/monolith-payment-gateway-pkg/database/schema/card.sql.go:4148.17,4150.4 1 0
github.com/MamangRust/monolith-payment-gateway-pkg/database/schema/card.sql.go:4151.3,4151.28 1 0
github.com/MamangRust/monolith-payment-gateway-pkg/database/schema/card.sql.go:4153.2,4153.35 1 0
github.com/MamangRust/monolith-payment-gateway-pkg/database/schema/card.sql.go:4153.35,4155.3 1 0
github.com/MamangRust/monolith-payment-gateway-pkg/database/schema/card.sql.go:4156.2,4156.19 1 0
github.com/MamangRust/monolith-payment-gateway-pkg/database/schema/card.sql.go:4216.121,4235.2 4 0
github.com/MamangRust/monolith-payment-gateway-pkg/database/schema/card.sql.go:4251.62,4254.2 2 0
github.com/MamangRust/monolith-payment-gateway-pkg/database/schema/card.sql.go:4299.91,4315.2 4 0
github.com/MamangRust/monolith-payment-gateway-pkg/database/schema/card.sql.go:4325.107,4344.2 4 0
github.com/MamangRust/monolith-payment-gateway-pkg/database/schema/card.sql.go:4397.87,4417.2 4 0
github.com/MamangRust/monolith-payment-gateway-pkg/database/schema/card.sql.go:4460.119,4463.2 2 0
github.com/MamangRust/monolith-payment-gateway-pkg/database/schema/card.sql.go:4494.124,4509.2 4 0
github.com/MamangRust/monolith-payment-gateway-pkg/database/schema/card.sql.go:4568.97,4589.2 4 0
github.com/MamangRust/monolith-payment-gateway-pkg/database/schema/card.sql.go:4647.115,4666.2 4 0
github.com/MamangRust/monolith-payment-gateway-pkg/database/schema/card.sql.go:4721.118,4740.2 4 0
github.com/MamangRust/monolith-payment-gateway-pkg/database/schema/card.sql.go:4798.139,4817.2 4 0
github.com/MamangRust/monolith-payment-gateway-pkg/database/schema/card_event_logs.sql.go:33.112,52.2 4 0
github.com/MamangRust/monolith-payment-gateway-pkg/database/schema/db.go:20.28,22.2 1 0
github.com/MamangRust/monolith-payment-gateway-pkg/database/schema/db.go:28.46,32.2 1 0
github.com/MamangRust/monolith-payment-gateway-pkg/database/schema/merchant.sql.go:83.109,102.2 4 0
github.com/MamangRust/monolith-payment-gateway-pkg/database/schema/merchant.sql.go:113.74,116.2 2 0
github.com/MamangRust/monolith-payment-gateway-pkg/database/schema/merchant.sql.go:134.90,137.2 2 0
github.com/MamangRust/monolith-payment-gateway-pkg/database/schema/merchant.sql.go:212.126,214.16 2 0
github.com/MamangRust/monolith-payment-gateway-pkg/database/schema/merchant.sql.go:214.16,216.3 1 0
github.com/MamangRust/monolith-payment-gateway-pkg/database/schema/merchant.sql.go:217.2,219.18 3 0
github.com/MamangRust/monolith-payment-gateway-pkg/database/schema/merchant.sql.go:219.18,233.17 2 0
github.com/MamangRust/monolith-payment-gateway-pkg/database/schema/merchant.sql.go:233.17,235.4 1 0
github.com/MamangRust/monolith-payment-gateway-pkg/database/schema/merchant.sql.go:236.3,236.28 1 0
github.com/MamangRust/monolith-payment-gateway-pkg/database/schema/merchant.sql.go:238.2,238.35 1 0
github.com/MamangRust/monolith-payment-gateway-pkg/database/schema/merchant.sql.go:238.35,240.3 1 0
github.com/MamangRust/monolith-payment-gateway-pkg/database/schema/merchant.sql.go:241.2,241.19 1 0
github.com/MamangRust/monolith-payment-gateway-pkg/database/schema/merchant.sql.go:320.150,327.16 2 0
github.com/MamangRust/monolith-payment-gateway-pkg/database/schema/merchant.sql.go:327.16,329.3 1 0
github.com/MamangRust/monolith-payment-gateway-pkg/database/schema/merchant.sql.go:330.2,332.18 3 0
github.com/MamangRust/monolith-payment-gateway-pkg/database/schema/merchant.sql.go:332.18,346.17 2 0
github.com/MamangRust/monolith-payment-gateway-pkg/database/schema/merchant.sql.go:346.17,348.4 1 0
github.com/MamangRust/monolith-payment-gateway-pkg/database/schema/merchant.sql.go:349.3,349.28 1 0
github.com/MamangRust/monolith-payment-gateway-pkg/database/schema/merchant.sql.go:351.2,351.35 1 0
github.com/MamangRust/monolith-payment-gateway-pkg/database/schema/merchant.sql.go:351.35,353.3 1 0
github.com/MamangRust/monolith-payment-gateway-pkg/database/schema/merchant.sql.go:354.2,354.19 1 0
github.com/MamangRust/monolith-payment-gateway-pkg/database/schema/merchant.sql.go:433.156,440.16 2 0
github.com/MamangRust/monolith-payment-gateway-pkg/database/schema/merchant.sql.go:440.16,442.3 1 0
github.com/MamangRust/monolith-payment-gateway-pkg/database/schema/merchant.sql.go:443.2,445.18 3 0
github.com/MamangRust/monolith-payment-gateway-pkg/database/schema/merchant.sql.go:445.18,459.17 2 0
github.com/MamangRust/monolith-payment-gateway-pkg/database/schema/merchant.sql.go:459.17,461.4 1 0
github.com/MamangRust/monolith-payment-gateway-pkg/database/schema/merchant.sql.go:462.3,462.28 1 0
github.com/MamangRust/monolith-payment-gateway-pkg/database/schema/merchant.sql.go:464.2,464.35 1 0
github.com/MamangRust/monolith-payment-gateway-pkg/database/schema/merchant.sql.go:464.35,466.3 1 0
github.com/MamangRust/monolith-payment-gateway-pkg/database/schema/merchant.sql.go:467.2,467.19 1 0
github.com/MamangRust/monolith-payment-gateway-pkg/database/schema/merchant.sql.go:533.123,535.16 2 0
github.com/MamangRust/monolith-payment-gateway-pkg/database/schema/merchant.sql.go:535.16,537.3 1 0
github.com/MamangRust/monolith-payment-gateway-pkg/database/schema/merchant.sql.go:538.2,540.18 3 0
github.com/MamangRust/monolith-payment-gateway-pkg/database/schema/merchant.sql.go:540.18,553.17 2 0
github.com/MamangRust/monolith-payment-gateway-pkg/database/schema/merchant.sql.go:553.17,555.4 1 0
github.com/MamangRust/monolith-payment-gateway-pkg/database/schema/merchant.sql.go:556.3,556.28 1 0
github.com/MamangRust/monolith-payment-gateway-pkg/database/schema/merchant.sql.go:558.2,558.35 1 0
github.com/MamangRust/monolith-payment-gateway-pkg/database/schema/merchant.sql.go:558.35,560.3 1 0
github.com/MamangRust/monolith-payment-gateway-pkg/database/schema/merchant.sql.go:561.2,561.19 1 0
github.com/MamangRust/monolith-payment-gateway-pkg/database/schema/merchant.sql.go:603.108,617.2 4 0
github.com/MamangRust/monolith-payment-gateway-pkg/database/schema/merchant.sql.go:658.103,672.2 4 0
github.com/MamangRust/monolith-payment-gateway-pkg/database/schema/merchant.sql.go:713.102,727.2 4 0
github.com/MamangRust/monolith-payment-gateway-pkg/database/schema/merchant.sql.go:790.105,792.16 2 0
github.com/MamangRust/monolith-payment-gateway-pkg/database/schema/merchant.sql.go:792.16,794.3 1 0
github.com/MamangRust/monolith-payment-gateway-pkg/database/schema/merchant.sql.go:795.2,797.18 3 0
github.com/MamangRust/monolith-payment-gateway-pkg/database/schema/merchant.sql.go:797.18,809.17 2 0
github.com/MamangRust/monolith-payment-gateway-pkg/database/schema/merchant.sql.go:809.17,811.4 1 0
github.com/MamangRust/monolith-payment-gateway-pkg/database/schema/merchant.sql.go:812.3,812.28 1 0
github.com/MamangRust/monolith-payment-gateway-pkg/database/schema/merchant.sql.go:814.2,814.35 1 0
github.com/MamangRust/monolith-payment-gateway-pkg/database/schema/merchant.sql.go:814.35,816.3 1 0
github.com/MamangRust/monolith-payment-gateway-pkg/database/schema/merchant.sql.go:817.2,817.19 1 0
github.com/MamangRust/monolith-payment-gateway-pkg/database/schema/merchant.sql.go:859.111,861.16 2 0
github.com/MamangRust/monolith-payment-gateway-pkg/database/schema/merchant.sql.go:861.16,863.3 1 0
github.com/MamangRust/monolith-payment-gateway-pkg/database/schema/merchant.sql.go:864.2,866.18 3 0
github.com/MamangRust/monolith-payment-gateway-pkg/database/schema/merchant.sql.go:866.18,877.17 2 0
github.com/MamangRust/monolith-payment-gateway-pkg/database/schema/merchant.sql.go:877.17,879.4 1 0
github.com/MamangRust/monolith-payment-gateway-pkg/database/schema/merchant.sql.go:880.3,880.28 1 0
github.com/MamangRust/monolith-payment-gateway-pkg/database/schema/merchant.sql.go:882.2,882.35 1 0
github.com/MamangRust/monolith-payment-gateway-pkg/database/schema/merchant.sql.go:882.35,884.3 1 0
github.com/MamangRust/monolith-payment-gateway-pkg/database/schema/merchant.sql.go:885.2,885.19 1 0
github.com/MamangRust/monolith-payment-gateway-pkg/database/schema/merchant.sql.go:952.141,954.16 2 0
github.com/MamangRust/monolith-payment-gateway-pkg/database/schema/merchant.sql.go:954.16,956.3 1 0
github.com/MamangRust/monolith-payment-gateway-pkg/database/schema/merchant.sql.go:957.2,959.18 3 0
github.com/MamangRust/monolith-payment-gateway-pkg/database/schema/merchant.sql.go:959.18,961.61 2 0
github.com/MamangRust/monolith-payment-gateway-pkg/database/schema/merchant.sql.go:961.61,963.4 1 0
github.com/MamangRust/monolith-payment-gateway-pkg/database/schema/merchant.sql.go:964.3,964.28 1 0
github.com/MamangRust/monolith-payment-gateway-pkg/database/schema/merchant.sql.go:966.2,966.35 1 0
github.com/MamangRust/monolith-payment-gateway-pkg/database/schema/merchant.sql.go:966.35,968.3 1 0
github.com/MamangRust/monolith-payment-gateway-pkg/database/schema/merchant.sql.go:969.2,969.19 1 0
github.com/MamangRust/monolith-payment-gateway-pkg/database/schema/merchant.sql.go:1033.150,1035.16 2 0
github.com/MamangRust/monolith-payment-gateway-pkg/database/schema/merchant.sql.go:1035.16,1037.3 1 0
github.com/MamangRust/monolith-payment-gateway-pkg/database/schema/merchant.sql.go:1038.2,1040.18 3 0
github.com/MamangRust/monolith-payment-gateway-pkg/database/schema/merchant.sql.go:1040.18,1042.61 2 0
github.com/MamangRust/monolith-payment-gateway-pkg/database/schema/merchant.sql.go:1042.61,1044.4 1 0
github.com/MamangRust/monolith-payment-gateway-pkg/database/schema/merchant.sql.go:1045.3,1045.28 1 0
github.com/MamangRust/monolith-payment-gateway-pkg/database/schema/merchant.sql.go:1047.2,1047.35 1 0
github.com/MamangRust/monolith-payment-gateway-pkg/database/schema/merchant.sql.go:1047.35,1049.3 1 0
github.com/MamangRust/monolith-payment-gateway-pkg/database/schema/merchant.sql.go:1050.2,1050.19 1 0
github.com/MamangRust/monolith-payment-gateway-pkg/database/schema/merchant.sql.go:1106.125,1108.16 2 0
github.com/MamangRust/monolith-payment-gateway-pkg/database/schema/merchant.sql.go:1108.16,1110.3 1 0
github.com/MamangRust/monolith-payment-gateway-pkg/database/schema/merchant.sql.go:1111.2,1113.18 3 0
github.com/MamangRust/monolith-payment-gateway-pkg/database/schema/merchant.sql.go:1113.18,1115.61 2 0
github.com/MamangRust/monolith-payment-gateway-pkg/database/schema/merchant.sql.go:1115.61,1117.4 1 0
github.com/MamangRust/monolith-payment-gateway-pkg/database/schema/merchant.sql.go:1118.3,1118.28 1 0
github.com/MamangRust/monolith-payment-gateway-pkg/database/schema/merchant.sql.go:1120.2,1120.35 1 0
github.com/MamangRust/monolith-payment-gateway-pkg/database/schema/merchant.sql.go:1120.35,1122.3 1 0
github.com/MamangRust/monolith-payment-gateway-pkg/database/schema/merchant.sql.go:1123.2,1123.19 1 0
github.com/MamangRust/monolith-payment-gateway-pkg/database/schema/merchant.sql.go:1202.162,1204.16 2 0
github.com/MamangRust/monolith-payment-gateway-pkg/database/schema/merchant.sql.go:1204.16,1206.3 1 0
github.com/MamangRust/monolith-payment-gateway-pkg/database/schema/merchant.sql.go:1207.2,1209.18 3 0
github.com/MamangRust/monolith-payment-gateway-pkg/database/schema/merchant.sql.go:1209.18,1211.79 2 0
github.com/MamangRust/monolith-payment-gateway-pkg/database/schema/merchant.sql.go:1211.79,1213.4 1 0
github.com/MamangRust/monolith-payment-gateway-pkg/database/schema/merchant.sql.go:1214.3,1214.28 1 0
github.com/MamangRust/monolith-payment-gateway-pkg/database/schema/merchant.sql.go:1216.2,1216.35 1 0
github.com/MamangRust/monolith-payment-gateway-pkg/database/schema/merchant.sql.go:1216.35,1218.3 1 0
github.com/MamangRust/monolith-payment-gateway-pkg/database/schema/merchant.sql.go:1219.2,1219.19 1 0
github.com/MamangRust/monolith-payment-gateway-pkg/database/schema/merchant.sql.go:1295.171,1297.16 2 0
github.com/MamangRust/monolith-payment-gateway-pkg/database/schema/merchant.sql.go:1297.16,1299.3 1 0
github.com/MamangRust/monolith-payment-gateway-pkg/database/schema/merchant.sql.go:1300.2,1302.18 3 0
github.com/MamangRust/monolith-payment-gateway-pkg/database/schema/merchant.sql.go:1302.18,1304.79 2 0
github.com/MamangRust/monolith-payment-gateway-pkg/database/schema/merchant.sql.go:1304.79,1306.4 1 0
github.com/MamangRust/monolith-payment-gateway-pkg/database/schema/merchant.sql.go:1307.3,1307.28 1 0
github.com/MamangRust/monolith-payment-gateway-pkg/database/schema/merchant.sql.go:1309.2,1309.35 1 0
github.com/MamangRust/monolith-payment-gateway-pkg/database/schema/merchant.sql.go:1309.35,1311.3 1 0
github.com/MamangRust/monolith-payment-gateway-pkg/database/schema/merchant.sql.go:1312.2,1312.19 1 0
github.com/MamangRust/monolith-payment-gateway-pkg/database/schema/merchant.sql.go:1381.141,1383.16 2 0
github.com/MamangRust/monolith-payment-gateway-pkg/database/schema/merchant.sql.go:1383.16,1385.3 1 0
github.com/MamangRust/monolith-payment-gateway-pkg/database/schema/merchant.sql.go:1386.2,1388.18 3 0
github.com/MamangRust/monolith-payment-gateway-pkg/database/schema/merchant.sql.go:1388.18,1390.79 2 0
github.com/MamangRust/monolith-payment-gateway-pkg/database/schema/merchant.sql.go:1390.79,1392.4 1 0
github.com/MamangRust/monolith-payment-gateway-pkg/database/schema/merchant.sql.go:1393.3,1393.28 1 0
github.com/MamangRust/monolith-payment-gateway-pkg/database/schema/merchant.sql.go:1395.2,1395.35 1 0
github.com/MamangRust/monolith-payment-gateway-pkg/database/schema/merchant.sql.go:1395.35,1397.3 1 0
github.com/MamangRust/monolith-payment-gateway-pkg/database/schema/merchant.sql.go:1398.2,1398.19 1 0
github.com/MamangRust/monolith-payment-gateway-pkg/database/schema/merchant.sql.go:1496.156,1498.16 2 0
github.com/MamangRust/monolith-payment-gateway-pkg/database/schema/merchant.sql.go:1498.16,1500.3 1 0
github.com/MamangRust/monolith-payment-gateway-pkg/database/schema/merchant.sql.go:1501.2,1503.18 3 0
github.com/MamangRust/monolith-payment-gateway-pkg/database/schema/merchant.sql.go:1503.18,1505.70 2 0
github.com/MamangRust/monolith-payment-gateway-pkg/database/schema/merchant.sql.go:1505.70,1507.4 1 0
github.com/MamangRust/monolith-payment-gateway-pkg/database/schema/merchant.sql.go:1508.3,1508.28 1 0
github.com/MamangRust/monolith-payment-gateway-pkg/database/schema/merchant.sql.go:1510.2,1510.35 1 0
github.com/MamangRust/monolith-payment-gateway-pkg/database/schema/merchant.sql.go:1510.35,1512.3 1 0
github.com/MamangRust/monolith-payment-gateway-pkg/database/schema/merchant.sql.go:1513.2,1513.19 1 0
github.com/MamangRust/monolith-payment-gateway-pkg/database/schema/merchant.sql.go:1611.162,1613.16 2 0
github.com/MamangRust/monolith-payment-gateway-pkg/database/schema/merchant.sql.go:1613.16,1615.3 1 0
github.com/MamangRust/monolith-payment-gateway-pkg/database/schema/merchant.sql.go:1616.2,1618.18 3 0
github.com/MamangRust/monolith-payment-gateway-pkg/database/schema/merchant.sql.go:1618.18,1620.70 2 0
github.com/MamangRust/monolith-payment-gateway-pkg/database/schema/merchant.sql.go:1620.70,1622.4 1 0
github.com/MamangRust/monolith-payment-gateway-pkg/database/schema/merchant.sql.go:1623.3,1623.28 1 0
github.com/MamangRust/monolith-payment-gateway-pkg/database/schema/merchant.sql.go:1625.2,1625.35 1 0
github.com/MamangRust/monolith-payment-gateway-pkg/database/schema/merchant.sql.go:1625.35,1627.3 1 0
github.com/MamangRust/monolith-payment-gateway-pkg/database/schema/merchant.sql.go:1628.2,1628.19 1 0
github.com/MamangRust/monolith-payment-gateway-pkg/database/schema/merchant.sql.go:1719.135,1721.16 2 0
github.com/MamangRust/monolith-payment-gateway-pkg/database/schema/merchant.sql.go:1721.16,1723.3 1 0
github.com/MamangRust/monolith-payment-gateway-pkg/database/schema/merchant.sql.go:1724.2,1726.18 3 0
github.com/MamangRust/monolith-payment-gateway-pkg/database/schema/merchant.sql.go:1726.18,1728.70 2 0
github.com/MamangRust/monolith-payment-gateway-pkg/database/schema/merchant.sql.go:1728.70,1730.4 1 0
github.com/MamangRust/monolith-payment-gateway-pkg/database/schema/merchant.sql.go:1731.3,1731.28 1 0
github.com/MamangRust/monolith-payment-gateway-pkg/database/schema/merchant.sql.go:1733.2,1733.35 1 0
github.com/MamangRust/monolith-payment-gateway-pkg/database/schema/merchant.sql.go:1733.35,1735.3 1 0
github.com/MamangRust/monolith-payment-gateway-pkg/database/schema/merchant.sql.go:1736.2,1736.19 1 0
github.com/MamangRust/monolith-payment-gateway-pkg/database/schema/merchant.sql.go:1759.100,1775.2 4 0
github.com/MamangRust/monolith-payment-gateway-pkg/database/schema/merchant.sql.go:1840.126,1842.16 2 0
github.com/MamangRust/monolith-payment-gateway-pkg/database/schema/merchant.sql.go:1842.16,1844.3 1 0
github.com/MamangRust/monolith-payment-gateway-pkg/database/schema/merchant.sql.go:1845.2,1847.18 3 0
github.com/MamangRust/monolith-payment-gateway-pkg/database/schema/merchant.sql.go:1847.18,1860.17 2 0
github.com/MamangRust/monolith-payment-gateway-pkg/database/schema/merchant.sql.go:1860.17,1862.4 1 0
github.com/MamangRust/monolith-payment-gateway-pkg/database/schema/merchant.sql.go:1863.3,1863.28 1 0
github.com/MamangRust/monolith-payment-gateway-pkg/database/schema/merchant.sql.go:1865.2,1865.35 1 0
github.com/MamangRust/monolith-payment-gateway-pkg/database/schema/merchant.sql.go:1865.35,1867.3 1 0
github.com/MamangRust/monolith-payment-gateway-pkg/database/schema/merchant.sql.go:1868.2,1868.19 1 0
github.com/MamangRust/monolith-payment-gateway-pkg/database/schema/merchant.sql.go:1930.138,1932.16 2 0
github.com/MamangRust/monolith-payment-gateway-pkg/database/schema/merchant.sql.go:1932.16,1934.3 1 0
github.com/MamangRust/monolith-payment-gateway-pkg/database/schema/merchant.sql.go:1935.2,1937.18 3 0
github.com/MamangRust/monolith-payment-gateway-pkg/database/schema/merchant.sql.go:1937.18,1939.60 2 0
github.com/MamangRust/monolith-payment-gateway-pkg/database/schema/merchant.sql.go:1939.60,1941.4 1 0
github.com/MamangRust/monolith-payment-gateway-pkg/database/schema/merchant.sql.go:1942.3,1942.28 1 0
github.com/MamangRust/monolith-payment-gateway-pkg/database/schema/merchant.sql.go:1944.2,1944.35 1 0
github.com/MamangRust/monolith-payment-gateway-pkg/database/schema/merchant.sql.go:1944.35,1946.3 1 0
github.com/MamangRust/monolith-payment-gateway-pkg/database/schema/merchant.sql.go:1947.2,1947.19 1 0
github.com/MamangRust/monolith-payment-gateway-pkg/database/schema/merchant.sql.go:2009.147,2011.16 2 0
github.com/MamangRust/monolith-payment-gateway-pkg/database/schema/merchant.sql.go:2011.16,2013.3 1 0
github.com/MamangRust/monolith-payment-gateway-pkg/database/schema/merchant.sql.go:2014.2,2016.18 3 0
github.com/MamangRust/monolith-payment-gateway-pkg/database/schema/merchant.sql.go:2016.18,2018.60 2 0
github.com/MamangRust/monolith-payment-gateway-pkg/database/schema/merchant.sql.go:2018.60,2020.4 1 0
github.com/MamangRust/monolith-payment-gateway-pkg/database/schema/merchant.sql.go:2021.3,2021.28 1 0
github.com/MamangRust/monolith-payment-gateway-pkg/database/schema/merchant.sql.go:2023.2,2023.35 1 0
github.com/MamangRust/monolith-payment-gateway-pkg/database/schema/merchant.sql.go:2023.35,2025.3 1 0
github.com/MamangRust/monolith-payment-gateway-pkg/database/schema/merchant.sql.go:2026.2,2026.19 1 0
github.com/MamangRust/monolith-payment-gateway-pkg/database/schema/merchant.sql.go:2080.125,2082.16 2 0
github.com/MamangRust/monolith-payment-gateway-pkg/database/schema/merchant.sql.go:2082.16,2084.3 1 0
github.com/MamangRust/monolith-payment-gateway-pkg/database/schema/merchant.sql.go:2085.2,2087.18 3 0
github.com/MamangRust/monolith-payment-gateway-pkg/database/schema/merchant.sql.go:2087.18,2089.60 2 0
github.com/MamangRust/monolith-payment-gateway-pkg/database/schema/merchant.sql.go:2089.60,2091.4 1 0
github.com/MamangRust/monolith-payment-gateway-pkg/database/schema/merchant.sql.go:2092.3,2092.28 1 0
github.com/MamangRust/monolith-payment-gateway-pkg/database/schema/merchant.sql.go:2094.2,2094.35 1 0
github.com/MamangRust/monolith-payment-gateway-pkg/database/schema/merchant.sql.go:2094.35,2096.3 1 0
github.com/MamangRust/monolith-payment-gateway-pkg/database/schema/merchant.sql.go:2097.2,2097.19 1 0
github.com/MamangRust/monolith-payment-gateway-pkg/database/schema/merchant.sql.go:2162.159,2164.16 2 0
github.com/MamangRust/monolith-payment-gateway-pkg/database/schema/merchant.sql.go:2164.16,2166.3 1 0
github.com/MamangRust/monolith-payment-gateway-pkg/database/schema/merchant.sql.go:2167.2,2169.18 3 0
github.com/MamangRust/monolith-payment-gateway-pkg/database/schema/merchant.sql.go:2169.18,2171.78 2 0
github.com/MamangRust/monolith-payment-gateway-pkg/database/schema/merchant.sql.go:2171.78,2173.4 1 0
github.com/MamangRust/monolith-payment-gateway-pkg/database/schema/merchant.sql.go:2174.3,2174.28 1 0
github.com/MamangRust/monolith-payment-gateway-pkg/database/schema/merchant.sql.go:2176.2,2176.35 1 0
github.com/MamangRust/monolith-payment-gateway-pkg/database/schema/merchant.sql.go:2176.35,2178.3 1 0
github.com/MamangRust/monolith-payment-gateway-pkg/database/schema/merchant.sql.go:2179.2,2179.19 1 0
github.com/MamangRust/monolith-payment-gateway-pkg/database/schema/merchant.sql.go:2244.168,2246.16 2 0
github.com/MamangRust/monolith-payment-gateway-pkg/database/schema/merchant.sql.go:2246.16,2248.3 1 0
github.com/MamangRust/monolith-payment-gateway-pkg/database/schema/merchant.sql.go:2249.2,2251.18 3 0
github.com/MamangRust/monolith-payment-gateway-pkg/database/schema/merchant.sql.go:2251.18,2253.78 2 0
github.com/MamangRust/monolith-payment-gateway-pkg/database/schema/merchant.sql.go:2253.78,2255.4 1 0
github.com/MamangRust/monolith-payment-gateway-pkg/database/schema/merchant.sql.go:2256.3,2256.28 1 0
github.com/MamangRust/monolith-payment-gateway-pkg/database/schema/merchant.sql.go:2258.2,2258.35 1 0
github.com/MamangRust/monolith-payment-gateway-pkg/database/schema/merchant.sql.go:2258.35,2260.3 1 0
github.com/MamangRust/monolith-payment-gateway-pkg/database/schema/merchant.sql.go:2261.2,2261.19 1 0
github.com/MamangRust/monolith-payment-gateway-pkg/database/schema/merchant.sql.go:2318.139,2320.16 2 0
github.com/MamangRust/monolith-payment-gateway-pkg/database/schema/merchant.sql.go:2320.16,2322.3 1 0
github.com/MamangRust/monolith-payment-gateway-pkg/database/schema/merchant.sql.go:2323.2,2325.18 3 0
github.com/MamangRust/monolith-payment-gateway-pkg/database/schema/merchant.sql.go:2325.18,2327.78 2 0
github.com/MamangRust/monolith-payment-gateway-pkg/database/schema/merchant.sql.go:2327.78,2329.4 1 0
github.com/MamangRust/monolith-payment-gateway-pkg/database/schema/merchant.sql.go:2330.3,2330.28 1 0
github.com/MamangRust/monolith-payment-gateway-pkg/database/schema/merchant.sql.go:2332.2,2332.35 1 0
github.com/MamangRust/monolith-payment-gateway-pkg/database/schema/merchant.sql.go:2332.35,2334.3 1 0
github.com/MamangRust/monolith-payment-gateway-pkg/database/schema/merchant.sql.go:2335.2,2335.19 1 0
github.com/MamangRust/monolith-payment-gateway-pkg/database/schema/merchant.sql.go:2411.153,2413.16 2 0
github.com/MamangRust/monolith-payment-gateway-pkg/database/schema/merchant.sql.go:2413.16,2415.3 1 0
github.com/MamangRust/monolith-payment-gateway-pkg/database/schema/merchant.sql.go:2416.2,2418.18 3 0
github.com/MamangRust/monolith-payment-gateway-pkg/database/schema/merchant.sql.go:2418.18,2420.60 2 0
github.com/MamangRust/monolith-payment-gateway-pkg/database/schema/merchant.sql.go:2420.60,2422.4 1 0
github.com/MamangRust/monolith-payment-gateway-pkg/database/schema/merchant.sql.go:2423.3,2423.28 1 0
github.com/MamangRust/monolith-payment-gateway-pkg/database/schema/merchant.sql.go:2425.2,2425.35 1 0
github.com/MamangRust/monolith-payment-gateway-pkg/database/schema/merchant.sql.go:2425.35,2427.3 1 0
github.com/MamangRust/monolith-payment-gateway-pkg/database/schema/merchant.sql.go:2428.2,2428.19 1 0
github.com/MamangRust/monolith-payment-gateway-pkg/database/schema/merchant.sql.go:2504.159,2506.16 2 0
github.com/MamangRust/monolith-payment-gateway-pkg/database/schema/merchant.sql.go:2506.16,2508.3 1 0
github.com/MamangRust/monolith-payment-gateway-pkg/database/schema/merchant.sql.go:2509.2,2511.18 3 0
github.com/MamangRust/monolith-payment-gateway-pkg/database/schema/merchant.sql.go:2511.18,2513.60 2 0
github.com/MamangRust/monolith-payment-gateway-pkg/database/schema/merchant.sql.go:2513.60,2515.4 1 0
github.com/MamangRust/monolith-payment-gateway-pkg/database/schema/merchant.sql.go:2516.3,2516.28 1 0
github.com/MamangRust/monolith-payment-gateway-pkg/database/schema/merchant.sql.go:2518.2,2518.35 1 0
github.com/MamangRust/monolith-payment-gateway-pkg/database/schema/merchant.sql.go:2518.35,2520.3 1 0
github.com/MamangRust/monolith-payment-gateway-pkg/database/schema/merchant.sql.go:2521.2,2521.19 1 0
github.com/MamangRust/monolith-payment-gateway-pkg/database/schema/merchant.sql.go:2600.129,2602.16 2 0
github.com/MamangRust/monolith-payment-gateway-pkg/database/schema/merchant.sql.go:2602.16,2604.3 1 0
github.com/MamangRust/monolith-payment-gateway-pkg/database/schema/merchant.sql.go:2605.2,2607.18 3 0
github.com/MamangRust/monolith-payment-gateway-pkg/database/schema/merchant.sql.go:2607.18,2609.60 2 0
github.com/MamangRust/monolith-payment-gateway-pkg/database/schema/merchant.sql.go:2609.60,2611.4 1 0
github.com/MamangRust/monolith-payment-gateway-pkg/database/schema/merchant.sql.go:2612.3,2612.28 1 0
github.com/MamangRust/monolith-payment-gateway-pkg/database/schema/merchant.sql.go:2614.2,2614.35 1 0
github.com/MamangRust/monolith-payment-gateway-pkg/database/schema/merchant.sql.go:2614.35,2616.3 1 0
github.com/MamangRust/monolith-payment-gateway-pkg/database/schema/merchant.sql.go:2617.2,2617.19 1 0
github.com/MamangRust/monolith-payment-gateway-pkg/database/schema/merchant.sql.go:2633.66,2636.2 2 0
github.com/MamangRust/monolith-payment-gateway-pkg/database/schema/merchant.sql.go:2678.103,2693.2 4 0
github.com/MamangRust/monolith-payment-gateway-pkg/database/schema/merchant.sql.go:2736.99,2751.2 4 0
github.com/MamangRust/monolith-payment-gateway-pkg/database/schema/merchant.sql.go:2805.109,2824.2 4 0
github.com/MamangRust/monolith-payment-gateway-pkg/database/schema/merchant.sql.go:2893.127,2907.2 4 0
github.com/MamangRust/monolith-payment-gateway-pkg/database/schema/merchant_document.sql.go:71.133,92.2 4 0
github.com/MamangRust/monolith-payment-gateway-pkg/database/schema/merchant_document.sql.go:98.82,101.2 2 0
github.com/MamangRust/monolith-payment-gateway-pkg/database/schema/merchant_document.sql.go:110.98,113.2 2 0
github.com/MamangRust/monolith-payment-gateway-pkg/database/schema/merchant_document.sql.go:164.147,166.16 2 0
github.com/MamangRust/monolith-payment-gateway-pkg/database/schema/merchant_document.sql.go:166.16,168.3 1 0
github.com/MamangRust/monolith-payment-gateway-pkg/database/schema/merchant_document.sql.go:169.2,171.18 3 0
github.com/MamangRust/monolith-payment-gateway-pkg/database/schema/merchant_document.sql.go:171.18,185.17 2 0
github.com/MamangRust/monolith-payment-gateway-pkg/database/schema/merchant_document.sql.go:185.17,187.4 1 0
github.com/MamangRust/monolith-payment-gateway-pkg/database/schema/merchant_document.sql.go:188.3,188.28 1 0
github.com/MamangRust/monolith-payment-gateway-pkg/database/schema/merchant_document.sql.go:190.2,190.35 1 0
github.com/MamangRust/monolith-payment-gateway-pkg/database/schema/merchant_document.sql.go:190.35,192.3 1 0
github.com/MamangRust/monolith-payment-gateway-pkg/database/schema/merchant_document.sql.go:193.2,193.19 1 0
github.com/MamangRust/monolith-payment-gateway-pkg/database/schema/merchant_document.sql.go:225.111,240.2 4 0
github.com/MamangRust/monolith-payment-gateway-pkg/database/schema/merchant_document.sql.go:288.129,290.16 2 0
github.com/MamangRust/monolith-payment-gateway-pkg/database/schema/merchant_document.sql.go:290.16,292.3 1 0
github.com/MamangRust/monolith-payment-gateway-pkg/database/schema/merchant_document.sql.go:293.2,295.18 3 0
github.com/MamangRust/monolith-payment-gateway-pkg/database/schema/merchant_document.sql.go:295.18,308.17 2 0
github.com/MamangRust/monolith-payment-gateway-pkg/database/schema/merchant_document.sql.go:308.17,310.4 1 0
github.com/MamangRust/monolith-payment-gateway-pkg/database/schema/merchant_document.sql.go:311.3,311.28 1 0
github.com/MamangRust/monolith-payment-gateway-pkg/database/schema/merchant_document.sql.go:313.2,313.35 1 0
github.com/MamangRust/monolith-payment-gateway-pkg/database/schema/merchant_document.sql.go:313.35,315.3 1 0
github.com/MamangRust/monolith-payment-gateway-pkg/database/schema/merchant_document.sql.go:316.2,316.19 1 0
github.com/MamangRust/monolith-payment-gateway-pkg/database/schema/merchant_document.sql.go:367.150,369.16 2 0
github.com/MamangRust/monolith-payment-gateway-pkg/database/schema/merchant_document.sql.go:369.16,371.3 1 0
github.com/MamangRust/monolith-payment-gateway-pkg/database/schema/merchant_document.sql.go:372.2,374.18 3 0
github.com/MamangRust/monolith-payment-gateway-pkg/database/schema/merchant_document.sql.go:374.18,388.17 2 0
github.com/MamangRust/monolith-payment-gateway-pkg/database/schema/merchant_document.sql.go:388.17,390.4 1 0
github.com/MamangRust/monolith-payment-gateway-pkg/database/schema/merchant_document.sql.go:391.3,391.28 1 0
github.com/MamangRust/monolith-payment-gateway-pkg/database/schema/merchant_document.sql.go:393.2,393.35 1 0
github.com/MamangRust/monolith-payment-gateway-pkg/database/schema/merchant_document.sql.go:393.35,395.3 1 0
github.com/MamangRust/monolith-payment-gateway-pkg/database/schema/merchant_document.sql.go:396.2,396.19 1 0
github.com/MamangRust/monolith-payment-gateway-pkg/database/schema/merchant_document.sql.go:407.74,410.2 2 0
github.com/MamangRust/monolith-payment-gateway-pkg/database/schema/merchant_document.sql.go:445.119,461.2 4 0
github.com/MamangRust/monolith-payment-gateway-pkg/database/schema/merchant_document.sql.go:496.115,512.2 4 0
github.com/MamangRust/monolith-payment-gateway-pkg/database/schema/merchant_document.sql.go:557.133,578.2 4 0
github.com/MamangRust/monolith-payment-gateway-pkg/database/schema/merchant_document.sql.go:640.151,655.2 4 0
github.com/MamangRust/monolith-payment-gateway-pkg/database/schema/outbox.sql.go:43.104,45.16 2 0
github.com/MamangRust/monolith-payment-gateway-pkg/database/schema/outbox.sql.go:45.16,47.3 1 0
github.com/MamangRust/monolith-payment-gateway-pkg/database/schema/outbox.sql.go:48.2,50.18 3 0
github.com/MamangRust/monolith-payment-gateway-pkg/database/schema/outbox.sql.go:50.18,59.17 2 0
github.com/MamangRust/monolith-payment-gateway-pkg/database/schema/outbox.sql.go:59.17,61.4 1 0
github.com/MamangRust/monolith-payment-gateway-pkg/database/schema/outbox.sql.go:62.3,62.28 1 0
github.com/MamangRust/monolith-payment-gateway-pkg/database/schema/outbox.sql.go:64.2,64.35 1 0
github.com/MamangRust/monolith-payment-gateway-pkg/database/schema/outbox.sql.go:64.35,66.3 1 0
github.com/MamangRust/monolith-payment-gateway-pkg/database/schema/outbox.sql.go:67.2,67.19 1 0
github.com/MamangRust/monolith-payment-gateway-pkg/database/schema/outbox.sql.go:105.144,107.16 2 0
github.com/MamangRust/monolith-payment-gateway-pkg/database/schema/outbox.sql.go:107.16,109.3 1 0
github.com/MamangRust/monolith-payment-gateway-pkg/database/schema/outbox.sql.go:110.2,112.18 3 0
github.com/MamangRust/monolith-payment-gateway-pkg/database/schema/outbox.sql.go:112.18,121.17 2 0
github.com/MamangRust/monolith-payment-gateway-pkg/database/schema/outbox.sql.go:121.17,123.4 1 0
github.com/MamangRust/monolith-payment-gateway-pkg/database/schema/outbox.sql.go:124.3,124.28 1 0
github.com/MamangRust/monolith-payment-gateway-pkg/database/schema/outbox.sql.go:126.2,126.35 1 0
github.com/MamangRust/monolith-payment-gateway-pkg/database/schema/outbox.sql.go:126.35,128.3 1 0
github.com/MamangRust/monolith-payment-gateway-pkg/database/schema/outbox.sql.go:129.2,129.19 1 0
github.com/MamangRust/monolith-payment-gateway-pkg/database/schema/outbox.sql.go:146.95,154.2 2 0
github.com/MamangRust/monolith-payment-gateway-pkg/database/schema/outbox.sql.go:171.111,174.2 2 0
github.com/MamangRust/monolith-payment-gateway-pkg/database/schema/outbox.sql.go:194.91,203.2 2 0
github.com/MamangRust/monolith-payment-gateway-pkg/database/schema/outbox.sql.go:218.97,221.2 2 0
github.com/MamangRust/monolith-payment-gateway-pkg/database/schema/outbox.sql.go:239.99,247.2 2 0
github.com/MamangRust/monolith-payment-gateway-pkg/database/schema/outbox.sql.go:300.127,311.2 4 0
github.com/MamangRust/monolith-payment-gateway-pkg/database/schema/refresh_token.sql.go:38.112,51.2 4 0
github.com/MamangRust/monolith-payment-gateway-pkg/database/schema/refresh_token.sql.go:68.79,71.2 2 0
github.com/MamangRust/monolith-payment-gateway-pkg/database/schema/refresh_token.sql.go:88.87,91.2 2 0
github.com/MamangRust/monolith-payment-gateway-pkg/database/schema/refresh_token.sql.go:110.101,123.2 4 0
github.com/MamangRust/monolith-payment-gateway-pkg/database/schema/refresh_token.sql.go:155.102,168.2 4 0
github.com/MamangRust/monolith-payment-gateway-pkg/database/schema/refresh_token.sql.go:196.128,209.2 4 0
github.com/MamangRust/monolith-payment-gateway-pkg/database/schema/reset_token.sql.go:54.115,59.2 4 0
github.com/MamangRust/monolith-payment-gateway-pkg/database/schema/reset_token.sql.go:65.77,68.2 2 0
github.com/MamangRust/monolith-payment-gateway-pkg/database/schema/reset_token.sql.go:83.95,88.2 4 0
github.com/MamangRust/monolith-payment-gateway-pkg/database/schema/role.sql.go:43.83,54.2 4 0
github.com/MamangRust/monolith-payment-gateway-pkg/database/schema/role.sql.go:63.70,66.2 2 0
github.com/MamangRust/monolith-payment-gateway-pkg/database/schema/role.sql.go:82.80,85.2 2 0
github.com/MamangRust/monolith-payment-gateway-pkg/database/schema/role.sql.go:134.111,136.16 2 0
github.com/MamangRust/monolith-payment-gateway-pkg/database/schema/role.sql.go:136.16,138.3 1 0
github.com/MamangRust/monolith-payment-gateway-pkg/database/schema/role.sql.go:139.2,141.18 3 0
github.com/MamangRust/monolith-payment-gateway-pkg/database/schema/role.sql.go:141.18,150.17 2 0
github.com/MamangRust/monolith-payment-gateway-pkg/database/schema/role.sql.go:150.17,152.4 1 0
github.com/MamangRust/monolith-payment-gateway-pkg/database/schema/role.sql.go:153.3,153.28 1 0
github.com/MamangRust/monolith-payment-gateway-pkg/database/schema/role.sql.go:155.2,155.35 1 0
github.com/MamangRust/monolith-payment-gateway-pkg/database/schema/role.sql.go:155.35,157.3 1 0
github.com/MamangRust/monolith-payment-gateway-pkg/database/schema/role.sql.go:158.2,158.19 1 0
github.com/MamangRust/monolith-payment-gateway-pkg/database/schema/role.sql.go:182.77,193.2 4 0
[...]
github.com/MamangRust/monolith-payment-gateway-pkg/resilience/load_monitor.go:116.45,117.9 1 0
github.com/MamangRust/monolith-payment-gateway-pkg/resilience/load_monitor.go:119.3,119.31 1 0
github.com/MamangRust/monolith-payment-gateway-pkg/resilience/load_monitor.go:119.31,121.4 1 0
github.com/MamangRust/monolith-payment-gateway-pkg/resilience/load_monitor.go:124.2,124.13 1 0
github.com/MamangRust/monolith-payment-gateway-pkg/resilience/load_monitor.go:127.52,134.2 5 0
github.com/MamangRust/monolith-payment-gateway-pkg/resilience/load_monitor.go:136.32,145.2 7 0
github.com/MamangRust/monolith-payment-gateway-pkg/resilience/request_limiter.go:18.92,19.24 1 0
github.com/MamangRust/monolith-payment-gateway-pkg/resilience/request_limiter.go:19.24,22.3 2 0
github.com/MamangRust/monolith-payment-gateway-pkg/resilience/request_limiter.go:24.2,28.3 1 0
github.com/MamangRust/monolith-payment-gateway-pkg/resilience/request_limiter.go:31.45,32.32 1 0
github.com/MamangRust/monolith-payment-gateway-pkg/resilience/request_limiter.go:32.32,35.3 2 0
github.com/MamangRust/monolith-payment-gateway-pkg/resilience/request_limiter.go:36.2,36.14 1 0
github.com/MamangRust/monolith-payment-gateway-pkg/resilience/request_limiter.go:39.37,44.21 3 0
github.com/MamangRust/monolith-payment-gateway-pkg/resilience/request_limiter.go:44.21,51.3 2 0
github.com/MamangRust/monolith-payment-gateway-pkg/resilience/request_limiter.go:54.52,56.2 1 0
github.com/MamangRust/monolith-payment-gateway-pkg/resilience/request_limiter.go:58.49,60.2 1 0
github.com/MamangRust/monolith-payment-gateway-pkg/resilience/request_limiter.go:62.44,64.2 1 0
github.com/MamangRust/monolith-payment-gateway-pkg/random_string/random_string.go:14.55,16.24 2 6
github.com/MamangRust/monolith-payment-gateway-pkg/random_string/random_string.go:16.24,18.17 2 181
github.com/MamangRust/monolith-payment-gateway-pkg/random_string/random_string.go:18.17,20.4 1 0
github.com/MamangRust/monolith-payment-gateway-pkg/random_string/random_string.go:21.3,21.38 1 181
github.com/MamangRust/monolith-payment-gateway-pkg/random_string/random_string.go:23.2,23.28 1 6
github.com/MamangRust/monolith-payment-gateway-pkg/randomvcc/random.go:14.41,20.16 5 1
github.com/MamangRust/monolith-payment-gateway-pkg/randomvcc/random.go:20.16,22.3 1 0
github.com/MamangRust/monolith-payment-gateway-pkg/randomvcc/random.go:24.2,27.22 3 1
github.com/MamangRust/monolith-payment-gateway-pkg/rupiah/rupiah.go:12.40,15.16 2 7
github.com/MamangRust/monolith-payment-gateway-pkg/rupiah/rupiah.go:15.16,17.3 1 2
github.com/MamangRust/monolith-payment-gateway-pkg/rupiah/rupiah.go:19.2,20.18 2 5
github.com/MamangRust/monolith-payment-gateway-pkg/outbox/inbox.go:30.149,31.55 1 0
github.com/MamangRust/monolith-payment-gateway-pkg/outbox/inbox.go:31.55,33.3 1 0
github.com/MamangRust/monolith-payment-gateway-pkg/outbox/inbox.go:34.2,38.16 2 0
github.com/MamangRust/monolith-payment-gateway-pkg/outbox/inbox.go:38.16,40.3 1 0
github.com/MamangRust/monolith-payment-gateway-pkg/outbox/inbox.go:41.2,41.89 1 0
github.com/MamangRust/monolith-payment-gateway-pkg/outbox/inbox.go:44.122,45.55 1 0
github.com/MamangRust/monolith-payment-gateway-pkg/outbox/inbox.go:45.55,47.3 1 0
github.com/MamangRust/monolith-payment-gateway-pkg/outbox/inbox.go:48.2,50.4 1 0
github.com/MamangRust/monolith-payment-gateway-pkg/outbox/inbox.go:53.137,54.55 1 0
github.com/MamangRust/monolith-payment-gateway-pkg/outbox/inbox.go:54.55,56.3 1 0
github.com/MamangRust/monolith-payment-gateway-pkg/outbox/inbox.go:57.2,58.26 2 0
github.com/MamangRust/monolith-payment-gateway-pkg/outbox/inbox.go:58.26,60.3 1 0
github.com/MamangRust/monolith-payment-gateway-pkg/outbox/inbox.go:61.2,63.4 1 0
github.com/MamangRust/monolith-payment-gateway-pkg/outbox/inbox.go:73.67,74.17 1 0
github.com/MamangRust/monolith-payment-gateway-pkg/outbox/inbox.go:74.17,76.3 1 0
github.com/MamangRust/monolith-payment-gateway-pkg/outbox/inbox.go:77.2,77.40 1 0
github.com/MamangRust/monolith-payment-gateway-pkg/outbox/inbox.go:80.150,82.16 2 0
github.com/MamangRust/monolith-payment-gateway-pkg/outbox/inbox.go:82.16,84.3 1 0
github.com/MamangRust/monolith-payment-gateway-pkg/outbox/inbox.go:85.2,87.16 3 0
github.com/MamangRust/monolith-payment-gateway-pkg/outbox/inbox.go:87.16,89.3 1 0
github.com/MamangRust/monolith-payment-gateway-pkg/outbox/inbox.go:90.2,90.39 1 0
github.com/MamangRust/monolith-payment-gateway-pkg/outbox/inbox.go:90.39,92.3 1 0
github.com/MamangRust/monolith-payment-gateway-pkg/outbox/inbox.go:93.2,93.53 1 0
github.com/MamangRust/monolith-payment-gateway-pkg/outbox/inbox.go:96.123,98.16 2 0
github.com/MamangRust/monolith-payment-gateway-pkg/outbox/inbox.go:98.16,100.3 1 0
github.com/MamangRust/monolith-payment-gateway-pkg/outbox/inbox.go:101.2,102.91 2 0
github.com/MamangRust/monolith-payment-gateway-pkg/outbox/inbox.go:102.91,104.3 1 0
github.com/MamangRust/monolith-payment-gateway-pkg/outbox/inbox.go:105.2,105.23 1 0
github.com/MamangRust/monolith-payment-gateway-pkg/outbox/inbox.go:108.138,110.16 2 0
github.com/MamangRust/monolith-payment-gateway-pkg/outbox/inbox.go:110.16,112.3 1 0
github.com/MamangRust/monolith-payment-gateway-pkg/outbox/inbox.go:113.2,114.100 2 0
github.com/MamangRust/monolith-payment-gateway-pkg/outbox/inbox.go:114.100,116.3 1 0
github.com/MamangRust/monolith-payment-gateway-pkg/outbox/inbox.go:117.2,117.23 1 0
github.com/MamangRust/monolith-payment-gateway-pkg/outbox/outbox.go:30.33,31.88 1 5
github.com/MamangRust/monolith-payment-gateway-pkg/outbox/outbox.go:31.88,33.3 1 4
github.com/MamangRust/monolith-payment-gateway-pkg/outbox/outbox.go:34.2,34.12 1 1
github.com/MamangRust/monolith-payment-gateway-pkg/outbox/outbox.go:45.67,46.41 1 5
github.com/MamangRust/monolith-payment-gateway-pkg/outbox/outbox.go:46.41,48.3 1 4
github.com/MamangRust/monolith-payment-gateway-pkg/outbox/outbox.go:49.2,49.15 1 1
github.com/MamangRust/monolith-payment-gateway-pkg/outbox/outbox.go:49.15,51.3 1 0
github.com/MamangRust/monolith-payment-gateway-pkg/outbox/outbox.go:55.2,60.4 1 1
github.com/MamangRust/monolith-payment-gateway-pkg/outbox/outbox.go:77.49,78.22 1 0
github.com/MamangRust/monolith-payment-gateway-pkg/outbox/outbox.go:78.22,80.3 1 0
github.com/MamangRust/monolith-payment-gateway-pkg/outbox/outbox.go:81.2,81.25 1 0
github.com/MamangRust/monolith-payment-gateway-pkg/outbox/outbox.go:81.25,83.3 1 0
github.com/MamangRust/monolith-payment-gateway-pkg/outbox/outbox.go:84.2,84.24 1 0
github.com/MamangRust/monolith-payment-gateway-pkg/outbox/outbox.go:84.24,86.3 1 0
github.com/MamangRust/monolith-payment-gateway-pkg/outbox/outbox.go:87.2,87.24 1 0
github.com/MamangRust/monolith-payment-gateway-pkg/outbox/outbox.go:87.24,89.3 1 0
github.com/MamangRust/monolith-payment-gateway-pkg/outbox/outbox.go:90.2,90.10 1 0
github.com/MamangRust/monolith-payment-gateway-pkg/outbox/outbox.go:99.92,100.17 1 0
github.com/MamangRust/monolith-payment-gateway-pkg/outbox/outbox.go:100.17,102.3 1 0
github.com/MamangRust/monolith-payment-gateway-pkg/outbox/outbox.go:103.2,103.22 1 0
github.com/MamangRust/monolith-payment-gateway-pkg/outbox/outbox.go:103.22,105.3 1 0
github.com/MamangRust/monolith-payment-gateway-pkg/outbox/outbox.go:106.2,106.85 1 0
github.com/MamangRust/monolith-payment-gateway-pkg/outbox/outbox.go:112.48,113.6 1 0
github.com/MamangRust/monolith-payment-gateway-pkg/outbox/outbox.go:113.6,115.45 2 0
github.com/MamangRust/monolith-payment-gateway-pkg/outbox/outbox.go:115.45,117.4 1 0
github.com/MamangRust/monolith-payment-gateway-pkg/outbox/outbox.go:118.3,118.17 1 0
github.com/MamangRust/monolith-payment-gateway-pkg/outbox/outbox.go:118.17,121.41 1 0
github.com/MamangRust/monolith-payment-gateway-pkg/outbox/outbox.go:121.41,123.5 1 0
github.com/MamangRust/monolith-payment-gateway-pkg/outbox/outbox.go:124.4,124.12 1 0
github.com/MamangRust/monolith-payment-gateway-pkg/outbox/outbox.go:126.3,126.58 1 0
github.com/MamangRust/monolith-payment-gateway-pkg/outbox/outbox.go:126.58,128.4 1 0
github.com/MamangRust/monolith-payment-gateway-pkg/outbox/outbox.go:132.61,135.9 3 0
github.com/MamangRust/monolith-payment-gateway-pkg/outbox/outbox.go:136.20,137.15 1 0
github.com/MamangRust/monolith-payment-gateway-pkg/outbox/outbox.go:138.17,139.14 1 0
github.com/MamangRust/monolith-payment-gateway-pkg/outbox/outbox.go:152.60,154.16 2 0
github.com/MamangRust/monolith-payment-gateway-pkg/outbox/outbox.go:154.16,156.3 1 0
github.com/MamangRust/monolith-payment-gateway-pkg/outbox/outbox.go:157.2,157.31 1 0
github.com/MamangRust/monolith-payment-gateway-pkg/outbox/outbox.go:157.31,158.47 1 0
github.com/MamangRust/monolith-payment-gateway-pkg/outbox/outbox.go:158.47,159.68 1 0
github.com/MamangRust/monolith-payment-gateway-pkg/outbox/outbox.go:159.68,161.5 1 0
github.com/MamangRust/monolith-payment-gateway-pkg/outbox/outbox.go:162.4,162.12 1 0
github.com/MamangRust/monolith-payment-gateway-pkg/outbox/outbox.go:164.3,164.53 1 0
github.com/MamangRust/monolith-payment-gateway-pkg/outbox/outbox.go:164.53,166.4 1 0
github.com/MamangRust/monolith-payment-gateway-pkg/outbox/outbox.go:168.2,168.25 1 0
github.com/MamangRust/monolith-payment-gateway-pkg/outbox/outbox.go:171.68,175.31 4 0
github.com/MamangRust/monolith-payment-gateway-pkg/outbox/outbox.go:175.31,177.3 1 0
github.com/MamangRust/monolith-payment-gateway-pkg/outbox/outbox.go:177.8,183.22 3 0
github.com/MamangRust/monolith-payment-gateway-pkg/outbox/outbox.go:183.22,185.34 2 0
github.com/MamangRust/monolith-payment-gateway-pkg/outbox/outbox.go:185.34,190.5 1 0
github.com/MamangRust/monolith-payment-gateway-pkg/outbox/outbox.go:193.2,193.16 1 0
github.com/MamangRust/monolith-payment-gateway-pkg/outbox/outbox.go:193.16,195.3 1 0
github.com/MamangRust/monolith-payment-gateway-pkg/outbox/outbox.go:196.2,197.27 2 0
github.com/MamangRust/monolith-payment-gateway-pkg/outbox/outbox.go:197.27,202.3 1 0
github.com/MamangRust/monolith-payment-gateway-pkg/outbox/outbox.go:203.2,203.20 1 0
github.com/MamangRust/monolith-payment-gateway-pkg/outbox/outbox.go:206.72,207.34 1 0
github.com/MamangRust/monolith-payment-gateway-pkg/outbox/outbox.go:207.34,209.3 1 0
github.com/MamangRust/monolith-payment-gateway-pkg/outbox/outbox.go:210.2,210.83 1 0
github.com/MamangRust/monolith-payment-gateway-pkg/outbox/outbox.go:213.78,217.2 1 0
github.com/MamangRust/monolith-payment-gateway-pkg/outbox/outbox.go:219.93,221.43 2 0
github.com/MamangRust/monolith-payment-gateway-pkg/outbox/outbox.go:221.43,223.3 1 0
github.com/MamangRust/monolith-payment-gateway-pkg/outbox/outbox.go:224.2,225.17 2 0
github.com/MamangRust/monolith-payment-gateway-pkg/outbox/outbox.go:225.17,227.3 1 0
github.com/MamangRust/monolith-payment-gateway-pkg/outbox/outbox.go:228.2,233.4 2 0
github.com/MamangRust/monolith-payment-gateway-pkg/outbox/outbox.go:236.24,237.11 1 0
github.com/MamangRust/monolith-payment-gateway-pkg/outbox/outbox.go:237.11,239.3 1 0
github.com/MamangRust/monolith-payment-gateway-pkg/outbox/outbox.go:240.2,240.10 1 0
github.com/MamangRust/monolith-payment-gateway-pkg/server/server.go:53.56,54.17 1 0
github.com/MamangRust/monolith-payment-gateway-pkg/server/server.go:54.17,56.3 1 0
github.com/MamangRust/monolith-payment-gateway-pkg/server/server.go:59.44,60.39 1 0
github.com/MamangRust/monolith-payment-gateway-pkg/server/server.go:60.39,62.3 1 0
github.com/MamangRust/monolith-payment-gateway-pkg/server/server.go:64.2,64.43 1 0
github.com/MamangRust/monolith-payment-gateway-pkg/server/server.go:64.43,66.3 1 0
github.com/MamangRust/monolith-payment-gateway-pkg/server/server.go:68.2,69.61 2 0
github.com/MamangRust/monolith-payment-gateway-pkg/server/server.go:69.61,71.3 1 0
github.com/MamangRust/monolith-payment-gateway-pkg/server/server.go:73.2,74.16 2 0
github.com/MamangRust/monolith-payment-gateway-pkg/server/server.go:74.16,76.3 1 0
github.com/MamangRust/monolith-payment-gateway-pkg/server/server.go:78.2,79.16 2 0
github.com/MamangRust/monolith-payment-gateway-pkg/server/server.go:79.16,81.3 1 0
github.com/MamangRust/monolith-payment-gateway-pkg/server/server.go:83.2,84.16 2 0
github.com/MamangRust/monolith-payment-gateway-pkg/server/server.go:84.16,86.3 1 0
github.com/MamangRust/monolith-payment-gateway-pkg/server/server.go:87.2,90.16 3 0
github.com/MamangRust/monolith-payment-gateway-pkg/server/server.go:90.16,92.3 1 0
github.com/MamangRust/monolith-payment-gateway-pkg/server/server.go:94.2,97.16 3 0
github.com/MamangRust/monolith-payment-gateway-pkg/server/server.go:97.16,100.3 2 0
github.com/MamangRust/monolith-payment-gateway-pkg/server/server.go:102.2,115.8 2 0
github.com/MamangRust/monolith-payment-gateway-pkg/server/server.go:118.34,122.16 3 0
github.com/MamangRust/monolith-payment-gateway-pkg/server/server.go:122.16,124.3 1 0
github.com/MamangRust/monolith-payment-gateway-pkg/server/server.go:126.2,151.31 6 0
github.com/MamangRust/monolith-payment-gateway-pkg/server/server.go:151.31,153.3 1 0
github.com/MamangRust/monolith-payment-gateway-pkg/server/server.go:155.2,159.46 4 0
github.com/MamangRust/monolith-payment-gateway-pkg/server/server.go:159.46,162.3 2 0
github.com/MamangRust/monolith-payment-gateway-pkg/server/server.go:164.2,171.12 6 0
github.com/MamangRust/monolith-payment-gateway-pkg/server/server.go:171.12,176.47 2 0
github.com/MamangRust/monolith-payment-gateway-pkg/server/server.go:176.47,178.4 1 0
github.com/MamangRust/monolith-payment-gateway-pkg/server/server.go:181.2,181.9 1 0
github.com/MamangRust/monolith-payment-gateway-pkg/server/server.go:182.24,183.80 1 0
github.com/MamangRust/monolith-payment-gateway-pkg/server/server.go:184.24,186.13 2 0
github.com/MamangRust/monolith-payment-gateway-pkg/server/server.go:189.2,189.82 1 0
github.com/MamangRust/monolith-payment-gateway-pkg/server/server.go:196.9,207.12 7 0
github.com/MamangRust/monolith-payment-gateway-pkg/server/server.go:207.12,211.3 3 0
github.com/MamangRust/monolith-payment-gateway-pkg/server/server.go:213.2,213.9 1 0
github.com/MamangRust/monolith-payment-gateway-pkg/server/server.go:214.19,215.57 1 0
github.com/MamangRust/monolith-payment-gateway-pkg/server/server.go:216.28,217.67 1 0
github.com/MamangRust/monolith-payment-gateway-pkg/server/server.go:220.2,221.12 2 0
github.com/MamangRust/monolith-payment-gateway-pkg/server/server.go:221.12,224.3 2 0
github.com/MamangRust/monolith-payment-gateway-pkg/server/server.go:226.2,226.9 1 0
github.com/MamangRust/monolith-payment-gateway-pkg/server/server.go:227.17,228.50 1 0
github.com/MamangRust/monolith-payment-gateway-pkg/server/server.go:229.28,231.20 2 0
github.com/MamangRust/monolith-payment-gateway-pkg/server/server.go:234.2,235.12 2 0
github.com/MamangRust/monolith-payment-gateway-pkg/server/server.go:238.32,241.48 2 0
github.com/MamangRust/monolith-payment-gateway-pkg/server/server.go:241.48,242.45 1 0
github.com/MamangRust/monolith-payment-gateway-pkg/server/server.go:242.45,244.4 1 0
github.com/MamangRust/monolith-payment-gateway-pkg/server/server.go:247.2,247.21 1 0
github.com/MamangRust/monolith-payment-gateway-pkg/server/server.go:247.21,250.3 2 0
github.com/MamangRust/monolith-payment-gateway-pkg/server/server.go:252.2,252.21 1 0
github.com/MamangRust/monolith-payment-gateway-pkg/server/server.go:252.21,253.46 1 0
github.com/MamangRust/monolith-payment-gateway-pkg/server/server.go:253.46,254.40 1 0
github.com/MamangRust/monolith-payment-gateway-pkg/server/server.go:254.40,256.5 1 0
github.com/MamangRust/monolith-payment-gateway-pkg/server/server.go:256.10,258.5 1 0
github.com/MamangRust/monolith-payment-gateway-pkg/server/server.go:262.2,262.20 1 0
github.com/MamangRust/monolith-payment-gateway-pkg/server/server.go:262.20,263.41 1 0
github.com/MamangRust/monolith-payment-gateway-pkg/server/server.go:263.41,265.4 1 0
github.com/MamangRust/monolith-payment-gateway-pkg/server/server.go:265.9,267.4 1 0
github.com/MamangRust/monolith-payment-gateway-pkg/server/server.go:270.2,270.24 1 0
github.com/MamangRust/monolith-payment-gateway-pkg/server/server.go:270.24,271.68 1 0
github.com/MamangRust/monolith-payment-gateway-pkg/server/server.go:271.68,273.4 1 0
github.com/MamangRust/monolith-payment-gateway-pkg/server/server.go:273.9,275.4 1 0
github.com/MamangRust/monolith-payment-gateway-pkg/server/server.go:278.2,278.36 1 0
github.com/MamangRust/monolith-payment-gateway-pkg/server/server.go:281.39,282.46 1 0
github.com/MamangRust/monolith-payment-gateway-pkg/server/server.go:282.46,284.3 1 0
github.com/MamangRust/monolith-payment-gateway-pkg/server/server.go:286.2,302.12 2 0
github.com/MamangRust/monolith-payment-gateway-pkg/server/server.go:305.53,316.2 1 0
github.com/MamangRust/monolith-payment-gateway-pkg/server/server.go:321.41,322.34 1 0
github.com/MamangRust/monolith-payment-gateway-pkg/server/server.go:322.34,324.3 1 0
github.com/MamangRust/monolith-payment-gateway-pkg/server/server.go:325.2,325.17 1 0
github.com/MamangRust/monolith-payment-gateway-pkg/server/server.go:328.117,333.63 2 0
github.com/MamangRust/monolith-payment-gateway-pkg/server/server.go:333.63,335.18 2 0
github.com/MamangRust/monolith-payment-gateway-pkg/server/server.go:335.18,337.4 1 0
github.com/MamangRust/monolith-payment-gateway-pkg/server/server.go:338.3,338.18 1 0
github.com/MamangRust/monolith-payment-gateway-pkg/server/server.go:338.18,340.4 1 0
github.com/MamangRust/monolith-payment-gateway-pkg/server/server.go:341.3,341.15 1 0
github.com/MamangRust/monolith-payment-gateway-pkg/server/server.go:344.2,346.16 3 0
github.com/MamangRust/monolith-payment-gateway-pkg/server/server.go:346.16,348.3 1 0
github.com/MamangRust/monolith-payment-gateway-pkg/server/server.go:350.2,352.13 3 0
github.com/MamangRust/monolith-payment-gateway-pkg/server/server.go:352.13,354.3 1 0
github.com/MamangRust/monolith-payment-gateway-pkg/server/server.go:356.2,369.51 4 0
github.com/MamangRust/monolith-payment-gateway-pkg/server/server.go:369.51,372.3 2 0
github.com/MamangRust/monolith-payment-gateway-pkg/server/server.go:374.2,375.20 2 0
github.com/MamangRust/monolith-payment-gateway-pkg/server/server.go:378.60,380.12 2 0
github.com/MamangRust/monolith-payment-gateway-pkg/server/server.go:380.12,384.7 4 0
github.com/MamangRust/monolith-payment-gateway-pkg/server/server.go:384.7,385.11 1 0
github.com/MamangRust/monolith-payment-gateway-pkg/server/server.go:386.24,387.11 1 0
github.com/MamangRust/monolith-payment-gateway-pkg/server/server.go:388.20,389.21 1 0
github.com/MamangRust/monolith-payment-gateway-pkg/server/server.go:393.2,393.13 1 0
github.com/MamangRust/monolith-payment-gateway-pkg/server/server.go:396.37,399.16 3 0
github.com/MamangRust/monolith-payment-gateway-pkg/server/server.go:399.16,402.3 2 0
github.com/MamangRust/monolith-payment-gateway-pkg/server/server.go:403.2,404.39 2 0
github.com/MamangRust/monolith-payment-gateway-pkg/server/server.go:404.39,406.3 1 0
github.com/MamangRust/monolith-payment-gateway-pkg/server/server.go:407.2,407.67 1 0
github.com/MamangRust/monolith-payment-gateway-pkg/server/server.go:407.67,414.3 1 0
github.com/MamangRust/monolith-payment-gateway-pkg/server/server.go:417.57,419.12 2 0
github.com/MamangRust/monolith-payment-gateway-pkg/server/server.go:419.12,423.7 4 0
github.com/MamangRust/monolith-payment-gateway-pkg/server/server.go:423.7,424.11 1 0
github.com/MamangRust/monolith-payment-gateway-pkg/server/server.go:425.24,426.11 1 0
github.com/MamangRust/monolith-payment-gateway-pkg/server/server.go:427.20,428.37 1 0
github.com/MamangRust/monolith-payment-gateway-pkg/server/server.go:432.2,432.13 1 0
github.com/MamangRust/monolith-payment-gateway-pkg/trace_unic/trace_kode_unik.go:16.44,20.2 3 1
github.com/MamangRust/monolith-payment-gateway-pkg/hash/hash.go:25.40,27.2 1 3
github.com/MamangRust/monolith-payment-gateway-pkg/hash/hash.go:39.64,42.16 3 3
github.com/MamangRust/monolith-payment-gateway-pkg/hash/hash.go:42.16,44.3 1 0
github.com/MamangRust/monolith-payment-gateway-pkg/hash/hash.go:45.2,45.30 1 3
github.com/MamangRust/monolith-payment-gateway-pkg/hash/hash.go:57.78,59.2 1 2
